[33m2021-02-15 19:22:28,961[m [main] [31mERROR[m com.egehurturk.httpd.HttpRequest - Request line (e.g. GET /index HTTP/1.1 is not found
[33m2021-02-15 19:22:28,962[m [main] [31mERROR[m com.egehurturk.httpd.HttpRequest - Request does not match HTTP standards. Check the request againand/or read RCF standards. Request should contain at least method ("GET, POST"), HTTP scheme ("HTTP/1.1"), and path
[33m2021-02-15 19:22:29,007[m [main] [31mERROR[m com.egehurturk.httpd.HttpRequest - Request does not match HTTP standards. Check the request againand/or read RCF standards. Request should contain at least method ("GET, POST"), HTTP scheme ("HTTP/1.1"), and path
[33m2021-02-15 19:22:29,029[m [main] [31mERROR[m com.egehurturk.httpd.HttpRequest - Request does not match HTTP standards. Check the request againand/or read RCF standards. Request should contain at least method ("GET, POST"), HTTP scheme ("HTTP/1.1"), and path
[33m2021-02-15 19:22:29,054[m [main] [31mERROR[m com.egehurturk.httpd.HttpRequest - Request does not match HTTP standards. Check the request againand/or read RCF standards. Request should contain at least method ("GET, POST"), HTTP scheme ("HTTP/1.1"), and path
[33m2021-02-15 19:22:29,061[m [main] [31mERROR[m com.egehurturk.httpd.HttpRequest - Request does not match HTTP standards. Check the request againand/or read RCF standards. Request should contain at least method ("GET, POST"), HTTP scheme ("HTTP/1.1"), and path
[33m2021-02-15 19:22:29,065[m [main] [31mERROR[m com.egehurturk.httpd.HttpRequest - Request does not match HTTP standards. Check the request againand/or read RCF standards. Request should contain at least method ("GET, POST"), HTTP scheme ("HTTP/1.1"), and path
[33m2021-02-15 19:22:29,070[m [main] [31mERROR[m com.egehurturk.httpd.HttpRequest - Request does not match HTTP standards. Check the request againand/or read RCF standards. Request should contain at least method ("GET, POST"), HTTP scheme ("HTTP/1.1"), and path
[33m2021-02-15 19:22:29,072[m [main] [31mERROR[m com.egehurturk.httpd.HttpRequest - Input stream of client is null, or empty, Check for client connection
[33m2021-02-15 19:22:29,077[m [main] [31mERROR[m com.egehurturk.httpd.HttpRequest - Request does not match HTTP standards. Check the request againand/or read RCF standards. Request should contain at least method ("GET, POST"), HTTP scheme ("HTTP/1.1"), and path
[33m2021-02-15 19:22:49,679[m [main] [31mERROR[m com.egehurturk.handlers.FileResponse - Body of JSON request is empty. Server automatically created JSON body.
[33m2021-02-15 19:22:49,712[m [main] [31mERROR[m com.egehurturk.handlers.FileResponse - Body of JSON request is empty. Server automatically created JSON body.
[33m2021-02-15 19:22:49,743[m [main] [31mERROR[m com.egehurturk.handlers.FileResponse - Body of JSON request is empty. Server automatically created JSON body.
[33m2021-02-15 19:22:49,748[m [main] [31mERROR[m com.egehurturk.handlers.FileResponse - Body of JSON request is empty. Server automatically created JSON body.
[33m2021-02-15 19:22:49,753[m [main] [31mERROR[m com.egehurturk.handlers.FileResponse - Body of JSON request is empty. Server automatically created JSON body.
[33m2021-02-15 19:22:49,764[m [main] [31mERROR[m com.egehurturk.handlers.FileResponse - Body of JSON request is empty. Server automatically created JSON body.
[33m2021-02-15 19:22:49,769[m [main] [31mERROR[m com.egehurturk.handlers.FileResponse - Body of JSON request is empty. Server automatically created JSON body.
[33m2021-02-15 19:22:49,783[m [main] [31mERROR[m com.egehurturk.handlers.FileResponse - Body of JSON request is empty. Server automatically created JSON body.
[33m2021-02-15 19:22:49,791[m [main] [31mERROR[m com.egehurturk.handlers.FileResponse - Body of JSON request is empty. Server automatically created JSON body.
[33m2021-02-15 19:22:49,797[m [main] [31mERROR[m com.egehurturk.handlers.FileResponse - Body of JSON request is empty. Server automatically created JSON body.
[33m2021-02-15 19:22:49,807[m [main] [31mERROR[m com.egehurturk.handlers.FileResponse - Body of JSON request is empty. Server automatically created JSON body.
[33m2021-02-15 19:22:49,817[m [main] [31mERROR[m com.egehurturk.handlers.FileResponse - Body of JSON request is empty. Server automatically created JSON body.
[33m2021-02-15 19:22:49,821[m [main] [31mERROR[m com.egehurturk.handlers.FileResponse - Body of JSON request is empty. Server automatically created JSON body.
[33m2021-02-15 19:26:34,878[m [main] [31mERROR[m com.egehurturk.handlers.FileResponse - Body of JSON request is empty. Server automatically created JSON body.
[33m2021-02-15 19:26:34,906[m [main] [31mERROR[m com.egehurturk.handlers.FileResponse - Body of JSON request is empty. Server automatically created JSON body.
[33m2021-02-15 19:26:34,928[m [main] [31mERROR[m com.egehurturk.handlers.FileResponse - Body of JSON request is empty. Server automatically created JSON body.
[33m2021-02-15 19:26:34,931[m [main] [31mERROR[m com.egehurturk.handlers.FileResponse - Body of JSON request is empty. Server automatically created JSON body.
[33m2021-02-15 19:26:34,935[m [main] [31mERROR[m com.egehurturk.handlers.FileResponse - Body of JSON request is empty. Server automatically created JSON body.
[33m2021-02-15 19:26:34,944[m [main] [31mERROR[m com.egehurturk.handlers.FileResponse - Body of JSON request is empty. Server automatically created JSON body.
[33m2021-02-15 19:26:34,948[m [main] [31mERROR[m com.egehurturk.handlers.FileResponse - Body of JSON request is empty. Server automatically created JSON body.
[33m2021-02-15 19:26:34,957[m [main] [31mERROR[m com.egehurturk.handlers.FileResponse - Body of JSON request is empty. Server automatically created JSON body.
[33m2021-02-15 19:26:34,964[m [main] [31mERROR[m com.egehurturk.handlers.FileResponse - Body of JSON request is empty. Server automatically created JSON body.
[33m2021-02-15 19:26:34,966[m [main] [31mERROR[m com.egehurturk.handlers.FileResponse - Body of JSON request is empty. Server automatically created JSON body.
[33m2021-02-15 19:26:34,974[m [main] [31mERROR[m com.egehurturk.handlers.FileResponse - Body of JSON request is empty. Server automatically created JSON body.
[33m2021-02-15 19:26:34,983[m [main] [31mERROR[m com.egehurturk.handlers.FileResponse - Body of JSON request is empty. Server automatically created JSON body.
[33m2021-02-15 19:26:34,986[m [main] [31mERROR[m com.egehurturk.handlers.FileResponse - Body of JSON request is empty. Server automatically created JSON body.
[33m2021-02-15 19:27:04,728[m [main] [31mERROR[m com.egehurturk.handlers.FileResponse - Body of JSON request is empty. Server automatically created JSON body.
[33m2021-02-15 19:27:04,756[m [main] [31mERROR[m com.egehurturk.handlers.FileResponse - Body of JSON request is empty. Server automatically created JSON body.
[33m2021-02-15 19:27:04,772[m [main] [31mERROR[m com.egehurturk.handlers.FileResponse - Body of JSON request is empty. Server automatically created JSON body.
[33m2021-02-15 19:27:04,776[m [main] [31mERROR[m com.egehurturk.handlers.FileResponse - Body of JSON request is empty. Server automatically created JSON body.
[33m2021-02-15 19:27:04,780[m [main] [31mERROR[m com.egehurturk.handlers.FileResponse - Body of JSON request is empty. Server automatically created JSON body.
[33m2021-02-15 19:27:04,794[m [main] [31mERROR[m com.egehurturk.handlers.FileResponse - Body of JSON request is empty. Server automatically created JSON body.
[33m2021-02-15 19:27:04,797[m [main] [31mERROR[m com.egehurturk.handlers.FileResponse - Body of JSON request is empty. Server automatically created JSON body.
[33m2021-02-15 19:27:04,806[m [main] [31mERROR[m com.egehurturk.handlers.FileResponse - Body of JSON request is empty. Server automatically created JSON body.
[33m2021-02-15 19:27:04,813[m [main] [31mERROR[m com.egehurturk.handlers.FileResponse - Body of JSON request is empty. Server automatically created JSON body.
[33m2021-02-15 19:27:04,816[m [main] [31mERROR[m com.egehurturk.handlers.FileResponse - Body of JSON request is empty. Server automatically created JSON body.
[33m2021-02-15 19:27:04,824[m [main] [31mERROR[m com.egehurturk.handlers.FileResponse - Body of JSON request is empty. Server automatically created JSON body.
[33m2021-02-15 19:27:04,832[m [main] [31mERROR[m com.egehurturk.handlers.FileResponse - Body of JSON request is empty. Server automatically created JSON body.
[33m2021-02-15 19:27:04,835[m [main] [31mERROR[m com.egehurturk.handlers.FileResponse - Body of JSON request is empty. Server automatically created JSON body.
[33m2021-02-15 19:27:12,235[m [main] [31mERROR[m com.egehurturk.httpd.HttpRequest - Request line (e.g. GET /index HTTP/1.1 is not found
[33m2021-02-15 19:27:12,236[m [main] [31mERROR[m com.egehurturk.httpd.HttpRequest - Request does not match HTTP standards. Check the request againand/or read RCF standards. Request should contain at least method ("GET, POST"), HTTP scheme ("HTTP/1.1"), and path
[33m2021-02-15 19:27:12,273[m [main] [31mERROR[m com.egehurturk.httpd.HttpRequest - Request does not match HTTP standards. Check the request againand/or read RCF standards. Request should contain at least method ("GET, POST"), HTTP scheme ("HTTP/1.1"), and path
[33m2021-02-15 19:27:12,285[m [main] [31mERROR[m com.egehurturk.httpd.HttpRequest - Request does not match HTTP standards. Check the request againand/or read RCF standards. Request should contain at least method ("GET, POST"), HTTP scheme ("HTTP/1.1"), and path
[33m2021-02-15 19:27:12,297[m [main] [31mERROR[m com.egehurturk.httpd.HttpRequest - Request does not match HTTP standards. Check the request againand/or read RCF standards. Request should contain at least method ("GET, POST"), HTTP scheme ("HTTP/1.1"), and path
[33m2021-02-15 19:27:12,301[m [main] [31mERROR[m com.egehurturk.httpd.HttpRequest - Request does not match HTTP standards. Check the request againand/or read RCF standards. Request should contain at least method ("GET, POST"), HTTP scheme ("HTTP/1.1"), and path
[33m2021-02-15 19:27:12,304[m [main] [31mERROR[m com.egehurturk.httpd.HttpRequest - Request does not match HTTP standards. Check the request againand/or read RCF standards. Request should contain at least method ("GET, POST"), HTTP scheme ("HTTP/1.1"), and path
[33m2021-02-15 19:27:12,306[m [main] [31mERROR[m com.egehurturk.httpd.HttpRequest - Request does not match HTTP standards. Check the request againand/or read RCF standards. Request should contain at least method ("GET, POST"), HTTP scheme ("HTTP/1.1"), and path
[33m2021-02-15 19:27:12,308[m [main] [31mERROR[m com.egehurturk.httpd.HttpRequest - Input stream of client is null, or empty, Check for client connection
[33m2021-02-15 19:27:12,311[m [main] [31mERROR[m com.egehurturk.httpd.HttpRequest - Request does not match HTTP standards. Check the request againand/or read RCF standards. Request should contain at least method ("GET, POST"), HTTP scheme ("HTTP/1.1"), and path
[33m2021-02-15 19:27:12,345[m [main] [31mERROR[m com.egehurturk.handlers.FileResponse - Body of JSON request is empty. Server automatically created JSON body.
[33m2021-02-15 19:27:12,358[m [main] [31mERROR[m com.egehurturk.handlers.FileResponse - Body of JSON request is empty. Server automatically created JSON body.
[33m2021-02-15 19:27:12,368[m [main] [31mERROR[m com.egehurturk.handlers.FileResponse - Body of JSON request is empty. Server automatically created JSON body.
[33m2021-02-15 19:27:12,370[m [main] [31mERROR[m com.egehurturk.handlers.FileResponse - Body of JSON request is empty. Server automatically created JSON body.
[33m2021-02-15 19:27:12,373[m [main] [31mERROR[m com.egehurturk.handlers.FileResponse - Body of JSON request is empty. Server automatically created JSON body.
[33m2021-02-15 19:27:12,383[m [main] [31mERROR[m com.egehurturk.handlers.FileResponse - Body of JSON request is empty. Server automatically created JSON body.
[33m2021-02-15 19:27:12,386[m [main] [31mERROR[m com.egehurturk.handlers.FileResponse - Body of JSON request is empty. Server automatically created JSON body.
[33m2021-02-15 19:27:12,394[m [main] [31mERROR[m com.egehurturk.handlers.FileResponse - Body of JSON request is empty. Server automatically created JSON body.
[33m2021-02-15 19:27:12,399[m [main] [31mERROR[m com.egehurturk.handlers.FileResponse - Body of JSON request is empty. Server automatically created JSON body.
[33m2021-02-15 19:27:12,401[m [main] [31mERROR[m com.egehurturk.handlers.FileResponse - Body of JSON request is empty. Server automatically created JSON body.
[33m2021-02-15 19:27:12,406[m [main] [31mERROR[m com.egehurturk.handlers.FileResponse - Body of JSON request is empty. Server automatically created JSON body.
[33m2021-02-15 19:27:12,411[m [main] [31mERROR[m com.egehurturk.handlers.FileResponse - Body of JSON request is empty. Server automatically created JSON body.
[33m2021-02-15 19:27:12,413[m [main] [31mERROR[m com.egehurturk.handlers.FileResponse - Body of JSON request is empty. Server automatically created JSON body.
[33m2021-02-15 19:28:34,511[m [pool-2-thread-2] [31mERROR[m com.egehurturk.handlers.HttpHandler - File size is too large
[33m2021-02-15 19:28:34,513[m [pool-2-thread-2] [31mERROR[m com.egehurturk.handlers.HttpHandler - Could not read file contents in memory
[33m2021-02-15 19:28:34,515[m [pool-2-thread-4] [31mERROR[m com.egehurturk.handlers.HttpHandler - File size is too large
[33m2021-02-15 19:28:34,516[m [pool-2-thread-4] [31mERROR[m com.egehurturk.handlers.HttpHandler - Could not read file contents in memory
[33m2021-02-15 19:28:41,002[m [pool-2-thread-6] [31mERROR[m com.egehurturk.handlers.HttpHandler - File size is too large
[33m2021-02-15 19:28:41,003[m [pool-2-thread-6] [31mERROR[m com.egehurturk.handlers.HttpHandler - Could not read file contents in memory
[33m2021-02-15 19:28:41,005[m [pool-2-thread-7] [31mERROR[m com.egehurturk.handlers.HttpHandler - File size is too large
[33m2021-02-15 19:28:41,005[m [pool-2-thread-7] [31mERROR[m com.egehurturk.handlers.HttpHandler - Could not read file contents in memory
[33m2021-02-15 19:28:41,008[m [pool-2-thread-10] [31mERROR[m com.egehurturk.handlers.HttpHandler - File size is too large
[33m2021-02-15 19:28:41,008[m [pool-2-thread-10] [31mERROR[m com.egehurturk.handlers.HttpHandler - Could not read file contents in memory
[33m2021-02-15 19:28:42,053[m [pool-2-thread-12] [31mERROR[m com.egehurturk.handlers.HttpHandler - File size is too large
[33m2021-02-15 19:28:42,054[m [pool-2-thread-12] [31mERROR[m com.egehurturk.handlers.HttpHandler - Could not read file contents in memory
[33m2021-02-15 19:28:42,056[m [pool-2-thread-13] [31mERROR[m com.egehurturk.handlers.HttpHandler - File size is too large
[33m2021-02-15 19:28:42,057[m [pool-2-thread-13] [31mERROR[m com.egehurturk.handlers.HttpHandler - Could not read file contents in memory
[33m2021-02-15 19:28:42,060[m [pool-2-thread-16] [31mERROR[m com.egehurturk.handlers.HttpHandler - File size is too large
[33m2021-02-15 19:28:42,060[m [pool-2-thread-16] [31mERROR[m com.egehurturk.handlers.HttpHandler - Could not read file contents in memory
[33m2021-02-15 19:28:47,096[m [pool-2-thread-18] [31mERROR[m com.egehurturk.handlers.HttpHandler - File size is too large
[33m2021-02-15 19:28:47,097[m [pool-2-thread-18] [31mERROR[m com.egehurturk.handlers.HttpHandler - Could not read file contents in memory
[33m2021-02-15 19:28:47,099[m [pool-2-thread-19] [31mERROR[m com.egehurturk.handlers.HttpHandler - File size is too large
[33m2021-02-15 19:28:47,099[m [pool-2-thread-19] [31mERROR[m com.egehurturk.handlers.HttpHandler - Could not read file contents in memory
[33m2021-02-15 19:28:47,102[m [pool-2-thread-22] [31mERROR[m com.egehurturk.handlers.HttpHandler - File size is too large
[33m2021-02-15 19:28:47,102[m [pool-2-thread-22] [31mERROR[m com.egehurturk.handlers.HttpHandler - Could not read file contents in memory
[33m2021-02-15 19:29:17,125[m [pool-2-thread-24] [31mERROR[m com.egehurturk.handlers.HttpHandler - File size is too large
[33m2021-02-15 19:29:17,126[m [pool-2-thread-24] [31mERROR[m com.egehurturk.handlers.HttpHandler - Could not read file contents in memory
[33m2021-02-15 19:29:17,128[m [pool-2-thread-25] [31mERROR[m com.egehurturk.handlers.HttpHandler - File size is too large
[33m2021-02-15 19:29:17,128[m [pool-2-thread-25] [31mERROR[m com.egehurturk.handlers.HttpHandler - Could not read file contents in memory
[33m2021-02-15 19:29:17,130[m [pool-2-thread-28] [31mERROR[m com.egehurturk.handlers.HttpHandler - File size is too large
[33m2021-02-15 19:29:17,131[m [pool-2-thread-28] [31mERROR[m com.egehurturk.handlers.HttpHandler - Could not read file contents in memory
[33m2021-02-15 19:31:27,577[m [pool-2-thread-31] [31mERROR[m com.egehurturk.handlers.HttpHandler - File size is too large
[33m2021-02-15 19:31:27,577[m [pool-2-thread-31] [31mERROR[m com.egehurturk.handlers.HttpHandler - Could not read file contents in memory
[33m2021-02-15 19:31:27,580[m [pool-2-thread-33] [31mERROR[m com.egehurturk.handlers.HttpHandler - File size is too large
[33m2021-02-15 19:31:27,580[m [pool-2-thread-33] [31mERROR[m com.egehurturk.handlers.HttpHandler - Could not read file contents in memory
[33m2021-02-15 19:31:35,193[m [pool-2-thread-35] [31mERROR[m com.egehurturk.handlers.HttpHandler - File size is too large
[33m2021-02-15 19:31:35,194[m [pool-2-thread-35] [31mERROR[m com.egehurturk.handlers.HttpHandler - Could not read file contents in memory
[33m2021-02-15 19:31:35,196[m [pool-2-thread-36] [31mERROR[m com.egehurturk.handlers.HttpHandler - File size is too large
[33m2021-02-15 19:31:35,196[m [pool-2-thread-36] [31mERROR[m com.egehurturk.handlers.HttpHandler - Could not read file contents in memory
[33m2021-02-15 19:31:35,199[m [pool-2-thread-39] [31mERROR[m com.egehurturk.handlers.HttpHandler - File size is too large
[33m2021-02-15 19:31:35,200[m [pool-2-thread-39] [31mERROR[m com.egehurturk.handlers.HttpHandler - Could not read file contents in memory
[33m2021-02-15 19:31:36,241[m [pool-2-thread-41] [31mERROR[m com.egehurturk.handlers.HttpHandler - File size is too large
[33m2021-02-15 19:31:36,242[m [pool-2-thread-41] [31mERROR[m com.egehurturk.handlers.HttpHandler - Could not read file contents in memory
[33m2021-02-15 19:31:36,244[m [pool-2-thread-42] [31mERROR[m com.egehurturk.handlers.HttpHandler - File size is too large
[33m2021-02-15 19:31:36,244[m [pool-2-thread-42] [31mERROR[m com.egehurturk.handlers.HttpHandler - Could not read file contents in memory
[33m2021-02-15 19:31:36,246[m [pool-2-thread-45] [31mERROR[m com.egehurturk.handlers.HttpHandler - File size is too large
[33m2021-02-15 19:31:36,247[m [pool-2-thread-45] [31mERROR[m com.egehurturk.handlers.HttpHandler - Could not read file contents in memory
[33m2021-02-15 19:32:17,371[m [pool-2-thread-2] [31mERROR[m com.egehurturk.handlers.HttpHandler - File size is too large
[33m2021-02-15 19:32:17,372[m [pool-2-thread-2] [31mERROR[m com.egehurturk.handlers.HttpHandler - Could not read file contents in memory
[33m2021-02-15 19:32:17,411[m [pool-2-thread-3] [31mERROR[m com.egehurturk.handlers.HttpHandler - File size is too large
[33m2021-02-15 19:32:17,413[m [pool-2-thread-3] [31mERROR[m com.egehurturk.handlers.HttpHandler - Could not read file contents in memory
[33m2021-02-15 19:32:17,415[m [pool-2-thread-6] [31mERROR[m com.egehurturk.handlers.HttpHandler - File size is too large
[33m2021-02-15 19:32:17,416[m [pool-2-thread-6] [31mERROR[m com.egehurturk.handlers.HttpHandler - Could not read file contents in memory
[33m2021-02-15 19:32:18,455[m [pool-2-thread-8] [31mERROR[m com.egehurturk.handlers.HttpHandler - File size is too large
[33m2021-02-15 19:32:18,455[m [pool-2-thread-8] [31mERROR[m com.egehurturk.handlers.HttpHandler - Could not read file contents in memory
[33m2021-02-15 19:32:18,457[m [pool-2-thread-9] [31mERROR[m com.egehurturk.handlers.HttpHandler - File size is too large
[33m2021-02-15 19:32:18,458[m [pool-2-thread-9] [31mERROR[m com.egehurturk.handlers.HttpHandler - Could not read file contents in memory
[33m2021-02-15 19:32:18,460[m [pool-2-thread-12] [31mERROR[m com.egehurturk.handlers.HttpHandler - File size is too large
[33m2021-02-15 19:32:18,461[m [pool-2-thread-12] [31mERROR[m com.egehurturk.handlers.HttpHandler - Could not read file contents in memory
[33m2021-02-15 19:32:23,483[m [pool-2-thread-14] [31mERROR[m com.egehurturk.handlers.HttpHandler - File size is too large
[33m2021-02-15 19:32:23,484[m [pool-2-thread-14] [31mERROR[m com.egehurturk.handlers.HttpHandler - Could not read file contents in memory
[33m2021-02-15 19:32:23,486[m [pool-2-thread-15] [31mERROR[m com.egehurturk.handlers.HttpHandler - File size is too large
[33m2021-02-15 19:32:23,486[m [pool-2-thread-15] [31mERROR[m com.egehurturk.handlers.HttpHandler - Could not read file contents in memory
[33m2021-02-15 19:32:23,494[m [pool-2-thread-18] [31mERROR[m com.egehurturk.handlers.HttpHandler - File size is too large
[33m2021-02-15 19:32:23,495[m [pool-2-thread-18] [31mERROR[m com.egehurturk.handlers.HttpHandler - Could not read file contents in memory
[33m2021-02-15 21:15:52,033[m [main] [31mERROR[m com.egehurturk.httpd.HttpRequest - Request line (e.g. GET /index HTTP/1.1 is not found
[33m2021-02-15 21:15:52,034[m [main] [31mERROR[m com.egehurturk.httpd.HttpRequest - Request does not match HTTP standards. Check the request againand/or read RCF standards. Request should contain at least method ("GET, POST"), HTTP scheme ("HTTP/1.1"), and path
[33m2021-02-15 21:15:52,074[m [main] [31mERROR[m com.egehurturk.httpd.HttpRequest - Request does not match HTTP standards. Check the request againand/or read RCF standards. Request should contain at least method ("GET, POST"), HTTP scheme ("HTTP/1.1"), and path
[33m2021-02-15 21:15:52,084[m [main] [31mERROR[m com.egehurturk.httpd.HttpRequest - Request does not match HTTP standards. Check the request againand/or read RCF standards. Request should contain at least method ("GET, POST"), HTTP scheme ("HTTP/1.1"), and path
[33m2021-02-15 21:15:52,094[m [main] [31mERROR[m com.egehurturk.httpd.HttpRequest - Request does not match HTTP standards. Check the request againand/or read RCF standards. Request should contain at least method ("GET, POST"), HTTP scheme ("HTTP/1.1"), and path
[33m2021-02-15 21:15:52,097[m [main] [31mERROR[m com.egehurturk.httpd.HttpRequest - Request does not match HTTP standards. Check the request againand/or read RCF standards. Request should contain at least method ("GET, POST"), HTTP scheme ("HTTP/1.1"), and path
[33m2021-02-15 21:15:52,099[m [main] [31mERROR[m com.egehurturk.httpd.HttpRequest - Request does not match HTTP standards. Check the request againand/or read RCF standards. Request should contain at least method ("GET, POST"), HTTP scheme ("HTTP/1.1"), and path
[33m2021-02-15 21:15:52,102[m [main] [31mERROR[m com.egehurturk.httpd.HttpRequest - Request does not match HTTP standards. Check the request againand/or read RCF standards. Request should contain at least method ("GET, POST"), HTTP scheme ("HTTP/1.1"), and path
[33m2021-02-15 21:15:52,103[m [main] [31mERROR[m com.egehurturk.httpd.HttpRequest - Input stream of client is null, or empty, Check for client connection
[33m2021-02-15 21:15:52,105[m [main] [31mERROR[m com.egehurturk.httpd.HttpRequest - Request does not match HTTP standards. Check the request againand/or read RCF standards. Request should contain at least method ("GET, POST"), HTTP scheme ("HTTP/1.1"), and path
[33m2021-02-15 21:15:52,136[m [main] [31mERROR[m com.egehurturk.handlers.FileResponse - Body of JSON request is empty. Server automatically created JSON body.
[33m2021-02-15 21:15:52,145[m [main] [31mERROR[m com.egehurturk.handlers.FileResponse - Body of JSON request is empty. Server automatically created JSON body.
[33m2021-02-15 21:15:52,153[m [main] [31mERROR[m com.egehurturk.handlers.FileResponse - Body of JSON request is empty. Server automatically created JSON body.
[33m2021-02-15 21:15:52,155[m [main] [31mERROR[m com.egehurturk.handlers.FileResponse - Body of JSON request is empty. Server automatically created JSON body.
[33m2021-02-15 21:15:52,157[m [main] [31mERROR[m com.egehurturk.handlers.FileResponse - Body of JSON request is empty. Server automatically created JSON body.
[33m2021-02-15 21:15:52,167[m [main] [31mERROR[m com.egehurturk.handlers.FileResponse - Body of JSON request is empty. Server automatically created JSON body.
[33m2021-02-15 21:15:52,169[m [main] [31mERROR[m com.egehurturk.handlers.FileResponse - Body of JSON request is empty. Server automatically created JSON body.
[33m2021-02-15 21:15:52,174[m [main] [31mERROR[m com.egehurturk.handlers.FileResponse - Body of JSON request is empty. Server automatically created JSON body.
[33m2021-02-15 21:15:52,177[m [main] [31mERROR[m com.egehurturk.handlers.FileResponse - Body of JSON request is empty. Server automatically created JSON body.
[33m2021-02-15 21:15:52,180[m [main] [31mERROR[m com.egehurturk.handlers.FileResponse - Body of JSON request is empty. Server automatically created JSON body.
[33m2021-02-15 21:15:52,184[m [main] [31mERROR[m com.egehurturk.handlers.FileResponse - Body of JSON request is empty. Server automatically created JSON body.
[33m2021-02-15 21:15:52,187[m [main] [31mERROR[m com.egehurturk.handlers.FileResponse - Body of JSON request is empty. Server automatically created JSON body.
[33m2021-02-15 21:15:52,188[m [main] [31mERROR[m com.egehurturk.handlers.FileResponse - Body of JSON request is empty. Server automatically created JSON body.
[33m2021-02-15 21:17:04,663[m [pool-2-thread-2] [31mERROR[m com.egehurturk.handlers.HttpHandler - File size is too large
[33m2021-02-15 21:17:04,665[m [pool-2-thread-2] [31mERROR[m com.egehurturk.handlers.HttpHandler - Could not read file contents in memory
[33m2021-02-15 21:17:04,669[m [pool-2-thread-3] [31mERROR[m com.egehurturk.handlers.HttpHandler - File size is too large
[33m2021-02-15 21:17:04,671[m [pool-2-thread-3] [31mERROR[m com.egehurturk.handlers.HttpHandler - Could not read file contents in memory
[33m2021-02-15 21:17:04,678[m [pool-2-thread-6] [31mERROR[m com.egehurturk.handlers.HttpHandler - File size is too large
[33m2021-02-15 21:17:04,809[m [pool-2-thread-6] [31mERROR[m com.egehurturk.handlers.HttpHandler - Could not read file contents in memory
[33m2021-02-15 21:17:05,896[m [pool-2-thread-8] [31mERROR[m com.egehurturk.handlers.HttpHandler - File size is too large
[33m2021-02-15 21:17:05,896[m [pool-2-thread-8] [31mERROR[m com.egehurturk.handlers.HttpHandler - Could not read file contents in memory
[33m2021-02-15 21:17:05,898[m [pool-2-thread-9] [31mERROR[m com.egehurturk.handlers.HttpHandler - File size is too large
[33m2021-02-15 21:17:05,899[m [pool-2-thread-9] [31mERROR[m com.egehurturk.handlers.HttpHandler - Could not read file contents in memory
[33m2021-02-15 21:17:05,903[m [pool-2-thread-12] [31mERROR[m com.egehurturk.handlers.HttpHandler - File size is too large
[33m2021-02-15 21:17:05,904[m [pool-2-thread-12] [31mERROR[m com.egehurturk.handlers.HttpHandler - Could not read file contents in memory
[33m2021-02-15 21:17:10,954[m [pool-2-thread-14] [31mERROR[m com.egehurturk.handlers.HttpHandler - File size is too large
[33m2021-02-15 21:17:10,956[m [pool-2-thread-14] [31mERROR[m com.egehurturk.handlers.HttpHandler - Could not read file contents in memory
[33m2021-02-15 21:17:10,982[m [pool-2-thread-15] [31mERROR[m com.egehurturk.handlers.HttpHandler - File size is too large
[33m2021-02-15 21:17:11,004[m [pool-2-thread-15] [31mERROR[m com.egehurturk.handlers.HttpHandler - Could not read file contents in memory
[33m2021-02-15 21:17:11,029[m [pool-2-thread-18] [31mERROR[m com.egehurturk.handlers.HttpHandler - File size is too large
[33m2021-02-15 21:17:11,030[m [pool-2-thread-18] [31mERROR[m com.egehurturk.handlers.HttpHandler - Could not read file contents in memory
[33m2021-02-15 21:17:39,451[m [pool-2-thread-1] [31mERROR[m com.egehurturk.handlers.HttpHandler - File size is too large
[33m2021-02-15 21:17:39,452[m [pool-2-thread-1] [31mERROR[m com.egehurturk.handlers.HttpHandler - Could not read file contents in memory
[33m2021-02-15 21:17:41,063[m [pool-2-thread-3] [31mERROR[m com.egehurturk.handlers.HttpHandler - File size is too large
[33m2021-02-15 21:17:41,071[m [pool-2-thread-3] [31mERROR[m com.egehurturk.handlers.HttpHandler - Could not read file contents in memory
[33m2021-02-15 21:17:41,082[m [pool-2-thread-4] [31mERROR[m com.egehurturk.handlers.HttpHandler - File size is too large
[33m2021-02-15 21:17:41,083[m [pool-2-thread-4] [31mERROR[m com.egehurturk.handlers.HttpHandler - Could not read file contents in memory
[33m2021-02-15 21:17:41,089[m [pool-2-thread-7] [31mERROR[m com.egehurturk.handlers.HttpHandler - File size is too large
[33m2021-02-15 21:17:41,107[m [pool-2-thread-7] [31mERROR[m com.egehurturk.handlers.HttpHandler - Could not read file contents in memory
[33m2021-02-15 21:18:41,144[m [pool-2-thread-9] [31mERROR[m com.egehurturk.handlers.HttpHandler - File size is too large
[33m2021-02-15 21:18:41,146[m [pool-2-thread-9] [31mERROR[m com.egehurturk.handlers.HttpHandler - Could not read file contents in memory
[33m2021-02-15 21:18:41,150[m [pool-2-thread-10] [31mERROR[m com.egehurturk.handlers.HttpHandler - File size is too large
[33m2021-02-15 21:18:41,151[m [pool-2-thread-10] [31mERROR[m com.egehurturk.handlers.HttpHandler - Could not read file contents in memory
[33m2021-02-15 21:18:41,155[m [pool-2-thread-13] [31mERROR[m com.egehurturk.handlers.HttpHandler - File size is too large
[33m2021-02-15 21:18:41,156[m [pool-2-thread-13] [31mERROR[m com.egehurturk.handlers.HttpHandler - Could not read file contents in memory
[33m2021-02-15 21:29:40,526[m [pool-2-thread-6] [31mERROR[m com.egehurturk.handlers.HttpHandler - File size is too large
[33m2021-02-15 21:29:40,527[m [pool-2-thread-6] [31mERROR[m com.egehurturk.handlers.HttpHandler - Could not read file contents in memory
[33m2021-02-15 21:34:25,453[m [main] [31mERROR[m com.egehurturk.httpd.HttpRequest - Request line (e.g. GET /index HTTP/1.1 is not found
[33m2021-02-15 21:34:25,454[m [main] [31mERROR[m com.egehurturk.httpd.HttpRequest - Request does not match HTTP standards. Check the request againand/or read RCF standards. Request should contain at least method ("GET, POST"), HTTP scheme ("HTTP/1.1"), and path
[33m2021-02-15 21:34:25,486[m [main] [31mERROR[m com.egehurturk.httpd.HttpRequest - Request does not match HTTP standards. Check the request againand/or read RCF standards. Request should contain at least method ("GET, POST"), HTTP scheme ("HTTP/1.1"), and path
[33m2021-02-15 21:34:25,496[m [main] [31mERROR[m com.egehurturk.httpd.HttpRequest - Request does not match HTTP standards. Check the request againand/or read RCF standards. Request should contain at least method ("GET, POST"), HTTP scheme ("HTTP/1.1"), and path
[33m2021-02-15 21:34:25,506[m [main] [31mERROR[m com.egehurturk.httpd.HttpRequest - Request does not match HTTP standards. Check the request againand/or read RCF standards. Request should contain at least method ("GET, POST"), HTTP scheme ("HTTP/1.1"), and path
[33m2021-02-15 21:34:25,509[m [main] [31mERROR[m com.egehurturk.httpd.HttpRequest - Request does not match HTTP standards. Check the request againand/or read RCF standards. Request should contain at least method ("GET, POST"), HTTP scheme ("HTTP/1.1"), and path
[33m2021-02-15 21:34:25,511[m [main] [31mERROR[m com.egehurturk.httpd.HttpRequest - Request does not match HTTP standards. Check the request againand/or read RCF standards. Request should contain at least method ("GET, POST"), HTTP scheme ("HTTP/1.1"), and path
[33m2021-02-15 21:34:25,513[m [main] [31mERROR[m com.egehurturk.httpd.HttpRequest - Request does not match HTTP standards. Check the request againand/or read RCF standards. Request should contain at least method ("GET, POST"), HTTP scheme ("HTTP/1.1"), and path
[33m2021-02-15 21:34:25,515[m [main] [31mERROR[m com.egehurturk.httpd.HttpRequest - Input stream of client is null, or empty, Check for client connection
[33m2021-02-15 21:34:25,517[m [main] [31mERROR[m com.egehurturk.httpd.HttpRequest - Request does not match HTTP standards. Check the request againand/or read RCF standards. Request should contain at least method ("GET, POST"), HTTP scheme ("HTTP/1.1"), and path
[33m2021-02-15 21:34:25,546[m [main] [31mERROR[m com.egehurturk.handlers.FileResponse - Body of JSON request is empty. Server automatically created JSON body.
[33m2021-02-15 21:34:25,555[m [main] [31mERROR[m com.egehurturk.handlers.FileResponse - Body of JSON request is empty. Server automatically created JSON body.
[33m2021-02-15 21:34:25,564[m [main] [31mERROR[m com.egehurturk.handlers.FileResponse - Body of JSON request is empty. Server automatically created JSON body.
[33m2021-02-15 21:34:25,567[m [main] [31mERROR[m com.egehurturk.handlers.FileResponse - Body of JSON request is empty. Server automatically created JSON body.
[33m2021-02-15 21:34:25,569[m [main] [31mERROR[m com.egehurturk.handlers.FileResponse - Body of JSON request is empty. Server automatically created JSON body.
[33m2021-02-15 21:34:25,578[m [main] [31mERROR[m com.egehurturk.handlers.FileResponse - Body of JSON request is empty. Server automatically created JSON body.
[33m2021-02-15 21:34:25,580[m [main] [31mERROR[m com.egehurturk.handlers.FileResponse - Body of JSON request is empty. Server automatically created JSON body.
[33m2021-02-15 21:34:25,586[m [main] [31mERROR[m com.egehurturk.handlers.FileResponse - Body of JSON request is empty. Server automatically created JSON body.
[33m2021-02-15 21:34:25,590[m [main] [31mERROR[m com.egehurturk.handlers.FileResponse - Body of JSON request is empty. Server automatically created JSON body.
[33m2021-02-15 21:34:25,592[m [main] [31mERROR[m com.egehurturk.handlers.FileResponse - Body of JSON request is empty. Server automatically created JSON body.
[33m2021-02-15 21:34:25,596[m [main] [31mERROR[m com.egehurturk.handlers.FileResponse - Body of JSON request is empty. Server automatically created JSON body.
[33m2021-02-15 21:34:25,599[m [main] [31mERROR[m com.egehurturk.handlers.FileResponse - Body of JSON request is empty. Server automatically created JSON body.
[33m2021-02-15 21:34:25,601[m [main] [31mERROR[m com.egehurturk.handlers.FileResponse - Body of JSON request is empty. Server automatically created JSON body.
[33m2021-02-15 21:53:52,465[m [main] [31mERROR[m com.egehurturk.httpd.HttpRequest - Request line (e.g. GET /index HTTP/1.1 is not found
[33m2021-02-15 21:53:52,466[m [main] [31mERROR[m com.egehurturk.httpd.HttpRequest - Request does not match HTTP standards. Check the request againand/or read RCF standards. Request should contain at least method ("GET, POST"), HTTP scheme ("HTTP/1.1"), and path
[33m2021-02-15 21:53:52,501[m [main] [31mERROR[m com.egehurturk.httpd.HttpRequest - Request does not match HTTP standards. Check the request againand/or read RCF standards. Request should contain at least method ("GET, POST"), HTTP scheme ("HTTP/1.1"), and path
[33m2021-02-15 21:53:52,511[m [main] [31mERROR[m com.egehurturk.httpd.HttpRequest - Request does not match HTTP standards. Check the request againand/or read RCF standards. Request should contain at least method ("GET, POST"), HTTP scheme ("HTTP/1.1"), and path
[33m2021-02-15 21:53:52,520[m [main] [31mERROR[m com.egehurturk.httpd.HttpRequest - Request does not match HTTP standards. Check the request againand/or read RCF standards. Request should contain at least method ("GET, POST"), HTTP scheme ("HTTP/1.1"), and path
[33m2021-02-15 21:53:52,523[m [main] [31mERROR[m com.egehurturk.httpd.HttpRequest - Request does not match HTTP standards. Check the request againand/or read RCF standards. Request should contain at least method ("GET, POST"), HTTP scheme ("HTTP/1.1"), and path
[33m2021-02-15 21:53:52,526[m [main] [31mERROR[m com.egehurturk.httpd.HttpRequest - Request does not match HTTP standards. Check the request againand/or read RCF standards. Request should contain at least method ("GET, POST"), HTTP scheme ("HTTP/1.1"), and path
[33m2021-02-15 21:53:52,528[m [main] [31mERROR[m com.egehurturk.httpd.HttpRequest - Request does not match HTTP standards. Check the request againand/or read RCF standards. Request should contain at least method ("GET, POST"), HTTP scheme ("HTTP/1.1"), and path
[33m2021-02-15 21:53:52,529[m [main] [31mERROR[m com.egehurturk.httpd.HttpRequest - Input stream of client is null, or empty, Check for client connection
[33m2021-02-15 21:53:52,531[m [main] [31mERROR[m com.egehurturk.httpd.HttpRequest - Request does not match HTTP standards. Check the request againand/or read RCF standards. Request should contain at least method ("GET, POST"), HTTP scheme ("HTTP/1.1"), and path
[33m2021-02-15 21:53:52,563[m [main] [31mERROR[m com.egehurturk.handlers.FileResponse - Body of JSON request is empty. Server automatically created JSON body.
[33m2021-02-15 21:53:52,576[m [main] [31mERROR[m com.egehurturk.handlers.FileResponse - Body of JSON request is empty. Server automatically created JSON body.
[33m2021-02-15 21:53:52,589[m [main] [31mERROR[m com.egehurturk.handlers.FileResponse - Body of JSON request is empty. Server automatically created JSON body.
[33m2021-02-15 21:53:52,592[m [main] [31mERROR[m com.egehurturk.handlers.FileResponse - Body of JSON request is empty. Server automatically created JSON body.
[33m2021-02-15 21:53:52,596[m [main] [31mERROR[m com.egehurturk.handlers.FileResponse - Body of JSON request is empty. Server automatically created JSON body.
[33m2021-02-15 21:53:52,609[m [main] [31mERROR[m com.egehurturk.handlers.FileResponse - Body of JSON request is empty. Server automatically created JSON body.
[33m2021-02-15 21:53:52,612[m [main] [31mERROR[m com.egehurturk.handlers.FileResponse - Body of JSON request is empty. Server automatically created JSON body.
[33m2021-02-15 21:53:52,618[m [main] [31mERROR[m com.egehurturk.handlers.FileResponse - Body of JSON request is empty. Server automatically created JSON body.
[33m2021-02-15 21:53:52,622[m [main] [31mERROR[m com.egehurturk.handlers.FileResponse - Body of JSON request is empty. Server automatically created JSON body.
[33m2021-02-15 21:53:52,625[m [main] [31mERROR[m com.egehurturk.handlers.FileResponse - Body of JSON request is empty. Server automatically created JSON body.
[33m2021-02-15 21:53:52,630[m [main] [31mERROR[m com.egehurturk.handlers.FileResponse - Body of JSON request is empty. Server automatically created JSON body.
[33m2021-02-15 21:53:52,634[m [main] [31mERROR[m com.egehurturk.handlers.FileResponse - Body of JSON request is empty. Server automatically created JSON body.
[33m2021-02-15 21:53:52,636[m [main] [31mERROR[m com.egehurturk.handlers.FileResponse - Body of JSON request is empty. Server automatically created JSON body.
[33m2021-02-15 21:56:44,686[m [pool-2-thread-8] [31mERROR[m com.egehurturk.httpd.HttpRequest - Request does not match HTTP standards. Check the request againand/or read RCF standards. Request should contain at least method ("GET, POST"), HTTP scheme ("HTTP/1.1"), and path
[33m2021-02-15 23:08:39,298[m [main] [31mERROR[m com.egehurturk.httpd.HttpRequest - Request line (e.g. GET /index HTTP/1.1 is not found
[33m2021-02-15 23:08:39,300[m [main] [31mERROR[m com.egehurturk.httpd.HttpRequest - Request does not match HTTP standards. Check the request againand/or read RCF standards. Request should contain at least method ("GET, POST"), HTTP scheme ("HTTP/1.1"), and path
[33m2021-02-15 23:08:39,411[m [main] [31mERROR[m com.egehurturk.httpd.HttpRequest - Request does not match HTTP standards. Check the request againand/or read RCF standards. Request should contain at least method ("GET, POST"), HTTP scheme ("HTTP/1.1"), and path
[33m2021-02-15 23:08:39,434[m [main] [31mERROR[m com.egehurturk.httpd.HttpRequest - Request does not match HTTP standards. Check the request againand/or read RCF standards. Request should contain at least method ("GET, POST"), HTTP scheme ("HTTP/1.1"), and path
[33m2021-02-15 23:08:39,493[m [main] [31mERROR[m com.egehurturk.httpd.HttpRequest - Request does not match HTTP standards. Check the request againand/or read RCF standards. Request should contain at least method ("GET, POST"), HTTP scheme ("HTTP/1.1"), and path
[33m2021-02-15 23:08:39,499[m [main] [31mERROR[m com.egehurturk.httpd.HttpRequest - Request does not match HTTP standards. Check the request againand/or read RCF standards. Request should contain at least method ("GET, POST"), HTTP scheme ("HTTP/1.1"), and path
[33m2021-02-15 23:08:39,502[m [main] [31mERROR[m com.egehurturk.httpd.HttpRequest - Request does not match HTTP standards. Check the request againand/or read RCF standards. Request should contain at least method ("GET, POST"), HTTP scheme ("HTTP/1.1"), and path
[33m2021-02-15 23:08:39,505[m [main] [31mERROR[m com.egehurturk.httpd.HttpRequest - Request does not match HTTP standards. Check the request againand/or read RCF standards. Request should contain at least method ("GET, POST"), HTTP scheme ("HTTP/1.1"), and path
[33m2021-02-15 23:08:39,513[m [main] [31mERROR[m com.egehurturk.httpd.HttpRequest - Input stream of client is null, or empty, Check for client connection
[33m2021-02-15 23:08:39,538[m [main] [31mERROR[m com.egehurturk.httpd.HttpRequest - Request does not match HTTP standards. Check the request againand/or read RCF standards. Request should contain at least method ("GET, POST"), HTTP scheme ("HTTP/1.1"), and path
[33m2021-02-15 23:08:39,684[m [main] [31mERROR[m com.egehurturk.handlers.FileResponse - Body of JSON request is empty. Server automatically created JSON body.
[33m2021-02-15 23:08:39,701[m [main] [31mERROR[m com.egehurturk.handlers.FileResponse - Body of JSON request is empty. Server automatically created JSON body.
[33m2021-02-15 23:08:39,731[m [main] [31mERROR[m com.egehurturk.handlers.FileResponse - Body of JSON request is empty. Server automatically created JSON body.
[33m2021-02-15 23:08:39,736[m [main] [31mERROR[m com.egehurturk.handlers.FileResponse - Body of JSON request is empty. Server automatically created JSON body.
[33m2021-02-15 23:08:39,741[m [main] [31mERROR[m com.egehurturk.handlers.FileResponse - Body of JSON request is empty. Server automatically created JSON body.
[33m2021-02-15 23:08:39,757[m [main] [31mERROR[m com.egehurturk.handlers.FileResponse - Body of JSON request is empty. Server automatically created JSON body.
[33m2021-02-15 23:08:39,761[m [main] [31mERROR[m com.egehurturk.handlers.FileResponse - Body of JSON request is empty. Server automatically created JSON body.
[33m2021-02-15 23:08:39,770[m [main] [31mERROR[m com.egehurturk.handlers.FileResponse - Body of JSON request is empty. Server automatically created JSON body.
[33m2021-02-15 23:08:39,776[m [main] [31mERROR[m com.egehurturk.handlers.FileResponse - Body of JSON request is empty. Server automatically created JSON body.
[33m2021-02-15 23:08:39,779[m [main] [31mERROR[m com.egehurturk.handlers.FileResponse - Body of JSON request is empty. Server automatically created JSON body.
[33m2021-02-15 23:08:39,789[m [main] [31mERROR[m com.egehurturk.handlers.FileResponse - Body of JSON request is empty. Server automatically created JSON body.
[33m2021-02-15 23:08:39,797[m [main] [31mERROR[m com.egehurturk.handlers.FileResponse - Body of JSON request is empty. Server automatically created JSON body.
[33m2021-02-15 23:08:39,801[m [main] [31mERROR[m com.egehurturk.handlers.FileResponse - Body of JSON request is empty. Server automatically created JSON body.
[33m2021-02-15 23:08:40,488[m [main] [31mERROR[m com.egehurturk.handlers.HttpHandler - File size is too large
[33m2021-02-15 23:08:40,501[m [main] [31mERROR[m com.egehurturk.handlers.HttpHandler - Could not read file contents in memory
[33m2021-02-15 23:08:59,244[m [main] [31mERROR[m com.egehurturk.httpd.HttpRequest - Request line (e.g. GET /index HTTP/1.1 is not found
[33m2021-02-15 23:08:59,245[m [main] [31mERROR[m com.egehurturk.httpd.HttpRequest - Request does not match HTTP standards. Check the request againand/or read RCF standards. Request should contain at least method ("GET, POST"), HTTP scheme ("HTTP/1.1"), and path
[33m2021-02-15 23:08:59,286[m [main] [31mERROR[m com.egehurturk.httpd.HttpRequest - Request does not match HTTP standards. Check the request againand/or read RCF standards. Request should contain at least method ("GET, POST"), HTTP scheme ("HTTP/1.1"), and path
[33m2021-02-15 23:08:59,302[m [main] [31mERROR[m com.egehurturk.httpd.HttpRequest - Request does not match HTTP standards. Check the request againand/or read RCF standards. Request should contain at least method ("GET, POST"), HTTP scheme ("HTTP/1.1"), and path
[33m2021-02-15 23:08:59,326[m [main] [31mERROR[m com.egehurturk.httpd.HttpRequest - Request does not match HTTP standards. Check the request againand/or read RCF standards. Request should contain at least method ("GET, POST"), HTTP scheme ("HTTP/1.1"), and path
[33m2021-02-15 23:08:59,333[m [main] [31mERROR[m com.egehurturk.httpd.HttpRequest - Request does not match HTTP standards. Check the request againand/or read RCF standards. Request should contain at least method ("GET, POST"), HTTP scheme ("HTTP/1.1"), and path
[33m2021-02-15 23:08:59,338[m [main] [31mERROR[m com.egehurturk.httpd.HttpRequest - Request does not match HTTP standards. Check the request againand/or read RCF standards. Request should contain at least method ("GET, POST"), HTTP scheme ("HTTP/1.1"), and path
[33m2021-02-15 23:08:59,342[m [main] [31mERROR[m com.egehurturk.httpd.HttpRequest - Request does not match HTTP standards. Check the request againand/or read RCF standards. Request should contain at least method ("GET, POST"), HTTP scheme ("HTTP/1.1"), and path
[33m2021-02-15 23:08:59,345[m [main] [31mERROR[m com.egehurturk.httpd.HttpRequest - Input stream of client is null, or empty, Check for client connection
[33m2021-02-15 23:08:59,350[m [main] [31mERROR[m com.egehurturk.httpd.HttpRequest - Request does not match HTTP standards. Check the request againand/or read RCF standards. Request should contain at least method ("GET, POST"), HTTP scheme ("HTTP/1.1"), and path
[33m2021-02-15 23:09:09,363[m [main] [31mERROR[m com.egehurturk.handlers.FileResponse - Body of JSON request is empty. Server automatically created JSON body.
[33m2021-02-15 23:09:09,395[m [main] [31mERROR[m com.egehurturk.handlers.FileResponse - Body of JSON request is empty. Server automatically created JSON body.
[33m2021-02-15 23:09:09,420[m [main] [31mERROR[m com.egehurturk.handlers.FileResponse - Body of JSON request is empty. Server automatically created JSON body.
[33m2021-02-15 23:09:09,424[m [main] [31mERROR[m com.egehurturk.handlers.FileResponse - Body of JSON request is empty. Server automatically created JSON body.
[33m2021-02-15 23:09:09,428[m [main] [31mERROR[m com.egehurturk.handlers.FileResponse - Body of JSON request is empty. Server automatically created JSON body.
[33m2021-02-15 23:09:09,447[m [main] [31mERROR[m com.egehurturk.handlers.FileResponse - Body of JSON request is empty. Server automatically created JSON body.
[33m2021-02-15 23:09:09,450[m [main] [31mERROR[m com.egehurturk.handlers.FileResponse - Body of JSON request is empty. Server automatically created JSON body.
[33m2021-02-15 23:09:09,461[m [main] [31mERROR[m com.egehurturk.handlers.FileResponse - Body of JSON request is empty. Server automatically created JSON body.
[33m2021-02-15 23:09:09,469[m [main] [31mERROR[m com.egehurturk.handlers.FileResponse - Body of JSON request is empty. Server automatically created JSON body.
[33m2021-02-15 23:09:09,473[m [main] [31mERROR[m com.egehurturk.handlers.FileResponse - Body of JSON request is empty. Server automatically created JSON body.
[33m2021-02-15 23:09:09,480[m [main] [31mERROR[m com.egehurturk.handlers.FileResponse - Body of JSON request is empty. Server automatically created JSON body.
[33m2021-02-15 23:09:09,488[m [main] [31mERROR[m com.egehurturk.handlers.FileResponse - Body of JSON request is empty. Server automatically created JSON body.
[33m2021-02-15 23:09:09,491[m [main] [31mERROR[m com.egehurturk.handlers.FileResponse - Body of JSON request is empty. Server automatically created JSON body.
[33m2021-02-15 23:09:38,205[m [main] [31mERROR[m com.egehurturk.handlers.FileResponse - Body of JSON request is empty. Server automatically created JSON body.
[33m2021-02-15 23:09:38,263[m [main] [31mERROR[m com.egehurturk.handlers.FileResponse - Body of JSON request is empty. Server automatically created JSON body.
[33m2021-02-15 23:09:38,293[m [main] [31mERROR[m com.egehurturk.handlers.FileResponse - Body of JSON request is empty. Server automatically created JSON body.
[33m2021-02-15 23:09:38,300[m [main] [31mERROR[m com.egehurturk.handlers.FileResponse - Body of JSON request is empty. Server automatically created JSON body.
[33m2021-02-15 23:09:38,305[m [main] [31mERROR[m com.egehurturk.handlers.FileResponse - Body of JSON request is empty. Server automatically created JSON body.
[33m2021-02-15 23:09:38,327[m [main] [31mERROR[m com.egehurturk.handlers.FileResponse - Body of JSON request is empty. Server automatically created JSON body.
[33m2021-02-15 23:09:38,335[m [main] [31mERROR[m com.egehurturk.handlers.FileResponse - Body of JSON request is empty. Server automatically created JSON body.
[33m2021-02-15 23:09:38,352[m [main] [31mERROR[m com.egehurturk.handlers.FileResponse - Body of JSON request is empty. Server automatically created JSON body.
[33m2021-02-15 23:09:38,363[m [main] [31mERROR[m com.egehurturk.handlers.FileResponse - Body of JSON request is empty. Server automatically created JSON body.
[33m2021-02-15 23:09:38,371[m [main] [31mERROR[m com.egehurturk.handlers.FileResponse - Body of JSON request is empty. Server automatically created JSON body.
[33m2021-02-15 23:09:38,384[m [main] [31mERROR[m com.egehurturk.handlers.FileResponse - Body of JSON request is empty. Server automatically created JSON body.
[33m2021-02-15 23:09:38,394[m [main] [31mERROR[m com.egehurturk.handlers.FileResponse - Body of JSON request is empty. Server automatically created JSON body.
[33m2021-02-15 23:09:38,400[m [main] [31mERROR[m com.egehurturk.handlers.FileResponse - Body of JSON request is empty. Server automatically created JSON body.
[33m2021-02-15 23:09:17,851[m [main] [31mERROR[m com.egehurturk.handlers.HttpHandler - File size is too large
[33m2021-02-15 23:09:17,885[m [main] [31mERROR[m com.egehurturk.handlers.HttpHandler - Could not read file contents in memory
[33m2021-02-15 23:09:46,881[m [main] [31mERROR[m com.egehurturk.handlers.HttpHandler - File size is too large
[33m2021-02-15 23:09:46,903[m [main] [31mERROR[m com.egehurturk.handlers.HttpHandler - Could not read file contents in memory
[33m2021-02-15 23:10:05,687[m [main] [31mERROR[m com.egehurturk.handlers.FileResponse - Body of JSON request is empty. Server automatically created JSON body.
[33m2021-02-15 23:10:05,714[m [main] [31mERROR[m com.egehurturk.handlers.FileResponse - Body of JSON request is empty. Server automatically created JSON body.
[33m2021-02-15 23:10:05,729[m [main] [31mERROR[m com.egehurturk.handlers.FileResponse - Body of JSON request is empty. Server automatically created JSON body.
[33m2021-02-15 23:10:05,732[m [main] [31mERROR[m com.egehurturk.handlers.FileResponse - Body of JSON request is empty. Server automatically created JSON body.
[33m2021-02-15 23:10:05,736[m [main] [31mERROR[m com.egehurturk.handlers.FileResponse - Body of JSON request is empty. Server automatically created JSON body.
[33m2021-02-15 23:10:05,749[m [main] [31mERROR[m com.egehurturk.handlers.FileResponse - Body of JSON request is empty. Server automatically created JSON body.
[33m2021-02-15 23:10:05,752[m [main] [31mERROR[m com.egehurturk.handlers.FileResponse - Body of JSON request is empty. Server automatically created JSON body.
[33m2021-02-15 23:10:05,762[m [main] [31mERROR[m com.egehurturk.handlers.FileResponse - Body of JSON request is empty. Server automatically created JSON body.
[33m2021-02-15 23:10:05,770[m [main] [31mERROR[m com.egehurturk.handlers.FileResponse - Body of JSON request is empty. Server automatically created JSON body.
[33m2021-02-15 23:10:05,774[m [main] [31mERROR[m com.egehurturk.handlers.FileResponse - Body of JSON request is empty. Server automatically created JSON body.
[33m2021-02-15 23:10:05,781[m [main] [31mERROR[m com.egehurturk.handlers.FileResponse - Body of JSON request is empty. Server automatically created JSON body.
[33m2021-02-15 23:10:05,789[m [main] [31mERROR[m com.egehurturk.handlers.FileResponse - Body of JSON request is empty. Server automatically created JSON body.
[33m2021-02-15 23:10:05,794[m [main] [31mERROR[m com.egehurturk.handlers.FileResponse - Body of JSON request is empty. Server automatically created JSON body.
[33m2021-02-15 23:10:31,580[m [main] [31mERROR[m com.egehurturk.handlers.FileResponse - Body of JSON request is empty. Server automatically created JSON body.
[33m2021-02-15 23:10:31,611[m [main] [31mERROR[m com.egehurturk.handlers.FileResponse - Body of JSON request is empty. Server automatically created JSON body.
[33m2021-02-15 23:10:31,631[m [main] [31mERROR[m com.egehurturk.handlers.FileResponse - Body of JSON request is empty. Server automatically created JSON body.
[33m2021-02-15 23:10:31,637[m [main] [31mERROR[m com.egehurturk.handlers.FileResponse - Body of JSON request is empty. Server automatically created JSON body.
[33m2021-02-15 23:10:31,642[m [main] [31mERROR[m com.egehurturk.handlers.FileResponse - Body of JSON request is empty. Server automatically created JSON body.
[33m2021-02-15 23:10:31,664[m [main] [31mERROR[m com.egehurturk.handlers.FileResponse - Body of JSON request is empty. Server automatically created JSON body.
[33m2021-02-15 23:10:31,669[m [main] [31mERROR[m com.egehurturk.handlers.FileResponse - Body of JSON request is empty. Server automatically created JSON body.
[33m2021-02-15 23:10:31,685[m [main] [31mERROR[m com.egehurturk.handlers.FileResponse - Body of JSON request is empty. Server automatically created JSON body.
[33m2021-02-15 23:10:31,695[m [main] [31mERROR[m com.egehurturk.handlers.FileResponse - Body of JSON request is empty. Server automatically created JSON body.
[33m2021-02-15 23:10:31,700[m [main] [31mERROR[m com.egehurturk.handlers.FileResponse - Body of JSON request is empty. Server automatically created JSON body.
[33m2021-02-15 23:10:31,710[m [main] [31mERROR[m com.egehurturk.handlers.FileResponse - Body of JSON request is empty. Server automatically created JSON body.
[33m2021-02-15 23:10:31,718[m [main] [31mERROR[m com.egehurturk.handlers.FileResponse - Body of JSON request is empty. Server automatically created JSON body.
[33m2021-02-15 23:10:31,723[m [main] [31mERROR[m com.egehurturk.handlers.FileResponse - Body of JSON request is empty. Server automatically created JSON body.
[33m2021-02-15 23:10:40,986[m [main] [31mERROR[m com.egehurturk.handlers.HttpHandler - File size is too large
[33m2021-02-15 23:10:41,006[m [main] [31mERROR[m com.egehurturk.handlers.HttpHandler - Could not read file contents in memory
[33m2021-02-15 23:44:56,002[m [main] [31mERROR[m com.egehurturk.httpd.HttpRequest - Request line (e.g. GET /index HTTP/1.1 is not found
[33m2021-02-15 23:44:56,003[m [main] [31mERROR[m com.egehurturk.httpd.HttpRequest - Request does not match HTTP standards. Check the request againand/or read RCF standards. Request should contain at least method ("GET, POST"), HTTP scheme ("HTTP/1.1"), and path
[33m2021-02-15 23:44:56,045[m [main] [31mERROR[m com.egehurturk.httpd.HttpRequest - Request does not match HTTP standards. Check the request againand/or read RCF standards. Request should contain at least method ("GET, POST"), HTTP scheme ("HTTP/1.1"), and path
[33m2021-02-15 23:44:56,057[m [main] [31mERROR[m com.egehurturk.httpd.HttpRequest - Request does not match HTTP standards. Check the request againand/or read RCF standards. Request should contain at least method ("GET, POST"), HTTP scheme ("HTTP/1.1"), and path
[33m2021-02-15 23:44:56,066[m [main] [31mERROR[m com.egehurturk.httpd.HttpRequest - Request does not match HTTP standards. Check the request againand/or read RCF standards. Request should contain at least method ("GET, POST"), HTTP scheme ("HTTP/1.1"), and path
[33m2021-02-15 23:44:56,070[m [main] [31mERROR[m com.egehurturk.httpd.HttpRequest - Request does not match HTTP standards. Check the request againand/or read RCF standards. Request should contain at least method ("GET, POST"), HTTP scheme ("HTTP/1.1"), and path
[33m2021-02-15 23:44:56,072[m [main] [31mERROR[m com.egehurturk.httpd.HttpRequest - Request does not match HTTP standards. Check the request againand/or read RCF standards. Request should contain at least method ("GET, POST"), HTTP scheme ("HTTP/1.1"), and path
[33m2021-02-15 23:44:56,075[m [main] [31mERROR[m com.egehurturk.httpd.HttpRequest - Request does not match HTTP standards. Check the request againand/or read RCF standards. Request should contain at least method ("GET, POST"), HTTP scheme ("HTTP/1.1"), and path
[33m2021-02-15 23:44:56,076[m [main] [31mERROR[m com.egehurturk.httpd.HttpRequest - Input stream of client is null, or empty, Check for client connection
[33m2021-02-15 23:44:56,079[m [main] [31mERROR[m com.egehurturk.httpd.HttpRequest - Request does not match HTTP standards. Check the request againand/or read RCF standards. Request should contain at least method ("GET, POST"), HTTP scheme ("HTTP/1.1"), and path
[33m2021-02-15 23:44:56,112[m [main] [31mERROR[m com.egehurturk.handlers.FileResponse - Body of JSON request is empty. Server automatically created JSON body.
[33m2021-02-15 23:44:56,122[m [main] [31mERROR[m com.egehurturk.handlers.FileResponse - Body of JSON request is empty. Server automatically created JSON body.
[33m2021-02-15 23:44:56,130[m [main] [31mERROR[m com.egehurturk.handlers.FileResponse - Body of JSON request is empty. Server automatically created JSON body.
[33m2021-02-15 23:44:56,132[m [main] [31mERROR[m com.egehurturk.handlers.FileResponse - Body of JSON request is empty. Server automatically created JSON body.
[33m2021-02-15 23:44:56,134[m [main] [31mERROR[m com.egehurturk.handlers.FileResponse - Body of JSON request is empty. Server automatically created JSON body.
[33m2021-02-15 23:44:56,145[m [main] [31mERROR[m com.egehurturk.handlers.FileResponse - Body of JSON request is empty. Server automatically created JSON body.
[33m2021-02-15 23:44:56,147[m [main] [31mERROR[m com.egehurturk.handlers.FileResponse - Body of JSON request is empty. Server automatically created JSON body.
[33m2021-02-15 23:44:56,152[m [main] [31mERROR[m com.egehurturk.handlers.FileResponse - Body of JSON request is empty. Server automatically created JSON body.
[33m2021-02-15 23:44:56,156[m [main] [31mERROR[m com.egehurturk.handlers.FileResponse - Body of JSON request is empty. Server automatically created JSON body.
[33m2021-02-15 23:44:56,158[m [main] [31mERROR[m com.egehurturk.handlers.FileResponse - Body of JSON request is empty. Server automatically created JSON body.
[33m2021-02-15 23:44:56,161[m [main] [31mERROR[m com.egehurturk.handlers.FileResponse - Body of JSON request is empty. Server automatically created JSON body.
[33m2021-02-15 23:44:56,165[m [main] [31mERROR[m com.egehurturk.handlers.FileResponse - Body of JSON request is empty. Server automatically created JSON body.
[33m2021-02-15 23:44:56,166[m [main] [31mERROR[m com.egehurturk.handlers.FileResponse - Body of JSON request is empty. Server automatically created JSON body.
[33m2021-02-15 23:44:56,686[m [main] [31mERROR[m com.egehurturk.handlers.HttpHandler - File size is too large
[33m2021-02-15 23:44:56,690[m [main] [31mERROR[m com.egehurturk.handlers.HttpHandler - Could not read file contents in memory
[33m2021-02-15 23:45:16,842[m [main] [31mERROR[m com.egehurturk.handlers.FileResponse - Body of JSON request is empty. Server automatically created JSON body.
[33m2021-02-15 23:45:16,879[m [main] [31mERROR[m com.egehurturk.handlers.FileResponse - Body of JSON request is empty. Server automatically created JSON body.
[33m2021-02-15 23:45:16,904[m [main] [31mERROR[m com.egehurturk.handlers.FileResponse - Body of JSON request is empty. Server automatically created JSON body.
[33m2021-02-15 23:45:16,911[m [main] [31mERROR[m com.egehurturk.handlers.FileResponse - Body of JSON request is empty. Server automatically created JSON body.
[33m2021-02-15 23:45:16,919[m [main] [31mERROR[m com.egehurturk.handlers.FileResponse - Body of JSON request is empty. Server automatically created JSON body.
[33m2021-02-15 23:45:16,941[m [main] [31mERROR[m com.egehurturk.handlers.FileResponse - Body of JSON request is empty. Server automatically created JSON body.
[33m2021-02-15 23:45:16,946[m [main] [31mERROR[m com.egehurturk.handlers.FileResponse - Body of JSON request is empty. Server automatically created JSON body.
[33m2021-02-15 23:45:16,965[m [main] [31mERROR[m com.egehurturk.handlers.FileResponse - Body of JSON request is empty. Server automatically created JSON body.
[33m2021-02-15 23:45:16,977[m [main] [31mERROR[m com.egehurturk.handlers.FileResponse - Body of JSON request is empty. Server automatically created JSON body.
[33m2021-02-15 23:45:16,986[m [main] [31mERROR[m com.egehurturk.handlers.FileResponse - Body of JSON request is empty. Server automatically created JSON body.
[33m2021-02-15 23:45:16,996[m [main] [31mERROR[m com.egehurturk.handlers.FileResponse - Body of JSON request is empty. Server automatically created JSON body.
[33m2021-02-15 23:45:17,006[m [main] [31mERROR[m com.egehurturk.handlers.FileResponse - Body of JSON request is empty. Server automatically created JSON body.
[33m2021-02-15 23:45:17,011[m [main] [31mERROR[m com.egehurturk.handlers.FileResponse - Body of JSON request is empty. Server automatically created JSON body.
[33m2021-02-15 23:45:35,551[m [main] [31mERROR[m com.egehurturk.handlers.HttpHandler - File size is too large
[33m2021-02-15 23:45:35,570[m [main] [31mERROR[m com.egehurturk.handlers.HttpHandler - Could not read file contents in memory
[33m2021-02-15 23:45:42,329[m [main] [31mERROR[m com.egehurturk.httpd.HttpRequest - Request line (e.g. GET /index HTTP/1.1 is not found
[33m2021-02-15 23:45:42,330[m [main] [31mERROR[m com.egehurturk.httpd.HttpRequest - Request does not match HTTP standards. Check the request againand/or read RCF standards. Request should contain at least method ("GET, POST"), HTTP scheme ("HTTP/1.1"), and path
[33m2021-02-15 23:45:42,372[m [main] [31mERROR[m com.egehurturk.httpd.HttpRequest - Request does not match HTTP standards. Check the request againand/or read RCF standards. Request should contain at least method ("GET, POST"), HTTP scheme ("HTTP/1.1"), and path
[33m2021-02-15 23:45:42,393[m [main] [31mERROR[m com.egehurturk.httpd.HttpRequest - Request does not match HTTP standards. Check the request againand/or read RCF standards. Request should contain at least method ("GET, POST"), HTTP scheme ("HTTP/1.1"), and path
[33m2021-02-15 23:45:42,413[m [main] [31mERROR[m com.egehurturk.httpd.HttpRequest - Request does not match HTTP standards. Check the request againand/or read RCF standards. Request should contain at least method ("GET, POST"), HTTP scheme ("HTTP/1.1"), and path
[33m2021-02-15 23:45:42,420[m [main] [31mERROR[m com.egehurturk.httpd.HttpRequest - Request does not match HTTP standards. Check the request againand/or read RCF standards. Request should contain at least method ("GET, POST"), HTTP scheme ("HTTP/1.1"), and path
[33m2021-02-15 23:45:42,425[m [main] [31mERROR[m com.egehurturk.httpd.HttpRequest - Request does not match HTTP standards. Check the request againand/or read RCF standards. Request should contain at least method ("GET, POST"), HTTP scheme ("HTTP/1.1"), and path
[33m2021-02-15 23:45:42,431[m [main] [31mERROR[m com.egehurturk.httpd.HttpRequest - Request does not match HTTP standards. Check the request againand/or read RCF standards. Request should contain at least method ("GET, POST"), HTTP scheme ("HTTP/1.1"), and path
[33m2021-02-15 23:45:42,434[m [main] [31mERROR[m com.egehurturk.httpd.HttpRequest - Input stream of client is null, or empty, Check for client connection
[33m2021-02-15 23:45:42,439[m [main] [31mERROR[m com.egehurturk.httpd.HttpRequest - Request does not match HTTP standards. Check the request againand/or read RCF standards. Request should contain at least method ("GET, POST"), HTTP scheme ("HTTP/1.1"), and path
[33m2021-02-15 23:46:09,633[m [main] [31mERROR[m com.egehurturk.handlers.HttpHandler - File size is too large
[33m2021-02-15 23:46:09,661[m [main] [31mERROR[m com.egehurturk.handlers.HttpHandler - Could not read file contents in memory
[33m2021-02-15 23:52:24,404[m [main] [31mERROR[m com.egehurturk.handlers.HttpHandler - File size is too large
[33m2021-02-15 23:52:24,424[m [main] [31mERROR[m com.egehurturk.handlers.HttpHandler - Could not read file contents in memory
[33m2021-02-15 23:57:54,917[m [main] [31mERROR[m com.egehurturk.handlers.HttpHandler - File size is too large
[33m2021-02-15 23:57:54,939[m [main] [31mERROR[m com.egehurturk.handlers.HttpHandler - Could not read file contents in memory
