[33m2021-04-15 17:16:09,311[m [main] [31mERROR[m com.egehurturk.httpd.HttpRequest - Request line (e.g. GET /index HTTP/1.1 is not found
[33m2021-04-15 17:16:09,312[m [main] [31mERROR[m com.egehurturk.httpd.HttpRequest - Request does not match HTTP standards. Check the request againand/or read RCF standards. Request should contain at least method ("GET, POST"), HTTP scheme ("HTTP/1.1"), and path
[33m2021-04-15 17:16:09,358[m [main] [31mERROR[m com.egehurturk.httpd.HttpRequest - Request does not match HTTP standards. Check the request againand/or read RCF standards. Request should contain at least method ("GET, POST"), HTTP scheme ("HTTP/1.1"), and path
[33m2021-04-15 17:16:09,369[m [main] [31mERROR[m com.egehurturk.httpd.HttpRequest - Request does not match HTTP standards. Check the request againand/or read RCF standards. Request should contain at least method ("GET, POST"), HTTP scheme ("HTTP/1.1"), and path
[33m2021-04-15 17:16:09,383[m [main] [31mERROR[m com.egehurturk.httpd.HttpRequest - Request does not match HTTP standards. Check the request againand/or read RCF standards. Request should contain at least method ("GET, POST"), HTTP scheme ("HTTP/1.1"), and path
[33m2021-04-15 17:16:09,386[m [main] [31mERROR[m com.egehurturk.httpd.HttpRequest - Request does not match HTTP standards. Check the request againand/or read RCF standards. Request should contain at least method ("GET, POST"), HTTP scheme ("HTTP/1.1"), and path
[33m2021-04-15 17:16:09,389[m [main] [31mERROR[m com.egehurturk.httpd.HttpRequest - Request does not match HTTP standards. Check the request againand/or read RCF standards. Request should contain at least method ("GET, POST"), HTTP scheme ("HTTP/1.1"), and path
[33m2021-04-15 17:16:09,392[m [main] [31mERROR[m com.egehurturk.httpd.HttpRequest - Request does not match HTTP standards. Check the request againand/or read RCF standards. Request should contain at least method ("GET, POST"), HTTP scheme ("HTTP/1.1"), and path
[33m2021-04-15 17:16:09,394[m [main] [31mERROR[m com.egehurturk.httpd.HttpRequest - Input stream of client is null, or empty, Check for client connection
[33m2021-04-15 17:16:09,397[m [main] [31mERROR[m com.egehurturk.httpd.HttpRequest - Request does not match HTTP standards. Check the request againand/or read RCF standards. Request should contain at least method ("GET, POST"), HTTP scheme ("HTTP/1.1"), and path
[33m2021-04-15 17:16:09,432[m [main] [31mERROR[m com.egehurturk.handlers.FileResponse - Body of JSON request is empty. Server automatically created JSON body.
[33m2021-04-15 17:16:09,442[m [main] [31mERROR[m com.egehurturk.handlers.FileResponse - Body of JSON request is empty. Server automatically created JSON body.
[33m2021-04-15 17:16:09,452[m [main] [31mERROR[m com.egehurturk.handlers.FileResponse - Body of JSON request is empty. Server automatically created JSON body.
[33m2021-04-15 17:16:09,455[m [main] [31mERROR[m com.egehurturk.handlers.FileResponse - Body of JSON request is empty. Server automatically created JSON body.
[33m2021-04-15 17:16:09,458[m [main] [31mERROR[m com.egehurturk.handlers.FileResponse - Body of JSON request is empty. Server automatically created JSON body.
[33m2021-04-15 17:16:09,471[m [main] [31mERROR[m com.egehurturk.handlers.FileResponse - Body of JSON request is empty. Server automatically created JSON body.
[33m2021-04-15 17:16:09,473[m [main] [31mERROR[m com.egehurturk.handlers.FileResponse - Body of JSON request is empty. Server automatically created JSON body.
[33m2021-04-15 17:16:09,478[m [main] [31mERROR[m com.egehurturk.handlers.FileResponse - Body of JSON request is empty. Server automatically created JSON body.
[33m2021-04-15 17:16:09,484[m [main] [31mERROR[m com.egehurturk.handlers.FileResponse - Body of JSON request is empty. Server automatically created JSON body.
[33m2021-04-15 17:16:09,486[m [main] [31mERROR[m com.egehurturk.handlers.FileResponse - Body of JSON request is empty. Server automatically created JSON body.
[33m2021-04-15 17:16:09,491[m [main] [31mERROR[m com.egehurturk.handlers.FileResponse - Body of JSON request is empty. Server automatically created JSON body.
[33m2021-04-15 17:16:09,496[m [main] [31mERROR[m com.egehurturk.handlers.FileResponse - Body of JSON request is empty. Server automatically created JSON body.
[33m2021-04-15 17:16:09,498[m [main] [31mERROR[m com.egehurturk.handlers.FileResponse - Body of JSON request is empty. Server automatically created JSON body.
[33m2021-04-15 17:18:44,056[m [main] [31mERROR[m com.egehurturk.httpd.HttpRequest - Request line (e.g. GET /index HTTP/1.1 is not found
[33m2021-04-15 17:18:44,057[m [main] [31mERROR[m com.egehurturk.httpd.HttpRequest - Request does not match HTTP standards. Check the request againand/or read RCF standards. Request should contain at least method ("GET, POST"), HTTP scheme ("HTTP/1.1"), and path
[33m2021-04-15 17:18:44,094[m [main] [31mERROR[m com.egehurturk.httpd.HttpRequest - Request does not match HTTP standards. Check the request againand/or read RCF standards. Request should contain at least method ("GET, POST"), HTTP scheme ("HTTP/1.1"), and path
[33m2021-04-15 17:18:44,103[m [main] [31mERROR[m com.egehurturk.httpd.HttpRequest - Request does not match HTTP standards. Check the request againand/or read RCF standards. Request should contain at least method ("GET, POST"), HTTP scheme ("HTTP/1.1"), and path
[33m2021-04-15 17:18:44,114[m [main] [31mERROR[m com.egehurturk.httpd.HttpRequest - Request does not match HTTP standards. Check the request againand/or read RCF standards. Request should contain at least method ("GET, POST"), HTTP scheme ("HTTP/1.1"), and path
[33m2021-04-15 17:18:44,117[m [main] [31mERROR[m com.egehurturk.httpd.HttpRequest - Request does not match HTTP standards. Check the request againand/or read RCF standards. Request should contain at least method ("GET, POST"), HTTP scheme ("HTTP/1.1"), and path
[33m2021-04-15 17:18:44,119[m [main] [31mERROR[m com.egehurturk.httpd.HttpRequest - Request does not match HTTP standards. Check the request againand/or read RCF standards. Request should contain at least method ("GET, POST"), HTTP scheme ("HTTP/1.1"), and path
[33m2021-04-15 17:18:44,123[m [main] [31mERROR[m com.egehurturk.httpd.HttpRequest - Request does not match HTTP standards. Check the request againand/or read RCF standards. Request should contain at least method ("GET, POST"), HTTP scheme ("HTTP/1.1"), and path
[33m2021-04-15 17:18:44,124[m [main] [31mERROR[m com.egehurturk.httpd.HttpRequest - Input stream of client is null, or empty, Check for client connection
[33m2021-04-15 17:18:44,127[m [main] [31mERROR[m com.egehurturk.httpd.HttpRequest - Request does not match HTTP standards. Check the request againand/or read RCF standards. Request should contain at least method ("GET, POST"), HTTP scheme ("HTTP/1.1"), and path
[33m2021-04-15 17:18:44,157[m [main] [31mERROR[m com.egehurturk.handlers.FileResponse - Body of JSON request is empty. Server automatically created JSON body.
[33m2021-04-15 17:18:44,169[m [main] [31mERROR[m com.egehurturk.handlers.FileResponse - Body of JSON request is empty. Server automatically created JSON body.
[33m2021-04-15 17:18:44,178[m [main] [31mERROR[m com.egehurturk.handlers.FileResponse - Body of JSON request is empty. Server automatically created JSON body.
[33m2021-04-15 17:18:44,180[m [main] [31mERROR[m com.egehurturk.handlers.FileResponse - Body of JSON request is empty. Server automatically created JSON body.
[33m2021-04-15 17:18:44,182[m [main] [31mERROR[m com.egehurturk.handlers.FileResponse - Body of JSON request is empty. Server automatically created JSON body.
[33m2021-04-15 17:18:44,194[m [main] [31mERROR[m com.egehurturk.handlers.FileResponse - Body of JSON request is empty. Server automatically created JSON body.
[33m2021-04-15 17:18:44,196[m [main] [31mERROR[m com.egehurturk.handlers.FileResponse - Body of JSON request is empty. Server automatically created JSON body.
[33m2021-04-15 17:18:44,202[m [main] [31mERROR[m com.egehurturk.handlers.FileResponse - Body of JSON request is empty. Server automatically created JSON body.
[33m2021-04-15 17:18:44,206[m [main] [31mERROR[m com.egehurturk.handlers.FileResponse - Body of JSON request is empty. Server automatically created JSON body.
[33m2021-04-15 17:18:44,208[m [main] [31mERROR[m com.egehurturk.handlers.FileResponse - Body of JSON request is empty. Server automatically created JSON body.
[33m2021-04-15 17:18:44,212[m [main] [31mERROR[m com.egehurturk.handlers.FileResponse - Body of JSON request is empty. Server automatically created JSON body.
[33m2021-04-15 17:18:44,216[m [main] [31mERROR[m com.egehurturk.handlers.FileResponse - Body of JSON request is empty. Server automatically created JSON body.
[33m2021-04-15 17:18:44,218[m [main] [31mERROR[m com.egehurturk.handlers.FileResponse - Body of JSON request is empty. Server automatically created JSON body.
[33m2021-04-15 17:20:51,869[m [main] [31mERROR[m com.egehurturk.httpd.HttpRequest - Request line (e.g. GET /index HTTP/1.1 is not found
[33m2021-04-15 17:20:51,870[m [main] [31mERROR[m com.egehurturk.httpd.HttpRequest - Request does not match HTTP standards. Check the request againand/or read RCF standards. Request should contain at least method ("GET, POST"), HTTP scheme ("HTTP/1.1"), and path
[33m2021-04-15 17:20:51,906[m [main] [31mERROR[m com.egehurturk.httpd.HttpRequest - Request does not match HTTP standards. Check the request againand/or read RCF standards. Request should contain at least method ("GET, POST"), HTTP scheme ("HTTP/1.1"), and path
[33m2021-04-15 17:20:51,918[m [main] [31mERROR[m com.egehurturk.httpd.HttpRequest - Request does not match HTTP standards. Check the request againand/or read RCF standards. Request should contain at least method ("GET, POST"), HTTP scheme ("HTTP/1.1"), and path
[33m2021-04-15 17:20:51,930[m [main] [31mERROR[m com.egehurturk.httpd.HttpRequest - Request does not match HTTP standards. Check the request againand/or read RCF standards. Request should contain at least method ("GET, POST"), HTTP scheme ("HTTP/1.1"), and path
[33m2021-04-15 17:20:51,933[m [main] [31mERROR[m com.egehurturk.httpd.HttpRequest - Request does not match HTTP standards. Check the request againand/or read RCF standards. Request should contain at least method ("GET, POST"), HTTP scheme ("HTTP/1.1"), and path
[33m2021-04-15 17:20:51,935[m [main] [31mERROR[m com.egehurturk.httpd.HttpRequest - Request does not match HTTP standards. Check the request againand/or read RCF standards. Request should contain at least method ("GET, POST"), HTTP scheme ("HTTP/1.1"), and path
[33m2021-04-15 17:20:51,937[m [main] [31mERROR[m com.egehurturk.httpd.HttpRequest - Request does not match HTTP standards. Check the request againand/or read RCF standards. Request should contain at least method ("GET, POST"), HTTP scheme ("HTTP/1.1"), and path
[33m2021-04-15 17:20:51,939[m [main] [31mERROR[m com.egehurturk.httpd.HttpRequest - Input stream of client is null, or empty, Check for client connection
[33m2021-04-15 17:20:51,941[m [main] [31mERROR[m com.egehurturk.httpd.HttpRequest - Request does not match HTTP standards. Check the request againand/or read RCF standards. Request should contain at least method ("GET, POST"), HTTP scheme ("HTTP/1.1"), and path
[33m2021-04-15 17:20:51,974[m [main] [31mERROR[m com.egehurturk.handlers.FileResponse - Body of JSON request is empty. Server automatically created JSON body.
[33m2021-04-15 17:20:51,986[m [main] [31mERROR[m com.egehurturk.handlers.FileResponse - Body of JSON request is empty. Server automatically created JSON body.
[33m2021-04-15 17:20:51,995[m [main] [31mERROR[m com.egehurturk.handlers.FileResponse - Body of JSON request is empty. Server automatically created JSON body.
[33m2021-04-15 17:20:51,998[m [main] [31mERROR[m com.egehurturk.handlers.FileResponse - Body of JSON request is empty. Server automatically created JSON body.
[33m2021-04-15 17:20:52,001[m [main] [31mERROR[m com.egehurturk.handlers.FileResponse - Body of JSON request is empty. Server automatically created JSON body.
[33m2021-04-15 17:20:52,012[m [main] [31mERROR[m com.egehurturk.handlers.FileResponse - Body of JSON request is empty. Server automatically created JSON body.
[33m2021-04-15 17:20:52,013[m [main] [31mERROR[m com.egehurturk.handlers.FileResponse - Body of JSON request is empty. Server automatically created JSON body.
[33m2021-04-15 17:20:52,019[m [main] [31mERROR[m com.egehurturk.handlers.FileResponse - Body of JSON request is empty. Server automatically created JSON body.
[33m2021-04-15 17:20:52,023[m [main] [31mERROR[m com.egehurturk.handlers.FileResponse - Body of JSON request is empty. Server automatically created JSON body.
[33m2021-04-15 17:20:52,026[m [main] [31mERROR[m com.egehurturk.handlers.FileResponse - Body of JSON request is empty. Server automatically created JSON body.
[33m2021-04-15 17:20:52,035[m [main] [31mERROR[m com.egehurturk.handlers.FileResponse - Body of JSON request is empty. Server automatically created JSON body.
[33m2021-04-15 17:20:52,041[m [main] [31mERROR[m com.egehurturk.handlers.FileResponse - Body of JSON request is empty. Server automatically created JSON body.
[33m2021-04-15 17:20:52,045[m [main] [31mERROR[m com.egehurturk.handlers.FileResponse - Body of JSON request is empty. Server automatically created JSON body.
[33m2021-04-15 17:21:54,210[m [main] [31mERROR[m com.egehurturk.httpd.HttpServer - Property config file passed as Properties object is null possibly due to configuration file path is not found
[33m2021-04-15 17:22:17,347[m [main] [31mERROR[m com.egehurturk.httpd.HttpRequest - Request line (e.g. GET /index HTTP/1.1 is not found
[33m2021-04-15 17:22:17,348[m [main] [31mERROR[m com.egehurturk.httpd.HttpRequest - Request does not match HTTP standards. Check the request againand/or read RCF standards. Request should contain at least method ("GET, POST"), HTTP scheme ("HTTP/1.1"), and path
[33m2021-04-15 17:22:17,384[m [main] [31mERROR[m com.egehurturk.httpd.HttpRequest - Request does not match HTTP standards. Check the request againand/or read RCF standards. Request should contain at least method ("GET, POST"), HTTP scheme ("HTTP/1.1"), and path
[33m2021-04-15 17:22:17,395[m [main] [31mERROR[m com.egehurturk.httpd.HttpRequest - Request does not match HTTP standards. Check the request againand/or read RCF standards. Request should contain at least method ("GET, POST"), HTTP scheme ("HTTP/1.1"), and path
[33m2021-04-15 17:22:17,406[m [main] [31mERROR[m com.egehurturk.httpd.HttpRequest - Request does not match HTTP standards. Check the request againand/or read RCF standards. Request should contain at least method ("GET, POST"), HTTP scheme ("HTTP/1.1"), and path
[33m2021-04-15 17:22:17,409[m [main] [31mERROR[m com.egehurturk.httpd.HttpRequest - Request does not match HTTP standards. Check the request againand/or read RCF standards. Request should contain at least method ("GET, POST"), HTTP scheme ("HTTP/1.1"), and path
[33m2021-04-15 17:22:17,411[m [main] [31mERROR[m com.egehurturk.httpd.HttpRequest - Request does not match HTTP standards. Check the request againand/or read RCF standards. Request should contain at least method ("GET, POST"), HTTP scheme ("HTTP/1.1"), and path
[33m2021-04-15 17:22:17,414[m [main] [31mERROR[m com.egehurturk.httpd.HttpRequest - Request does not match HTTP standards. Check the request againand/or read RCF standards. Request should contain at least method ("GET, POST"), HTTP scheme ("HTTP/1.1"), and path
[33m2021-04-15 17:22:17,415[m [main] [31mERROR[m com.egehurturk.httpd.HttpRequest - Input stream of client is null, or empty, Check for client connection
[33m2021-04-15 17:22:17,417[m [main] [31mERROR[m com.egehurturk.httpd.HttpRequest - Request does not match HTTP standards. Check the request againand/or read RCF standards. Request should contain at least method ("GET, POST"), HTTP scheme ("HTTP/1.1"), and path
[33m2021-04-15 17:22:17,448[m [main] [31mERROR[m com.egehurturk.handlers.FileResponse - Body of JSON request is empty. Server automatically created JSON body.
[33m2021-04-15 17:22:17,462[m [main] [31mERROR[m com.egehurturk.handlers.FileResponse - Body of JSON request is empty. Server automatically created JSON body.
[33m2021-04-15 17:22:17,471[m [main] [31mERROR[m com.egehurturk.handlers.FileResponse - Body of JSON request is empty. Server automatically created JSON body.
[33m2021-04-15 17:22:17,473[m [main] [31mERROR[m com.egehurturk.handlers.FileResponse - Body of JSON request is empty. Server automatically created JSON body.
[33m2021-04-15 17:22:17,475[m [main] [31mERROR[m com.egehurturk.handlers.FileResponse - Body of JSON request is empty. Server automatically created JSON body.
[33m2021-04-15 17:22:17,485[m [main] [31mERROR[m com.egehurturk.handlers.FileResponse - Body of JSON request is empty. Server automatically created JSON body.
[33m2021-04-15 17:22:17,488[m [main] [31mERROR[m com.egehurturk.handlers.FileResponse - Body of JSON request is empty. Server automatically created JSON body.
[33m2021-04-15 17:22:17,494[m [main] [31mERROR[m com.egehurturk.handlers.FileResponse - Body of JSON request is empty. Server automatically created JSON body.
[33m2021-04-15 17:22:17,498[m [main] [31mERROR[m com.egehurturk.handlers.FileResponse - Body of JSON request is empty. Server automatically created JSON body.
[33m2021-04-15 17:22:17,501[m [main] [31mERROR[m com.egehurturk.handlers.FileResponse - Body of JSON request is empty. Server automatically created JSON body.
[33m2021-04-15 17:22:17,507[m [main] [31mERROR[m com.egehurturk.handlers.FileResponse - Body of JSON request is empty. Server automatically created JSON body.
[33m2021-04-15 17:22:17,510[m [main] [31mERROR[m com.egehurturk.handlers.FileResponse - Body of JSON request is empty. Server automatically created JSON body.
[33m2021-04-15 17:22:17,512[m [main] [31mERROR[m com.egehurturk.handlers.FileResponse - Body of JSON request is empty. Server automatically created JSON body.
[33m2021-04-15 17:22:28,525[m [main] [31mERROR[m com.egehurturk.httpd.HttpServer - Server is not properly initialized
[33m2021-04-15 17:22:28,526[m [main] [31mERROR[m com.egehurturk.httpd.HttpServer - Configuration error
[33m2021-04-15 17:22:28,526[m [main] [31mERROR[m com.egehurturk.httpd.HttpServer - Stopping execution
[33m2021-04-15 17:25:27,578[m [main] [31mERROR[m com.egehurturk.httpd.HttpRequest - Request line (e.g. GET /index HTTP/1.1 is not found
[33m2021-04-15 17:25:27,579[m [main] [31mERROR[m com.egehurturk.httpd.HttpRequest - Request does not match HTTP standards. Check the request againand/or read RCF standards. Request should contain at least method ("GET, POST"), HTTP scheme ("HTTP/1.1"), and path
[33m2021-04-15 17:25:27,616[m [main] [31mERROR[m com.egehurturk.httpd.HttpRequest - Request does not match HTTP standards. Check the request againand/or read RCF standards. Request should contain at least method ("GET, POST"), HTTP scheme ("HTTP/1.1"), and path
[33m2021-04-15 17:25:27,625[m [main] [31mERROR[m com.egehurturk.httpd.HttpRequest - Request does not match HTTP standards. Check the request againand/or read RCF standards. Request should contain at least method ("GET, POST"), HTTP scheme ("HTTP/1.1"), and path
[33m2021-04-15 17:25:27,634[m [main] [31mERROR[m com.egehurturk.httpd.HttpRequest - Request does not match HTTP standards. Check the request againand/or read RCF standards. Request should contain at least method ("GET, POST"), HTTP scheme ("HTTP/1.1"), and path
[33m2021-04-15 17:25:27,637[m [main] [31mERROR[m com.egehurturk.httpd.HttpRequest - Request does not match HTTP standards. Check the request againand/or read RCF standards. Request should contain at least method ("GET, POST"), HTTP scheme ("HTTP/1.1"), and path
[33m2021-04-15 17:25:27,639[m [main] [31mERROR[m com.egehurturk.httpd.HttpRequest - Request does not match HTTP standards. Check the request againand/or read RCF standards. Request should contain at least method ("GET, POST"), HTTP scheme ("HTTP/1.1"), and path
[33m2021-04-15 17:25:27,642[m [main] [31mERROR[m com.egehurturk.httpd.HttpRequest - Request does not match HTTP standards. Check the request againand/or read RCF standards. Request should contain at least method ("GET, POST"), HTTP scheme ("HTTP/1.1"), and path
[33m2021-04-15 17:25:27,643[m [main] [31mERROR[m com.egehurturk.httpd.HttpRequest - Input stream of client is null, or empty, Check for client connection
[33m2021-04-15 17:25:27,646[m [main] [31mERROR[m com.egehurturk.httpd.HttpRequest - Request does not match HTTP standards. Check the request againand/or read RCF standards. Request should contain at least method ("GET, POST"), HTTP scheme ("HTTP/1.1"), and path
[33m2021-04-15 17:25:27,675[m [main] [31mERROR[m com.egehurturk.handlers.FileResponse - Body of JSON request is empty. Server automatically created JSON body.
[33m2021-04-15 17:25:27,688[m [main] [31mERROR[m com.egehurturk.handlers.FileResponse - Body of JSON request is empty. Server automatically created JSON body.
[33m2021-04-15 17:25:27,698[m [main] [31mERROR[m com.egehurturk.handlers.FileResponse - Body of JSON request is empty. Server automatically created JSON body.
[33m2021-04-15 17:25:27,700[m [main] [31mERROR[m com.egehurturk.handlers.FileResponse - Body of JSON request is empty. Server automatically created JSON body.
[33m2021-04-15 17:25:27,702[m [main] [31mERROR[m com.egehurturk.handlers.FileResponse - Body of JSON request is empty. Server automatically created JSON body.
[33m2021-04-15 17:25:27,712[m [main] [31mERROR[m com.egehurturk.handlers.FileResponse - Body of JSON request is empty. Server automatically created JSON body.
[33m2021-04-15 17:25:27,714[m [main] [31mERROR[m com.egehurturk.handlers.FileResponse - Body of JSON request is empty. Server automatically created JSON body.
[33m2021-04-15 17:25:27,720[m [main] [31mERROR[m com.egehurturk.handlers.FileResponse - Body of JSON request is empty. Server automatically created JSON body.
[33m2021-04-15 17:25:27,723[m [main] [31mERROR[m com.egehurturk.handlers.FileResponse - Body of JSON request is empty. Server automatically created JSON body.
[33m2021-04-15 17:25:27,726[m [main] [31mERROR[m com.egehurturk.handlers.FileResponse - Body of JSON request is empty. Server automatically created JSON body.
[33m2021-04-15 17:25:27,731[m [main] [31mERROR[m com.egehurturk.handlers.FileResponse - Body of JSON request is empty. Server automatically created JSON body.
[33m2021-04-15 17:25:27,735[m [main] [31mERROR[m com.egehurturk.handlers.FileResponse - Body of JSON request is empty. Server automatically created JSON body.
[33m2021-04-15 17:25:27,736[m [main] [31mERROR[m com.egehurturk.handlers.FileResponse - Body of JSON request is empty. Server automatically created JSON body.
[33m2021-04-15 17:28:04,993[m [main] [31mERROR[m com.egehurturk.httpd.HttpRequest - Request line (e.g. GET /index HTTP/1.1 is not found
[33m2021-04-15 17:28:04,994[m [main] [31mERROR[m com.egehurturk.httpd.HttpRequest - Request does not match HTTP standards. Check the request againand/or read RCF standards. Request should contain at least method ("GET, POST"), HTTP scheme ("HTTP/1.1"), and path
[33m2021-04-15 17:28:05,033[m [main] [31mERROR[m com.egehurturk.httpd.HttpRequest - Request does not match HTTP standards. Check the request againand/or read RCF standards. Request should contain at least method ("GET, POST"), HTTP scheme ("HTTP/1.1"), and path
[33m2021-04-15 17:28:05,042[m [main] [31mERROR[m com.egehurturk.httpd.HttpRequest - Request does not match HTTP standards. Check the request againand/or read RCF standards. Request should contain at least method ("GET, POST"), HTTP scheme ("HTTP/1.1"), and path
[33m2021-04-15 17:28:05,051[m [main] [31mERROR[m com.egehurturk.httpd.HttpRequest - Request does not match HTTP standards. Check the request againand/or read RCF standards. Request should contain at least method ("GET, POST"), HTTP scheme ("HTTP/1.1"), and path
[33m2021-04-15 17:28:05,055[m [main] [31mERROR[m com.egehurturk.httpd.HttpRequest - Request does not match HTTP standards. Check the request againand/or read RCF standards. Request should contain at least method ("GET, POST"), HTTP scheme ("HTTP/1.1"), and path
[33m2021-04-15 17:28:05,057[m [main] [31mERROR[m com.egehurturk.httpd.HttpRequest - Request does not match HTTP standards. Check the request againand/or read RCF standards. Request should contain at least method ("GET, POST"), HTTP scheme ("HTTP/1.1"), and path
[33m2021-04-15 17:28:05,059[m [main] [31mERROR[m com.egehurturk.httpd.HttpRequest - Request does not match HTTP standards. Check the request againand/or read RCF standards. Request should contain at least method ("GET, POST"), HTTP scheme ("HTTP/1.1"), and path
[33m2021-04-15 17:28:05,060[m [main] [31mERROR[m com.egehurturk.httpd.HttpRequest - Input stream of client is null, or empty, Check for client connection
[33m2021-04-15 17:28:05,063[m [main] [31mERROR[m com.egehurturk.httpd.HttpRequest - Request does not match HTTP standards. Check the request againand/or read RCF standards. Request should contain at least method ("GET, POST"), HTTP scheme ("HTTP/1.1"), and path
[33m2021-04-15 17:28:05,090[m [main] [31mERROR[m com.egehurturk.handlers.FileResponse - Body of JSON request is empty. Server automatically created JSON body.
[33m2021-04-15 17:28:05,099[m [main] [31mERROR[m com.egehurturk.handlers.FileResponse - Body of JSON request is empty. Server automatically created JSON body.
[33m2021-04-15 17:28:05,109[m [main] [31mERROR[m com.egehurturk.handlers.FileResponse - Body of JSON request is empty. Server automatically created JSON body.
[33m2021-04-15 17:28:05,111[m [main] [31mERROR[m com.egehurturk.handlers.FileResponse - Body of JSON request is empty. Server automatically created JSON body.
[33m2021-04-15 17:28:05,113[m [main] [31mERROR[m com.egehurturk.handlers.FileResponse - Body of JSON request is empty. Server automatically created JSON body.
[33m2021-04-15 17:28:05,123[m [main] [31mERROR[m com.egehurturk.handlers.FileResponse - Body of JSON request is empty. Server automatically created JSON body.
[33m2021-04-15 17:28:05,125[m [main] [31mERROR[m com.egehurturk.handlers.FileResponse - Body of JSON request is empty. Server automatically created JSON body.
[33m2021-04-15 17:28:05,130[m [main] [31mERROR[m com.egehurturk.handlers.FileResponse - Body of JSON request is empty. Server automatically created JSON body.
[33m2021-04-15 17:28:05,133[m [main] [31mERROR[m com.egehurturk.handlers.FileResponse - Body of JSON request is empty. Server automatically created JSON body.
[33m2021-04-15 17:28:05,135[m [main] [31mERROR[m com.egehurturk.handlers.FileResponse - Body of JSON request is empty. Server automatically created JSON body.
[33m2021-04-15 17:28:05,140[m [main] [31mERROR[m com.egehurturk.handlers.FileResponse - Body of JSON request is empty. Server automatically created JSON body.
[33m2021-04-15 17:28:05,144[m [main] [31mERROR[m com.egehurturk.handlers.FileResponse - Body of JSON request is empty. Server automatically created JSON body.
[33m2021-04-15 17:28:05,145[m [main] [31mERROR[m com.egehurturk.handlers.FileResponse - Body of JSON request is empty. Server automatically created JSON body.
[33m2021-04-15 17:28:59,859[m [main] [31mERROR[m com.egehurturk.httpd.HttpRequest - Request line (e.g. GET /index HTTP/1.1 is not found
[33m2021-04-15 17:28:59,860[m [main] [31mERROR[m com.egehurturk.httpd.HttpRequest - Request does not match HTTP standards. Check the request againand/or read RCF standards. Request should contain at least method ("GET, POST"), HTTP scheme ("HTTP/1.1"), and path
[33m2021-04-15 17:28:59,896[m [main] [31mERROR[m com.egehurturk.httpd.HttpRequest - Request does not match HTTP standards. Check the request againand/or read RCF standards. Request should contain at least method ("GET, POST"), HTTP scheme ("HTTP/1.1"), and path
[33m2021-04-15 17:28:59,906[m [main] [31mERROR[m com.egehurturk.httpd.HttpRequest - Request does not match HTTP standards. Check the request againand/or read RCF standards. Request should contain at least method ("GET, POST"), HTTP scheme ("HTTP/1.1"), and path
[33m2021-04-15 17:28:59,915[m [main] [31mERROR[m com.egehurturk.httpd.HttpRequest - Request does not match HTTP standards. Check the request againand/or read RCF standards. Request should contain at least method ("GET, POST"), HTTP scheme ("HTTP/1.1"), and path
[33m2021-04-15 17:28:59,918[m [main] [31mERROR[m com.egehurturk.httpd.HttpRequest - Request does not match HTTP standards. Check the request againand/or read RCF standards. Request should contain at least method ("GET, POST"), HTTP scheme ("HTTP/1.1"), and path
[33m2021-04-15 17:28:59,920[m [main] [31mERROR[m com.egehurturk.httpd.HttpRequest - Request does not match HTTP standards. Check the request againand/or read RCF standards. Request should contain at least method ("GET, POST"), HTTP scheme ("HTTP/1.1"), and path
[33m2021-04-15 17:28:59,923[m [main] [31mERROR[m com.egehurturk.httpd.HttpRequest - Request does not match HTTP standards. Check the request againand/or read RCF standards. Request should contain at least method ("GET, POST"), HTTP scheme ("HTTP/1.1"), and path
[33m2021-04-15 17:28:59,924[m [main] [31mERROR[m com.egehurturk.httpd.HttpRequest - Input stream of client is null, or empty, Check for client connection
[33m2021-04-15 17:28:59,926[m [main] [31mERROR[m com.egehurturk.httpd.HttpRequest - Request does not match HTTP standards. Check the request againand/or read RCF standards. Request should contain at least method ("GET, POST"), HTTP scheme ("HTTP/1.1"), and path
[33m2021-04-15 17:28:59,956[m [main] [31mERROR[m com.egehurturk.handlers.FileResponse - Body of JSON request is empty. Server automatically created JSON body.
[33m2021-04-15 17:28:59,969[m [main] [31mERROR[m com.egehurturk.handlers.FileResponse - Body of JSON request is empty. Server automatically created JSON body.
[33m2021-04-15 17:28:59,977[m [main] [31mERROR[m com.egehurturk.handlers.FileResponse - Body of JSON request is empty. Server automatically created JSON body.
[33m2021-04-15 17:28:59,979[m [main] [31mERROR[m com.egehurturk.handlers.FileResponse - Body of JSON request is empty. Server automatically created JSON body.
[33m2021-04-15 17:28:59,982[m [main] [31mERROR[m com.egehurturk.handlers.FileResponse - Body of JSON request is empty. Server automatically created JSON body.
[33m2021-04-15 17:28:59,993[m [main] [31mERROR[m com.egehurturk.handlers.FileResponse - Body of JSON request is empty. Server automatically created JSON body.
[33m2021-04-15 17:28:59,995[m [main] [31mERROR[m com.egehurturk.handlers.FileResponse - Body of JSON request is empty. Server automatically created JSON body.
[33m2021-04-15 17:29:00,001[m [main] [31mERROR[m com.egehurturk.handlers.FileResponse - Body of JSON request is empty. Server automatically created JSON body.
[33m2021-04-15 17:29:00,004[m [main] [31mERROR[m com.egehurturk.handlers.FileResponse - Body of JSON request is empty. Server automatically created JSON body.
[33m2021-04-15 17:29:00,006[m [main] [31mERROR[m com.egehurturk.handlers.FileResponse - Body of JSON request is empty. Server automatically created JSON body.
[33m2021-04-15 17:29:00,010[m [main] [31mERROR[m com.egehurturk.handlers.FileResponse - Body of JSON request is empty. Server automatically created JSON body.
[33m2021-04-15 17:29:00,013[m [main] [31mERROR[m com.egehurturk.handlers.FileResponse - Body of JSON request is empty. Server automatically created JSON body.
[33m2021-04-15 17:29:00,016[m [main] [31mERROR[m com.egehurturk.handlers.FileResponse - Body of JSON request is empty. Server automatically created JSON body.
[33m2021-04-15 17:29:36,060[m [main] [31mERROR[m com.egehurturk.httpd.HttpRequest - Request line (e.g. GET /index HTTP/1.1 is not found
[33m2021-04-15 17:29:36,061[m [main] [31mERROR[m com.egehurturk.httpd.HttpRequest - Request does not match HTTP standards. Check the request againand/or read RCF standards. Request should contain at least method ("GET, POST"), HTTP scheme ("HTTP/1.1"), and path
[33m2021-04-15 17:29:36,094[m [main] [31mERROR[m com.egehurturk.httpd.HttpRequest - Request does not match HTTP standards. Check the request againand/or read RCF standards. Request should contain at least method ("GET, POST"), HTTP scheme ("HTTP/1.1"), and path
[33m2021-04-15 17:29:36,103[m [main] [31mERROR[m com.egehurturk.httpd.HttpRequest - Request does not match HTTP standards. Check the request againand/or read RCF standards. Request should contain at least method ("GET, POST"), HTTP scheme ("HTTP/1.1"), and path
[33m2021-04-15 17:29:36,112[m [main] [31mERROR[m com.egehurturk.httpd.HttpRequest - Request does not match HTTP standards. Check the request againand/or read RCF standards. Request should contain at least method ("GET, POST"), HTTP scheme ("HTTP/1.1"), and path
[33m2021-04-15 17:29:36,116[m [main] [31mERROR[m com.egehurturk.httpd.HttpRequest - Request does not match HTTP standards. Check the request againand/or read RCF standards. Request should contain at least method ("GET, POST"), HTTP scheme ("HTTP/1.1"), and path
[33m2021-04-15 17:29:36,118[m [main] [31mERROR[m com.egehurturk.httpd.HttpRequest - Request does not match HTTP standards. Check the request againand/or read RCF standards. Request should contain at least method ("GET, POST"), HTTP scheme ("HTTP/1.1"), and path
[33m2021-04-15 17:29:36,120[m [main] [31mERROR[m com.egehurturk.httpd.HttpRequest - Request does not match HTTP standards. Check the request againand/or read RCF standards. Request should contain at least method ("GET, POST"), HTTP scheme ("HTTP/1.1"), and path
[33m2021-04-15 17:29:36,122[m [main] [31mERROR[m com.egehurturk.httpd.HttpRequest - Input stream of client is null, or empty, Check for client connection
[33m2021-04-15 17:29:36,124[m [main] [31mERROR[m com.egehurturk.httpd.HttpRequest - Request does not match HTTP standards. Check the request againand/or read RCF standards. Request should contain at least method ("GET, POST"), HTTP scheme ("HTTP/1.1"), and path
[33m2021-04-15 17:29:36,151[m [main] [31mERROR[m com.egehurturk.handlers.FileResponse - Body of JSON request is empty. Server automatically created JSON body.
[33m2021-04-15 17:29:36,160[m [main] [31mERROR[m com.egehurturk.handlers.FileResponse - Body of JSON request is empty. Server automatically created JSON body.
[33m2021-04-15 17:29:36,168[m [main] [31mERROR[m com.egehurturk.handlers.FileResponse - Body of JSON request is empty. Server automatically created JSON body.
[33m2021-04-15 17:29:36,170[m [main] [31mERROR[m com.egehurturk.handlers.FileResponse - Body of JSON request is empty. Server automatically created JSON body.
[33m2021-04-15 17:29:36,172[m [main] [31mERROR[m com.egehurturk.handlers.FileResponse - Body of JSON request is empty. Server automatically created JSON body.
[33m2021-04-15 17:29:36,182[m [main] [31mERROR[m com.egehurturk.handlers.FileResponse - Body of JSON request is empty. Server automatically created JSON body.
[33m2021-04-15 17:29:36,184[m [main] [31mERROR[m com.egehurturk.handlers.FileResponse - Body of JSON request is empty. Server automatically created JSON body.
[33m2021-04-15 17:29:36,190[m [main] [31mERROR[m com.egehurturk.handlers.FileResponse - Body of JSON request is empty. Server automatically created JSON body.
[33m2021-04-15 17:29:36,193[m [main] [31mERROR[m com.egehurturk.handlers.FileResponse - Body of JSON request is empty. Server automatically created JSON body.
[33m2021-04-15 17:29:36,196[m [main] [31mERROR[m com.egehurturk.handlers.FileResponse - Body of JSON request is empty. Server automatically created JSON body.
[33m2021-04-15 17:29:36,200[m [main] [31mERROR[m com.egehurturk.handlers.FileResponse - Body of JSON request is empty. Server automatically created JSON body.
[33m2021-04-15 17:29:36,203[m [main] [31mERROR[m com.egehurturk.handlers.FileResponse - Body of JSON request is empty. Server automatically created JSON body.
[33m2021-04-15 17:29:36,206[m [main] [31mERROR[m com.egehurturk.handlers.FileResponse - Body of JSON request is empty. Server automatically created JSON body.
[33m2021-04-15 17:33:10,045[m [main] [31mERROR[m com.egehurturk.httpd.HttpRequest - Request line (e.g. GET /index HTTP/1.1 is not found
[33m2021-04-15 17:33:10,046[m [main] [31mERROR[m com.egehurturk.httpd.HttpRequest - Request does not match HTTP standards. Check the request againand/or read RCF standards. Request should contain at least method ("GET, POST"), HTTP scheme ("HTTP/1.1"), and path
[33m2021-04-15 17:33:10,086[m [main] [31mERROR[m com.egehurturk.httpd.HttpRequest - Request does not match HTTP standards. Check the request againand/or read RCF standards. Request should contain at least method ("GET, POST"), HTTP scheme ("HTTP/1.1"), and path
[33m2021-04-15 17:33:10,095[m [main] [31mERROR[m com.egehurturk.httpd.HttpRequest - Request does not match HTTP standards. Check the request againand/or read RCF standards. Request should contain at least method ("GET, POST"), HTTP scheme ("HTTP/1.1"), and path
[33m2021-04-15 17:33:10,105[m [main] [31mERROR[m com.egehurturk.httpd.HttpRequest - Request does not match HTTP standards. Check the request againand/or read RCF standards. Request should contain at least method ("GET, POST"), HTTP scheme ("HTTP/1.1"), and path
[33m2021-04-15 17:33:10,109[m [main] [31mERROR[m com.egehurturk.httpd.HttpRequest - Request does not match HTTP standards. Check the request againand/or read RCF standards. Request should contain at least method ("GET, POST"), HTTP scheme ("HTTP/1.1"), and path
[33m2021-04-15 17:33:10,112[m [main] [31mERROR[m com.egehurturk.httpd.HttpRequest - Request does not match HTTP standards. Check the request againand/or read RCF standards. Request should contain at least method ("GET, POST"), HTTP scheme ("HTTP/1.1"), and path
[33m2021-04-15 17:33:10,114[m [main] [31mERROR[m com.egehurturk.httpd.HttpRequest - Request does not match HTTP standards. Check the request againand/or read RCF standards. Request should contain at least method ("GET, POST"), HTTP scheme ("HTTP/1.1"), and path
[33m2021-04-15 17:33:10,116[m [main] [31mERROR[m com.egehurturk.httpd.HttpRequest - Input stream of client is null, or empty, Check for client connection
[33m2021-04-15 17:33:10,119[m [main] [31mERROR[m com.egehurturk.httpd.HttpRequest - Request does not match HTTP standards. Check the request againand/or read RCF standards. Request should contain at least method ("GET, POST"), HTTP scheme ("HTTP/1.1"), and path
[33m2021-04-15 17:33:10,146[m [main] [31mERROR[m com.egehurturk.handlers.FileResponse - Body of JSON request is empty. Server automatically created JSON body.
[33m2021-04-15 17:33:10,155[m [main] [31mERROR[m com.egehurturk.handlers.FileResponse - Body of JSON request is empty. Server automatically created JSON body.
[33m2021-04-15 17:33:10,163[m [main] [31mERROR[m com.egehurturk.handlers.FileResponse - Body of JSON request is empty. Server automatically created JSON body.
[33m2021-04-15 17:33:10,165[m [main] [31mERROR[m com.egehurturk.handlers.FileResponse - Body of JSON request is empty. Server automatically created JSON body.
[33m2021-04-15 17:33:10,168[m [main] [31mERROR[m com.egehurturk.handlers.FileResponse - Body of JSON request is empty. Server automatically created JSON body.
[33m2021-04-15 17:33:10,177[m [main] [31mERROR[m com.egehurturk.handlers.FileResponse - Body of JSON request is empty. Server automatically created JSON body.
[33m2021-04-15 17:33:10,180[m [main] [31mERROR[m com.egehurturk.handlers.FileResponse - Body of JSON request is empty. Server automatically created JSON body.
[33m2021-04-15 17:33:10,186[m [main] [31mERROR[m com.egehurturk.handlers.FileResponse - Body of JSON request is empty. Server automatically created JSON body.
[33m2021-04-15 17:33:10,190[m [main] [31mERROR[m com.egehurturk.handlers.FileResponse - Body of JSON request is empty. Server automatically created JSON body.
[33m2021-04-15 17:33:10,192[m [main] [31mERROR[m com.egehurturk.handlers.FileResponse - Body of JSON request is empty. Server automatically created JSON body.
[33m2021-04-15 17:33:10,196[m [main] [31mERROR[m com.egehurturk.handlers.FileResponse - Body of JSON request is empty. Server automatically created JSON body.
[33m2021-04-15 17:33:10,200[m [main] [31mERROR[m com.egehurturk.handlers.FileResponse - Body of JSON request is empty. Server automatically created JSON body.
[33m2021-04-15 17:33:10,202[m [main] [31mERROR[m com.egehurturk.handlers.FileResponse - Body of JSON request is empty. Server automatically created JSON body.
