[33m2021-04-21 14:03:29,917[m [main] [31mERROR[m com.egehurturk.httpd.HttpRequest - Request line (e.g. GET /index HTTP/1.1 is not found
[33m2021-04-21 14:03:29,918[m [main] [31mERROR[m com.egehurturk.httpd.HttpRequest - Request does not match HTTP standards. Check the request againand/or read RCF standards. Request should contain at least method ("GET, POST"), HTTP scheme ("HTTP/1.1"), and path
[33m2021-04-21 14:03:29,962[m [main] [31mERROR[m com.egehurturk.httpd.HttpRequest - Request does not match HTTP standards. Check the request againand/or read RCF standards. Request should contain at least method ("GET, POST"), HTTP scheme ("HTTP/1.1"), and path
[33m2021-04-21 14:03:29,976[m [main] [31mERROR[m com.egehurturk.httpd.HttpRequest - Request does not match HTTP standards. Check the request againand/or read RCF standards. Request should contain at least method ("GET, POST"), HTTP scheme ("HTTP/1.1"), and path
[33m2021-04-21 14:03:29,987[m [main] [31mERROR[m com.egehurturk.httpd.HttpRequest - Request does not match HTTP standards. Check the request againand/or read RCF standards. Request should contain at least method ("GET, POST"), HTTP scheme ("HTTP/1.1"), and path
[33m2021-04-21 14:03:29,992[m [main] [31mERROR[m com.egehurturk.httpd.HttpRequest - Request does not match HTTP standards. Check the request againand/or read RCF standards. Request should contain at least method ("GET, POST"), HTTP scheme ("HTTP/1.1"), and path
[33m2021-04-21 14:03:29,995[m [main] [31mERROR[m com.egehurturk.httpd.HttpRequest - Request does not match HTTP standards. Check the request againand/or read RCF standards. Request should contain at least method ("GET, POST"), HTTP scheme ("HTTP/1.1"), and path
[33m2021-04-21 14:03:29,999[m [main] [31mERROR[m com.egehurturk.httpd.HttpRequest - Request does not match HTTP standards. Check the request againand/or read RCF standards. Request should contain at least method ("GET, POST"), HTTP scheme ("HTTP/1.1"), and path
[33m2021-04-21 14:03:30,001[m [main] [31mERROR[m com.egehurturk.httpd.HttpRequest - Input stream of client is null, or empty, Check for client connection
[33m2021-04-21 14:03:30,006[m [main] [31mERROR[m com.egehurturk.httpd.HttpRequest - Request does not match HTTP standards. Check the request againand/or read RCF standards. Request should contain at least method ("GET, POST"), HTTP scheme ("HTTP/1.1"), and path
[33m2021-04-21 14:03:30,061[m [main] [31mERROR[m com.egehurturk.handlers.FileResponse - Body of JSON request is empty. Server automatically created JSON body.
[33m2021-04-21 14:03:30,078[m [main] [31mERROR[m com.egehurturk.handlers.FileResponse - Body of JSON request is empty. Server automatically created JSON body.
[33m2021-04-21 14:03:30,089[m [main] [31mERROR[m com.egehurturk.handlers.FileResponse - Body of JSON request is empty. Server automatically created JSON body.
[33m2021-04-21 14:03:30,092[m [main] [31mERROR[m com.egehurturk.handlers.FileResponse - Body of JSON request is empty. Server automatically created JSON body.
[33m2021-04-21 14:03:30,096[m [main] [31mERROR[m com.egehurturk.handlers.FileResponse - Body of JSON request is empty. Server automatically created JSON body.
[33m2021-04-21 14:03:30,129[m [main] [31mERROR[m com.egehurturk.handlers.FileResponse - Body of JSON request is empty. Server automatically created JSON body.
[33m2021-04-21 14:03:30,132[m [main] [31mERROR[m com.egehurturk.handlers.FileResponse - Body of JSON request is empty. Server automatically created JSON body.
[33m2021-04-21 14:03:30,146[m [main] [31mERROR[m com.egehurturk.handlers.FileResponse - Body of JSON request is empty. Server automatically created JSON body.
[33m2021-04-21 14:03:30,154[m [main] [31mERROR[m com.egehurturk.handlers.FileResponse - Body of JSON request is empty. Server automatically created JSON body.
[33m2021-04-21 14:03:30,157[m [main] [31mERROR[m com.egehurturk.handlers.FileResponse - Body of JSON request is empty. Server automatically created JSON body.
[33m2021-04-21 14:03:30,163[m [main] [31mERROR[m com.egehurturk.handlers.FileResponse - Body of JSON request is empty. Server automatically created JSON body.
[33m2021-04-21 14:03:30,176[m [main] [31mERROR[m com.egehurturk.handlers.FileResponse - Body of JSON request is empty. Server automatically created JSON body.
[33m2021-04-21 14:03:30,178[m [main] [31mERROR[m com.egehurturk.handlers.FileResponse - Body of JSON request is empty. Server automatically created JSON body.
[33m2021-04-21 14:04:08,689[m [main] [31mERROR[m com.egehurturk.httpd.HttpRequest - Request line (e.g. GET /index HTTP/1.1 is not found
[33m2021-04-21 14:04:08,690[m [main] [31mERROR[m com.egehurturk.httpd.HttpRequest - Request does not match HTTP standards. Check the request againand/or read RCF standards. Request should contain at least method ("GET, POST"), HTTP scheme ("HTTP/1.1"), and path
[33m2021-04-21 14:04:08,735[m [main] [31mERROR[m com.egehurturk.httpd.HttpRequest - Request does not match HTTP standards. Check the request againand/or read RCF standards. Request should contain at least method ("GET, POST"), HTTP scheme ("HTTP/1.1"), and path
[33m2021-04-21 14:04:08,747[m [main] [31mERROR[m com.egehurturk.httpd.HttpRequest - Request does not match HTTP standards. Check the request againand/or read RCF standards. Request should contain at least method ("GET, POST"), HTTP scheme ("HTTP/1.1"), and path
[33m2021-04-21 14:04:08,780[m [main] [31mERROR[m com.egehurturk.httpd.HttpRequest - Request does not match HTTP standards. Check the request againand/or read RCF standards. Request should contain at least method ("GET, POST"), HTTP scheme ("HTTP/1.1"), and path
[33m2021-04-21 14:04:08,785[m [main] [31mERROR[m com.egehurturk.httpd.HttpRequest - Request does not match HTTP standards. Check the request againand/or read RCF standards. Request should contain at least method ("GET, POST"), HTTP scheme ("HTTP/1.1"), and path
[33m2021-04-21 14:04:08,788[m [main] [31mERROR[m com.egehurturk.httpd.HttpRequest - Request does not match HTTP standards. Check the request againand/or read RCF standards. Request should contain at least method ("GET, POST"), HTTP scheme ("HTTP/1.1"), and path
[33m2021-04-21 14:04:08,791[m [main] [31mERROR[m com.egehurturk.httpd.HttpRequest - Request does not match HTTP standards. Check the request againand/or read RCF standards. Request should contain at least method ("GET, POST"), HTTP scheme ("HTTP/1.1"), and path
[33m2021-04-21 14:04:08,793[m [main] [31mERROR[m com.egehurturk.httpd.HttpRequest - Input stream of client is null, or empty, Check for client connection
[33m2021-04-21 14:04:08,796[m [main] [31mERROR[m com.egehurturk.httpd.HttpRequest - Request does not match HTTP standards. Check the request againand/or read RCF standards. Request should contain at least method ("GET, POST"), HTTP scheme ("HTTP/1.1"), and path
[33m2021-04-21 14:04:08,837[m [main] [31mERROR[m com.egehurturk.handlers.FileResponse - Body of JSON request is empty. Server automatically created JSON body.
[33m2021-04-21 14:04:08,848[m [main] [31mERROR[m com.egehurturk.handlers.FileResponse - Body of JSON request is empty. Server automatically created JSON body.
[33m2021-04-21 14:04:08,864[m [main] [31mERROR[m com.egehurturk.handlers.FileResponse - Body of JSON request is empty. Server automatically created JSON body.
[33m2021-04-21 14:04:08,870[m [main] [31mERROR[m com.egehurturk.handlers.FileResponse - Body of JSON request is empty. Server automatically created JSON body.
[33m2021-04-21 14:04:08,878[m [main] [31mERROR[m com.egehurturk.handlers.FileResponse - Body of JSON request is empty. Server automatically created JSON body.
[33m2021-04-21 14:04:08,888[m [main] [31mERROR[m com.egehurturk.handlers.FileResponse - Body of JSON request is empty. Server automatically created JSON body.
[33m2021-04-21 14:04:08,890[m [main] [31mERROR[m com.egehurturk.handlers.FileResponse - Body of JSON request is empty. Server automatically created JSON body.
[33m2021-04-21 14:04:08,896[m [main] [31mERROR[m com.egehurturk.handlers.FileResponse - Body of JSON request is empty. Server automatically created JSON body.
[33m2021-04-21 14:04:08,900[m [main] [31mERROR[m com.egehurturk.handlers.FileResponse - Body of JSON request is empty. Server automatically created JSON body.
[33m2021-04-21 14:04:08,902[m [main] [31mERROR[m com.egehurturk.handlers.FileResponse - Body of JSON request is empty. Server automatically created JSON body.
[33m2021-04-21 14:04:08,913[m [main] [31mERROR[m com.egehurturk.handlers.FileResponse - Body of JSON request is empty. Server automatically created JSON body.
[33m2021-04-21 14:04:08,924[m [main] [31mERROR[m com.egehurturk.handlers.FileResponse - Body of JSON request is empty. Server automatically created JSON body.
[33m2021-04-21 14:04:08,935[m [main] [31mERROR[m com.egehurturk.handlers.FileResponse - Body of JSON request is empty. Server automatically created JSON body.
[33m2021-04-21 14:32:01,935[m [pool-3-thread-3] [31mERROR[m com.egehurturk.httpd.HttpRequest - Request line (e.g. GET /index HTTP/1.1 is not found
[33m2021-04-21 14:32:01,937[m [pool-3-thread-3] [31mERROR[m com.egehurturk.httpd.HttpRequest - Request does not match HTTP standards. Check the request againand/or read RCF standards. Request should contain at least method ("GET, POST"), HTTP scheme ("HTTP/1.1"), and path
[33m2021-04-21 14:35:39,337[m [main  -       ] [31mERROR[m com.egehurturk.httpd.HttpServer - Socket closed
[33m2021-04-21 14:46:26,586[m [pool-3-thread-2] [31mERROR[m com.egehurturk.httpd.HttpRequest - Request line (e.g. GET /index HTTP/1.1 is not found
[33m2021-04-21 14:46:26,589[m [pool-3-thread-2] [31mERROR[m com.egehurturk.httpd.HttpRequest - Request does not match HTTP standards. Check the request againand/or read RCF standards. Request should contain at least method ("GET, POST"), HTTP scheme ("HTTP/1.1"), and path
[33m2021-04-21 14:46:36,108[m [main] [31mERROR[m com.egehurturk.httpd.HttpServer - Socket closed
[33m2021-04-21 15:01:03,267[m [main] [31mERROR[m com.egehurturk.httpd.HttpRequest - Request line (e.g. GET /index HTTP/1.1 is not found
[33m2021-04-21 15:01:03,268[m [main] [31mERROR[m com.egehurturk.httpd.HttpRequest - Request does not match HTTP standards. Check the request againand/or read RCF standards. Request should contain at least method ("GET, POST"), HTTP scheme ("HTTP/1.1"), and path
[33m2021-04-21 15:01:03,310[m [main] [31mERROR[m com.egehurturk.httpd.HttpRequest - Request does not match HTTP standards. Check the request againand/or read RCF standards. Request should contain at least method ("GET, POST"), HTTP scheme ("HTTP/1.1"), and path
[33m2021-04-21 15:01:03,330[m [main] [31mERROR[m com.egehurturk.httpd.HttpRequest - Request does not match HTTP standards. Check the request againand/or read RCF standards. Request should contain at least method ("GET, POST"), HTTP scheme ("HTTP/1.1"), and path
[33m2021-04-21 15:01:03,343[m [main] [31mERROR[m com.egehurturk.httpd.HttpRequest - Request does not match HTTP standards. Check the request againand/or read RCF standards. Request should contain at least method ("GET, POST"), HTTP scheme ("HTTP/1.1"), and path
[33m2021-04-21 15:01:03,347[m [main] [31mERROR[m com.egehurturk.httpd.HttpRequest - Request does not match HTTP standards. Check the request againand/or read RCF standards. Request should contain at least method ("GET, POST"), HTTP scheme ("HTTP/1.1"), and path
[33m2021-04-21 15:01:03,350[m [main] [31mERROR[m com.egehurturk.httpd.HttpRequest - Request does not match HTTP standards. Check the request againand/or read RCF standards. Request should contain at least method ("GET, POST"), HTTP scheme ("HTTP/1.1"), and path
[33m2021-04-21 15:01:03,355[m [main] [31mERROR[m com.egehurturk.httpd.HttpRequest - Request does not match HTTP standards. Check the request againand/or read RCF standards. Request should contain at least method ("GET, POST"), HTTP scheme ("HTTP/1.1"), and path
[33m2021-04-21 15:01:03,358[m [main] [31mERROR[m com.egehurturk.httpd.HttpRequest - Input stream of client is null, or empty, Check for client connection
[33m2021-04-21 15:01:03,364[m [main] [31mERROR[m com.egehurturk.httpd.HttpRequest - Request does not match HTTP standards. Check the request againand/or read RCF standards. Request should contain at least method ("GET, POST"), HTTP scheme ("HTTP/1.1"), and path
[33m2021-04-21 15:01:03,398[m [main] [31mERROR[m com.egehurturk.handlers.FileResponse - Body of JSON request is empty. Server automatically created JSON body.
[33m2021-04-21 15:01:03,408[m [main] [31mERROR[m com.egehurturk.handlers.FileResponse - Body of JSON request is empty. Server automatically created JSON body.
[33m2021-04-21 15:01:03,416[m [main] [31mERROR[m com.egehurturk.handlers.FileResponse - Body of JSON request is empty. Server automatically created JSON body.
[33m2021-04-21 15:01:03,418[m [main] [31mERROR[m com.egehurturk.handlers.FileResponse - Body of JSON request is empty. Server automatically created JSON body.
[33m2021-04-21 15:01:03,421[m [main] [31mERROR[m com.egehurturk.handlers.FileResponse - Body of JSON request is empty. Server automatically created JSON body.
[33m2021-04-21 15:01:03,434[m [main] [31mERROR[m com.egehurturk.handlers.FileResponse - Body of JSON request is empty. Server automatically created JSON body.
[33m2021-04-21 15:01:03,436[m [main] [31mERROR[m com.egehurturk.handlers.FileResponse - Body of JSON request is empty. Server automatically created JSON body.
[33m2021-04-21 15:01:03,444[m [main] [31mERROR[m com.egehurturk.handlers.FileResponse - Body of JSON request is empty. Server automatically created JSON body.
[33m2021-04-21 15:01:03,451[m [main] [31mERROR[m com.egehurturk.handlers.FileResponse - Body of JSON request is empty. Server automatically created JSON body.
[33m2021-04-21 15:01:03,454[m [main] [31mERROR[m com.egehurturk.handlers.FileResponse - Body of JSON request is empty. Server automatically created JSON body.
[33m2021-04-21 15:01:03,465[m [main] [31mERROR[m com.egehurturk.handlers.FileResponse - Body of JSON request is empty. Server automatically created JSON body.
[33m2021-04-21 15:01:03,469[m [main] [31mERROR[m com.egehurturk.handlers.FileResponse - Body of JSON request is empty. Server automatically created JSON body.
[33m2021-04-21 15:01:03,471[m [main] [31mERROR[m com.egehurturk.handlers.FileResponse - Body of JSON request is empty. Server automatically created JSON body.
[33m2021-04-21 15:01:42,682[m [main] [31mERROR[m com.egehurturk.httpd.HttpRequest - Request line (e.g. GET /index HTTP/1.1 is not found
[33m2021-04-21 15:01:42,683[m [main] [31mERROR[m com.egehurturk.httpd.HttpRequest - Request does not match HTTP standards. Check the request againand/or read RCF standards. Request should contain at least method ("GET, POST"), HTTP scheme ("HTTP/1.1"), and path
[33m2021-04-21 15:01:42,727[m [main] [31mERROR[m com.egehurturk.httpd.HttpRequest - Request does not match HTTP standards. Check the request againand/or read RCF standards. Request should contain at least method ("GET, POST"), HTTP scheme ("HTTP/1.1"), and path
[33m2021-04-21 15:01:42,738[m [main] [31mERROR[m com.egehurturk.httpd.HttpRequest - Request does not match HTTP standards. Check the request againand/or read RCF standards. Request should contain at least method ("GET, POST"), HTTP scheme ("HTTP/1.1"), and path
[33m2021-04-21 15:01:42,772[m [main] [31mERROR[m com.egehurturk.httpd.HttpRequest - Request does not match HTTP standards. Check the request againand/or read RCF standards. Request should contain at least method ("GET, POST"), HTTP scheme ("HTTP/1.1"), and path
[33m2021-04-21 15:01:42,776[m [main] [31mERROR[m com.egehurturk.httpd.HttpRequest - Request does not match HTTP standards. Check the request againand/or read RCF standards. Request should contain at least method ("GET, POST"), HTTP scheme ("HTTP/1.1"), and path
[33m2021-04-21 15:01:42,779[m [main] [31mERROR[m com.egehurturk.httpd.HttpRequest - Request does not match HTTP standards. Check the request againand/or read RCF standards. Request should contain at least method ("GET, POST"), HTTP scheme ("HTTP/1.1"), and path
[33m2021-04-21 15:01:42,781[m [main] [31mERROR[m com.egehurturk.httpd.HttpRequest - Request does not match HTTP standards. Check the request againand/or read RCF standards. Request should contain at least method ("GET, POST"), HTTP scheme ("HTTP/1.1"), and path
[33m2021-04-21 15:01:42,782[m [main] [31mERROR[m com.egehurturk.httpd.HttpRequest - Input stream of client is null, or empty, Check for client connection
[33m2021-04-21 15:01:42,785[m [main] [31mERROR[m com.egehurturk.httpd.HttpRequest - Request does not match HTTP standards. Check the request againand/or read RCF standards. Request should contain at least method ("GET, POST"), HTTP scheme ("HTTP/1.1"), and path
[33m2021-04-21 15:01:42,823[m [main] [31mERROR[m com.egehurturk.handlers.FileResponse - Body of JSON request is empty. Server automatically created JSON body.
[33m2021-04-21 15:01:42,838[m [main] [31mERROR[m com.egehurturk.handlers.FileResponse - Body of JSON request is empty. Server automatically created JSON body.
[33m2021-04-21 15:01:42,848[m [main] [31mERROR[m com.egehurturk.handlers.FileResponse - Body of JSON request is empty. Server automatically created JSON body.
[33m2021-04-21 15:01:42,851[m [main] [31mERROR[m com.egehurturk.handlers.FileResponse - Body of JSON request is empty. Server automatically created JSON body.
[33m2021-04-21 15:01:42,854[m [main] [31mERROR[m com.egehurturk.handlers.FileResponse - Body of JSON request is empty. Server automatically created JSON body.
[33m2021-04-21 15:01:42,866[m [main] [31mERROR[m com.egehurturk.handlers.FileResponse - Body of JSON request is empty. Server automatically created JSON body.
[33m2021-04-21 15:01:42,869[m [main] [31mERROR[m com.egehurturk.handlers.FileResponse - Body of JSON request is empty. Server automatically created JSON body.
[33m2021-04-21 15:01:42,875[m [main] [31mERROR[m com.egehurturk.handlers.FileResponse - Body of JSON request is empty. Server automatically created JSON body.
[33m2021-04-21 15:01:42,878[m [main] [31mERROR[m com.egehurturk.handlers.FileResponse - Body of JSON request is empty. Server automatically created JSON body.
[33m2021-04-21 15:01:42,880[m [main] [31mERROR[m com.egehurturk.handlers.FileResponse - Body of JSON request is empty. Server automatically created JSON body.
[33m2021-04-21 15:01:42,884[m [main] [31mERROR[m com.egehurturk.handlers.FileResponse - Body of JSON request is empty. Server automatically created JSON body.
[33m2021-04-21 15:01:42,888[m [main] [31mERROR[m com.egehurturk.handlers.FileResponse - Body of JSON request is empty. Server automatically created JSON body.
[33m2021-04-21 15:01:42,890[m [main] [31mERROR[m com.egehurturk.handlers.FileResponse - Body of JSON request is empty. Server automatically created JSON body.
[33m2021-04-21 15:02:13,414[m [main] [31mERROR[m com.egehurturk.httpd.HttpRequest - Request line (e.g. GET /index HTTP/1.1 is not found
[33m2021-04-21 15:02:13,416[m [main] [31mERROR[m com.egehurturk.httpd.HttpRequest - Request does not match HTTP standards. Check the request againand/or read RCF standards. Request should contain at least method ("GET, POST"), HTTP scheme ("HTTP/1.1"), and path
[33m2021-04-21 15:02:13,479[m [main] [31mERROR[m com.egehurturk.httpd.HttpRequest - Request does not match HTTP standards. Check the request againand/or read RCF standards. Request should contain at least method ("GET, POST"), HTTP scheme ("HTTP/1.1"), and path
[33m2021-04-21 15:02:13,496[m [main] [31mERROR[m com.egehurturk.httpd.HttpRequest - Request does not match HTTP standards. Check the request againand/or read RCF standards. Request should contain at least method ("GET, POST"), HTTP scheme ("HTTP/1.1"), and path
[33m2021-04-21 15:02:13,512[m [main] [31mERROR[m com.egehurturk.httpd.HttpRequest - Request does not match HTTP standards. Check the request againand/or read RCF standards. Request should contain at least method ("GET, POST"), HTTP scheme ("HTTP/1.1"), and path
[33m2021-04-21 15:02:13,515[m [main] [31mERROR[m com.egehurturk.httpd.HttpRequest - Request does not match HTTP standards. Check the request againand/or read RCF standards. Request should contain at least method ("GET, POST"), HTTP scheme ("HTTP/1.1"), and path
[33m2021-04-21 15:02:13,519[m [main] [31mERROR[m com.egehurturk.httpd.HttpRequest - Request does not match HTTP standards. Check the request againand/or read RCF standards. Request should contain at least method ("GET, POST"), HTTP scheme ("HTTP/1.1"), and path
[33m2021-04-21 15:02:13,521[m [main] [31mERROR[m com.egehurturk.httpd.HttpRequest - Request does not match HTTP standards. Check the request againand/or read RCF standards. Request should contain at least method ("GET, POST"), HTTP scheme ("HTTP/1.1"), and path
[33m2021-04-21 15:02:13,523[m [main] [31mERROR[m com.egehurturk.httpd.HttpRequest - Input stream of client is null, or empty, Check for client connection
[33m2021-04-21 15:02:13,525[m [main] [31mERROR[m com.egehurturk.httpd.HttpRequest - Request does not match HTTP standards. Check the request againand/or read RCF standards. Request should contain at least method ("GET, POST"), HTTP scheme ("HTTP/1.1"), and path
[33m2021-04-21 15:02:13,555[m [main] [31mERROR[m com.egehurturk.handlers.FileResponse - Body of JSON request is empty. Server automatically created JSON body.
[33m2021-04-21 15:02:13,570[m [main] [31mERROR[m com.egehurturk.handlers.FileResponse - Body of JSON request is empty. Server automatically created JSON body.
[33m2021-04-21 15:02:13,581[m [main] [31mERROR[m com.egehurturk.handlers.FileResponse - Body of JSON request is empty. Server automatically created JSON body.
[33m2021-04-21 15:02:13,584[m [main] [31mERROR[m com.egehurturk.handlers.FileResponse - Body of JSON request is empty. Server automatically created JSON body.
[33m2021-04-21 15:02:13,586[m [main] [31mERROR[m com.egehurturk.handlers.FileResponse - Body of JSON request is empty. Server automatically created JSON body.
[33m2021-04-21 15:02:13,597[m [main] [31mERROR[m com.egehurturk.handlers.FileResponse - Body of JSON request is empty. Server automatically created JSON body.
[33m2021-04-21 15:02:13,600[m [main] [31mERROR[m com.egehurturk.handlers.FileResponse - Body of JSON request is empty. Server automatically created JSON body.
[33m2021-04-21 15:02:13,608[m [main] [31mERROR[m com.egehurturk.handlers.FileResponse - Body of JSON request is empty. Server automatically created JSON body.
[33m2021-04-21 15:02:13,612[m [main] [31mERROR[m com.egehurturk.handlers.FileResponse - Body of JSON request is empty. Server automatically created JSON body.
[33m2021-04-21 15:02:13,614[m [main] [31mERROR[m com.egehurturk.handlers.FileResponse - Body of JSON request is empty. Server automatically created JSON body.
[33m2021-04-21 15:02:13,618[m [main] [31mERROR[m com.egehurturk.handlers.FileResponse - Body of JSON request is empty. Server automatically created JSON body.
[33m2021-04-21 15:02:13,622[m [main] [31mERROR[m com.egehurturk.handlers.FileResponse - Body of JSON request is empty. Server automatically created JSON body.
[33m2021-04-21 15:02:13,624[m [main] [31mERROR[m com.egehurturk.handlers.FileResponse - Body of JSON request is empty. Server automatically created JSON body.
[33m2021-04-21 15:04:22,103[m [main] [31mERROR[m com.egehurturk.httpd.HttpRequest - Request line (e.g. GET /index HTTP/1.1 is not found
[33m2021-04-21 15:04:22,104[m [main] [31mERROR[m com.egehurturk.httpd.HttpRequest - Request does not match HTTP standards. Check the request againand/or read RCF standards. Request should contain at least method ("GET, POST"), HTTP scheme ("HTTP/1.1"), and path
[33m2021-04-21 15:04:22,168[m [main] [31mERROR[m com.egehurturk.httpd.HttpRequest - Request does not match HTTP standards. Check the request againand/or read RCF standards. Request should contain at least method ("GET, POST"), HTTP scheme ("HTTP/1.1"), and path
[33m2021-04-21 15:04:22,185[m [main] [31mERROR[m com.egehurturk.httpd.HttpRequest - Request does not match HTTP standards. Check the request againand/or read RCF standards. Request should contain at least method ("GET, POST"), HTTP scheme ("HTTP/1.1"), and path
[33m2021-04-21 15:04:22,204[m [main] [31mERROR[m com.egehurturk.httpd.HttpRequest - Request does not match HTTP standards. Check the request againand/or read RCF standards. Request should contain at least method ("GET, POST"), HTTP scheme ("HTTP/1.1"), and path
[33m2021-04-21 15:04:22,207[m [main] [31mERROR[m com.egehurturk.httpd.HttpRequest - Request does not match HTTP standards. Check the request againand/or read RCF standards. Request should contain at least method ("GET, POST"), HTTP scheme ("HTTP/1.1"), and path
[33m2021-04-21 15:04:22,209[m [main] [31mERROR[m com.egehurturk.httpd.HttpRequest - Request does not match HTTP standards. Check the request againand/or read RCF standards. Request should contain at least method ("GET, POST"), HTTP scheme ("HTTP/1.1"), and path
[33m2021-04-21 15:04:22,211[m [main] [31mERROR[m com.egehurturk.httpd.HttpRequest - Request does not match HTTP standards. Check the request againand/or read RCF standards. Request should contain at least method ("GET, POST"), HTTP scheme ("HTTP/1.1"), and path
[33m2021-04-21 15:04:22,212[m [main] [31mERROR[m com.egehurturk.httpd.HttpRequest - Input stream of client is null, or empty, Check for client connection
[33m2021-04-21 15:04:22,214[m [main] [31mERROR[m com.egehurturk.httpd.HttpRequest - Request does not match HTTP standards. Check the request againand/or read RCF standards. Request should contain at least method ("GET, POST"), HTTP scheme ("HTTP/1.1"), and path
[33m2021-04-21 15:04:22,254[m [main] [31mERROR[m com.egehurturk.handlers.FileResponse - Body of JSON request is empty. Server automatically created JSON body.
[33m2021-04-21 15:04:22,268[m [main] [31mERROR[m com.egehurturk.handlers.FileResponse - Body of JSON request is empty. Server automatically created JSON body.
[33m2021-04-21 15:04:22,277[m [main] [31mERROR[m com.egehurturk.handlers.FileResponse - Body of JSON request is empty. Server automatically created JSON body.
[33m2021-04-21 15:04:22,279[m [main] [31mERROR[m com.egehurturk.handlers.FileResponse - Body of JSON request is empty. Server automatically created JSON body.
[33m2021-04-21 15:04:22,282[m [main] [31mERROR[m com.egehurturk.handlers.FileResponse - Body of JSON request is empty. Server automatically created JSON body.
[33m2021-04-21 15:04:22,295[m [main] [31mERROR[m com.egehurturk.handlers.FileResponse - Body of JSON request is empty. Server automatically created JSON body.
[33m2021-04-21 15:04:22,299[m [main] [31mERROR[m com.egehurturk.handlers.FileResponse - Body of JSON request is empty. Server automatically created JSON body.
[33m2021-04-21 15:04:22,312[m [main] [31mERROR[m com.egehurturk.handlers.FileResponse - Body of JSON request is empty. Server automatically created JSON body.
[33m2021-04-21 15:04:22,326[m [main] [31mERROR[m com.egehurturk.handlers.FileResponse - Body of JSON request is empty. Server automatically created JSON body.
[33m2021-04-21 15:04:22,329[m [main] [31mERROR[m com.egehurturk.handlers.FileResponse - Body of JSON request is empty. Server automatically created JSON body.
[33m2021-04-21 15:04:22,334[m [main] [31mERROR[m com.egehurturk.handlers.FileResponse - Body of JSON request is empty. Server automatically created JSON body.
[33m2021-04-21 15:04:22,337[m [main] [31mERROR[m com.egehurturk.handlers.FileResponse - Body of JSON request is empty. Server automatically created JSON body.
[33m2021-04-21 15:04:22,340[m [main] [31mERROR[m com.egehurturk.handlers.FileResponse - Body of JSON request is empty. Server automatically created JSON body.
[33m2021-04-21 15:05:04,848[m [main] [31mERROR[m com.egehurturk.httpd.HttpRequest - Request line (e.g. GET /index HTTP/1.1 is not found
[33m2021-04-21 15:05:04,849[m [main] [31mERROR[m com.egehurturk.httpd.HttpRequest - Request does not match HTTP standards. Check the request againand/or read RCF standards. Request should contain at least method ("GET, POST"), HTTP scheme ("HTTP/1.1"), and path
[33m2021-04-21 15:05:04,889[m [main] [31mERROR[m com.egehurturk.httpd.HttpRequest - Request does not match HTTP standards. Check the request againand/or read RCF standards. Request should contain at least method ("GET, POST"), HTTP scheme ("HTTP/1.1"), and path
[33m2021-04-21 15:05:04,910[m [main] [31mERROR[m com.egehurturk.httpd.HttpRequest - Request does not match HTTP standards. Check the request againand/or read RCF standards. Request should contain at least method ("GET, POST"), HTTP scheme ("HTTP/1.1"), and path
[33m2021-04-21 15:05:04,930[m [main] [31mERROR[m com.egehurturk.httpd.HttpRequest - Request does not match HTTP standards. Check the request againand/or read RCF standards. Request should contain at least method ("GET, POST"), HTTP scheme ("HTTP/1.1"), and path
[33m2021-04-21 15:05:04,934[m [main] [31mERROR[m com.egehurturk.httpd.HttpRequest - Request does not match HTTP standards. Check the request againand/or read RCF standards. Request should contain at least method ("GET, POST"), HTTP scheme ("HTTP/1.1"), and path
[33m2021-04-21 15:05:04,937[m [main] [31mERROR[m com.egehurturk.httpd.HttpRequest - Request does not match HTTP standards. Check the request againand/or read RCF standards. Request should contain at least method ("GET, POST"), HTTP scheme ("HTTP/1.1"), and path
[33m2021-04-21 15:05:04,940[m [main] [31mERROR[m com.egehurturk.httpd.HttpRequest - Request does not match HTTP standards. Check the request againand/or read RCF standards. Request should contain at least method ("GET, POST"), HTTP scheme ("HTTP/1.1"), and path
[33m2021-04-21 15:05:04,941[m [main] [31mERROR[m com.egehurturk.httpd.HttpRequest - Input stream of client is null, or empty, Check for client connection
[33m2021-04-21 15:05:04,944[m [main] [31mERROR[m com.egehurturk.httpd.HttpRequest - Request does not match HTTP standards. Check the request againand/or read RCF standards. Request should contain at least method ("GET, POST"), HTTP scheme ("HTTP/1.1"), and path
[33m2021-04-21 15:05:04,972[m [main] [31mERROR[m com.egehurturk.handlers.FileResponse - Body of JSON request is empty. Server automatically created JSON body.
[33m2021-04-21 15:05:04,981[m [main] [31mERROR[m com.egehurturk.handlers.FileResponse - Body of JSON request is empty. Server automatically created JSON body.
[33m2021-04-21 15:05:04,990[m [main] [31mERROR[m com.egehurturk.handlers.FileResponse - Body of JSON request is empty. Server automatically created JSON body.
[33m2021-04-21 15:05:04,992[m [main] [31mERROR[m com.egehurturk.handlers.FileResponse - Body of JSON request is empty. Server automatically created JSON body.
[33m2021-04-21 15:05:04,994[m [main] [31mERROR[m com.egehurturk.handlers.FileResponse - Body of JSON request is empty. Server automatically created JSON body.
[33m2021-04-21 15:05:05,004[m [main] [31mERROR[m com.egehurturk.handlers.FileResponse - Body of JSON request is empty. Server automatically created JSON body.
[33m2021-04-21 15:05:05,006[m [main] [31mERROR[m com.egehurturk.handlers.FileResponse - Body of JSON request is empty. Server automatically created JSON body.
[33m2021-04-21 15:05:05,012[m [main] [31mERROR[m com.egehurturk.handlers.FileResponse - Body of JSON request is empty. Server automatically created JSON body.
[33m2021-04-21 15:05:05,016[m [main] [31mERROR[m com.egehurturk.handlers.FileResponse - Body of JSON request is empty. Server automatically created JSON body.
[33m2021-04-21 15:05:05,017[m [main] [31mERROR[m com.egehurturk.handlers.FileResponse - Body of JSON request is empty. Server automatically created JSON body.
[33m2021-04-21 15:05:05,022[m [main] [31mERROR[m com.egehurturk.handlers.FileResponse - Body of JSON request is empty. Server automatically created JSON body.
[33m2021-04-21 15:05:05,027[m [main] [31mERROR[m com.egehurturk.handlers.FileResponse - Body of JSON request is empty. Server automatically created JSON body.
[33m2021-04-21 15:05:05,029[m [main] [31mERROR[m com.egehurturk.handlers.FileResponse - Body of JSON request is empty. Server automatically created JSON body.
[33m2021-04-21 15:05:52,354[m [pool-2-thread-3] [31mERROR[m com.egehurturk.httpd.HttpRequest - Request line (e.g. GET /index HTTP/1.1 is not found
[33m2021-04-21 15:05:52,356[m [pool-2-thread-3] [31mERROR[m com.egehurturk.httpd.HttpRequest - Request does not match HTTP standards. Check the request againand/or read RCF standards. Request should contain at least method ("GET, POST"), HTTP scheme ("HTTP/1.1"), and path
[33m2021-04-21 15:06:33,249[m [main] [31mERROR[m com.egehurturk.httpd.HttpServer - Socket closed
