[33m2021-02-17 17:35:59,639[m [main] [31mERROR[m com.egehurturk.httpd.HttpRequest - Request line (e.g. GET /index HTTP/1.1 is not found
[33m2021-02-17 17:35:59,640[m [main] [31mERROR[m com.egehurturk.httpd.HttpRequest - Request does not match HTTP standards. Check the request againand/or read RCF standards. Request should contain at least method ("GET, POST"), HTTP scheme ("HTTP/1.1"), and path
[33m2021-02-17 17:35:59,681[m [main] [31mERROR[m com.egehurturk.httpd.HttpRequest - Request does not match HTTP standards. Check the request againand/or read RCF standards. Request should contain at least method ("GET, POST"), HTTP scheme ("HTTP/1.1"), and path
[33m2021-02-17 17:35:59,691[m [main] [31mERROR[m com.egehurturk.httpd.HttpRequest - Request does not match HTTP standards. Check the request againand/or read RCF standards. Request should contain at least method ("GET, POST"), HTTP scheme ("HTTP/1.1"), and path
[33m2021-02-17 17:35:59,701[m [main] [31mERROR[m com.egehurturk.httpd.HttpRequest - Request does not match HTTP standards. Check the request againand/or read RCF standards. Request should contain at least method ("GET, POST"), HTTP scheme ("HTTP/1.1"), and path
[33m2021-02-17 17:35:59,705[m [main] [31mERROR[m com.egehurturk.httpd.HttpRequest - Request does not match HTTP standards. Check the request againand/or read RCF standards. Request should contain at least method ("GET, POST"), HTTP scheme ("HTTP/1.1"), and path
[33m2021-02-17 17:35:59,708[m [main] [31mERROR[m com.egehurturk.httpd.HttpRequest - Request does not match HTTP standards. Check the request againand/or read RCF standards. Request should contain at least method ("GET, POST"), HTTP scheme ("HTTP/1.1"), and path
[33m2021-02-17 17:35:59,710[m [main] [31mERROR[m com.egehurturk.httpd.HttpRequest - Request does not match HTTP standards. Check the request againand/or read RCF standards. Request should contain at least method ("GET, POST"), HTTP scheme ("HTTP/1.1"), and path
[33m2021-02-17 17:35:59,711[m [main] [31mERROR[m com.egehurturk.httpd.HttpRequest - Input stream of client is null, or empty, Check for client connection
[33m2021-02-17 17:35:59,714[m [main] [31mERROR[m com.egehurturk.httpd.HttpRequest - Request does not match HTTP standards. Check the request againand/or read RCF standards. Request should contain at least method ("GET, POST"), HTTP scheme ("HTTP/1.1"), and path
[33m2021-02-17 17:35:59,745[m [main] [31mERROR[m com.egehurturk.handlers.FileResponse - Body of JSON request is empty. Server automatically created JSON body.
[33m2021-02-17 17:35:59,755[m [main] [31mERROR[m com.egehurturk.handlers.FileResponse - Body of JSON request is empty. Server automatically created JSON body.
[33m2021-02-17 17:35:59,764[m [main] [31mERROR[m com.egehurturk.handlers.FileResponse - Body of JSON request is empty. Server automatically created JSON body.
[33m2021-02-17 17:35:59,766[m [main] [31mERROR[m com.egehurturk.handlers.FileResponse - Body of JSON request is empty. Server automatically created JSON body.
[33m2021-02-17 17:35:59,768[m [main] [31mERROR[m com.egehurturk.handlers.FileResponse - Body of JSON request is empty. Server automatically created JSON body.
[33m2021-02-17 17:35:59,778[m [main] [31mERROR[m com.egehurturk.handlers.FileResponse - Body of JSON request is empty. Server automatically created JSON body.
[33m2021-02-17 17:35:59,780[m [main] [31mERROR[m com.egehurturk.handlers.FileResponse - Body of JSON request is empty. Server automatically created JSON body.
[33m2021-02-17 17:35:59,786[m [main] [31mERROR[m com.egehurturk.handlers.FileResponse - Body of JSON request is empty. Server automatically created JSON body.
[33m2021-02-17 17:35:59,791[m [main] [31mERROR[m com.egehurturk.handlers.FileResponse - Body of JSON request is empty. Server automatically created JSON body.
[33m2021-02-17 17:35:59,793[m [main] [31mERROR[m com.egehurturk.handlers.FileResponse - Body of JSON request is empty. Server automatically created JSON body.
[33m2021-02-17 17:35:59,796[m [main] [31mERROR[m com.egehurturk.handlers.FileResponse - Body of JSON request is empty. Server automatically created JSON body.
[33m2021-02-17 17:35:59,800[m [main] [31mERROR[m com.egehurturk.handlers.FileResponse - Body of JSON request is empty. Server automatically created JSON body.
[33m2021-02-17 17:35:59,802[m [main] [31mERROR[m com.egehurturk.handlers.FileResponse - Body of JSON request is empty. Server automatically created JSON body.
[33m2021-02-17 17:39:33,664[m [pool-2-thread-1] [31mERROR[m com.egehurturk.httpd.HttpRequest - Request line (e.g. GET /index HTTP/1.1 is not found
[33m2021-02-17 17:39:33,665[m [pool-2-thread-1] [31mERROR[m com.egehurturk.httpd.HttpRequest - Request does not match HTTP standards. Check the request againand/or read RCF standards. Request should contain at least method ("GET, POST"), HTTP scheme ("HTTP/1.1"), and path
[33m2021-02-17 17:39:33,697[m [pool-2-thread-2] [31mERROR[m com.egehurturk.httpd.HttpRequest - Request line (e.g. GET /index HTTP/1.1 is not found
[33m2021-02-17 17:39:33,697[m [pool-2-thread-2] [31mERROR[m com.egehurturk.httpd.HttpRequest - Request does not match HTTP standards. Check the request againand/or read RCF standards. Request should contain at least method ("GET, POST"), HTTP scheme ("HTTP/1.1"), and path
[33m2021-02-17 17:39:33,699[m [pool-2-thread-3] [31mERROR[m com.egehurturk.httpd.HttpRequest - Request line (e.g. GET /index HTTP/1.1 is not found
[33m2021-02-17 17:39:33,699[m [pool-2-thread-3] [31mERROR[m com.egehurturk.httpd.HttpRequest - Request does not match HTTP standards. Check the request againand/or read RCF standards. Request should contain at least method ("GET, POST"), HTTP scheme ("HTTP/1.1"), and path
[33m2021-02-17 17:39:33,701[m [pool-2-thread-4] [31mERROR[m com.egehurturk.httpd.HttpRequest - Request line (e.g. GET /index HTTP/1.1 is not found
[33m2021-02-17 17:39:33,701[m [pool-2-thread-4] [31mERROR[m com.egehurturk.httpd.HttpRequest - Request does not match HTTP standards. Check the request againand/or read RCF standards. Request should contain at least method ("GET, POST"), HTTP scheme ("HTTP/1.1"), and path
[33m2021-02-17 17:39:33,703[m [pool-2-thread-5] [31mERROR[m com.egehurturk.httpd.HttpRequest - Request line (e.g. GET /index HTTP/1.1 is not found
[33m2021-02-17 17:39:33,703[m [pool-2-thread-5] [31mERROR[m com.egehurturk.httpd.HttpRequest - Request does not match HTTP standards. Check the request againand/or read RCF standards. Request should contain at least method ("GET, POST"), HTTP scheme ("HTTP/1.1"), and path
[33m2021-02-17 17:39:33,705[m [pool-2-thread-6] [31mERROR[m com.egehurturk.httpd.HttpRequest - Request line (e.g. GET /index HTTP/1.1 is not found
[33m2021-02-17 17:39:33,705[m [pool-2-thread-6] [31mERROR[m com.egehurturk.httpd.HttpRequest - Request does not match HTTP standards. Check the request againand/or read RCF standards. Request should contain at least method ("GET, POST"), HTTP scheme ("HTTP/1.1"), and path
[33m2021-02-17 17:39:33,707[m [pool-2-thread-7] [31mERROR[m com.egehurturk.httpd.HttpRequest - Request line (e.g. GET /index HTTP/1.1 is not found
[33m2021-02-17 17:39:33,707[m [pool-2-thread-7] [31mERROR[m com.egehurturk.httpd.HttpRequest - Request does not match HTTP standards. Check the request againand/or read RCF standards. Request should contain at least method ("GET, POST"), HTTP scheme ("HTTP/1.1"), and path
[33m2021-02-17 17:39:33,709[m [pool-2-thread-8] [31mERROR[m com.egehurturk.httpd.HttpRequest - Request line (e.g. GET /index HTTP/1.1 is not found
[33m2021-02-17 17:39:33,709[m [pool-2-thread-8] [31mERROR[m com.egehurturk.httpd.HttpRequest - Request does not match HTTP standards. Check the request againand/or read RCF standards. Request should contain at least method ("GET, POST"), HTTP scheme ("HTTP/1.1"), and path
[33m2021-02-17 17:39:33,710[m [pool-2-thread-9] [31mERROR[m com.egehurturk.httpd.HttpRequest - Request line (e.g. GET /index HTTP/1.1 is not found
[33m2021-02-17 17:39:33,711[m [pool-2-thread-9] [31mERROR[m com.egehurturk.httpd.HttpRequest - Request does not match HTTP standards. Check the request againand/or read RCF standards. Request should contain at least method ("GET, POST"), HTTP scheme ("HTTP/1.1"), and path
[33m2021-02-17 17:39:33,713[m [pool-2-thread-10] [31mERROR[m com.egehurturk.httpd.HttpRequest - Request line (e.g. GET /index HTTP/1.1 is not found
[33m2021-02-17 17:39:33,713[m [pool-2-thread-10] [31mERROR[m com.egehurturk.httpd.HttpRequest - Request does not match HTTP standards. Check the request againand/or read RCF standards. Request should contain at least method ("GET, POST"), HTTP scheme ("HTTP/1.1"), and path
[33m2021-02-17 17:39:33,715[m [pool-2-thread-11] [31mERROR[m com.egehurturk.httpd.HttpRequest - Request line (e.g. GET /index HTTP/1.1 is not found
[33m2021-02-17 17:39:33,715[m [pool-2-thread-11] [31mERROR[m com.egehurturk.httpd.HttpRequest - Request does not match HTTP standards. Check the request againand/or read RCF standards. Request should contain at least method ("GET, POST"), HTTP scheme ("HTTP/1.1"), and path
[33m2021-02-17 17:39:33,716[m [pool-2-thread-12] [31mERROR[m com.egehurturk.httpd.HttpRequest - Request line (e.g. GET /index HTTP/1.1 is not found
[33m2021-02-17 17:39:33,717[m [pool-2-thread-12] [31mERROR[m com.egehurturk.httpd.HttpRequest - Request does not match HTTP standards. Check the request againand/or read RCF standards. Request should contain at least method ("GET, POST"), HTTP scheme ("HTTP/1.1"), and path
[33m2021-02-17 17:39:33,718[m [pool-2-thread-13] [31mERROR[m com.egehurturk.httpd.HttpRequest - Request line (e.g. GET /index HTTP/1.1 is not found
[33m2021-02-17 17:39:33,735[m [pool-2-thread-13] [31mERROR[m com.egehurturk.httpd.HttpRequest - Request does not match HTTP standards. Check the request againand/or read RCF standards. Request should contain at least method ("GET, POST"), HTTP scheme ("HTTP/1.1"), and path
[33m2021-02-17 17:39:33,736[m [pool-2-thread-14] [31mERROR[m com.egehurturk.httpd.HttpRequest - Request line (e.g. GET /index HTTP/1.1 is not found
[33m2021-02-17 17:39:33,736[m [pool-2-thread-14] [31mERROR[m com.egehurturk.httpd.HttpRequest - Request does not match HTTP standards. Check the request againand/or read RCF standards. Request should contain at least method ("GET, POST"), HTTP scheme ("HTTP/1.1"), and path
[33m2021-02-17 17:39:33,738[m [pool-2-thread-15] [31mERROR[m com.egehurturk.httpd.HttpRequest - Request line (e.g. GET /index HTTP/1.1 is not found
[33m2021-02-17 17:39:33,738[m [pool-2-thread-15] [31mERROR[m com.egehurturk.httpd.HttpRequest - Request does not match HTTP standards. Check the request againand/or read RCF standards. Request should contain at least method ("GET, POST"), HTTP scheme ("HTTP/1.1"), and path
[33m2021-02-17 17:39:33,740[m [pool-2-thread-16] [31mERROR[m com.egehurturk.httpd.HttpRequest - Request line (e.g. GET /index HTTP/1.1 is not found
[33m2021-02-17 17:39:33,740[m [pool-2-thread-16] [31mERROR[m com.egehurturk.httpd.HttpRequest - Request does not match HTTP standards. Check the request againand/or read RCF standards. Request should contain at least method ("GET, POST"), HTTP scheme ("HTTP/1.1"), and path
[33m2021-02-17 17:39:33,741[m [pool-2-thread-17] [31mERROR[m com.egehurturk.httpd.HttpRequest - Request line (e.g. GET /index HTTP/1.1 is not found
[33m2021-02-17 17:39:33,741[m [pool-2-thread-17] [31mERROR[m com.egehurturk.httpd.HttpRequest - Request does not match HTTP standards. Check the request againand/or read RCF standards. Request should contain at least method ("GET, POST"), HTTP scheme ("HTTP/1.1"), and path
[33m2021-02-17 17:39:33,743[m [pool-2-thread-18] [31mERROR[m com.egehurturk.httpd.HttpRequest - Request line (e.g. GET /index HTTP/1.1 is not found
[33m2021-02-17 17:39:33,743[m [pool-2-thread-18] [31mERROR[m com.egehurturk.httpd.HttpRequest - Request does not match HTTP standards. Check the request againand/or read RCF standards. Request should contain at least method ("GET, POST"), HTTP scheme ("HTTP/1.1"), and path
[33m2021-02-17 17:39:33,745[m [pool-2-thread-19] [31mERROR[m com.egehurturk.httpd.HttpRequest - Request line (e.g. GET /index HTTP/1.1 is not found
[33m2021-02-17 17:39:33,745[m [pool-2-thread-19] [31mERROR[m com.egehurturk.httpd.HttpRequest - Request does not match HTTP standards. Check the request againand/or read RCF standards. Request should contain at least method ("GET, POST"), HTTP scheme ("HTTP/1.1"), and path
[33m2021-02-17 17:39:33,746[m [pool-2-thread-20] [31mERROR[m com.egehurturk.httpd.HttpRequest - Request line (e.g. GET /index HTTP/1.1 is not found
[33m2021-02-17 17:39:33,747[m [pool-2-thread-20] [31mERROR[m com.egehurturk.httpd.HttpRequest - Request does not match HTTP standards. Check the request againand/or read RCF standards. Request should contain at least method ("GET, POST"), HTTP scheme ("HTTP/1.1"), and path
[33m2021-02-17 17:39:33,748[m [pool-2-thread-21] [31mERROR[m com.egehurturk.httpd.HttpRequest - Request line (e.g. GET /index HTTP/1.1 is not found
[33m2021-02-17 17:39:33,749[m [pool-2-thread-21] [31mERROR[m com.egehurturk.httpd.HttpRequest - Request does not match HTTP standards. Check the request againand/or read RCF standards. Request should contain at least method ("GET, POST"), HTTP scheme ("HTTP/1.1"), and path
[33m2021-02-17 17:39:33,750[m [pool-2-thread-22] [31mERROR[m com.egehurturk.httpd.HttpRequest - Request line (e.g. GET /index HTTP/1.1 is not found
[33m2021-02-17 17:39:33,750[m [pool-2-thread-22] [31mERROR[m com.egehurturk.httpd.HttpRequest - Request does not match HTTP standards. Check the request againand/or read RCF standards. Request should contain at least method ("GET, POST"), HTTP scheme ("HTTP/1.1"), and path
[33m2021-02-17 17:39:33,752[m [pool-2-thread-23] [31mERROR[m com.egehurturk.httpd.HttpRequest - Request line (e.g. GET /index HTTP/1.1 is not found
[33m2021-02-17 17:39:33,752[m [pool-2-thread-23] [31mERROR[m com.egehurturk.httpd.HttpRequest - Request does not match HTTP standards. Check the request againand/or read RCF standards. Request should contain at least method ("GET, POST"), HTTP scheme ("HTTP/1.1"), and path
[33m2021-02-17 17:39:33,753[m [pool-2-thread-24] [31mERROR[m com.egehurturk.httpd.HttpRequest - Request line (e.g. GET /index HTTP/1.1 is not found
[33m2021-02-17 17:39:33,753[m [pool-2-thread-24] [31mERROR[m com.egehurturk.httpd.HttpRequest - Request does not match HTTP standards. Check the request againand/or read RCF standards. Request should contain at least method ("GET, POST"), HTTP scheme ("HTTP/1.1"), and path
[33m2021-02-17 17:39:33,755[m [pool-2-thread-25] [31mERROR[m com.egehurturk.httpd.HttpRequest - Request line (e.g. GET /index HTTP/1.1 is not found
[33m2021-02-17 17:39:33,755[m [pool-2-thread-25] [31mERROR[m com.egehurturk.httpd.HttpRequest - Request does not match HTTP standards. Check the request againand/or read RCF standards. Request should contain at least method ("GET, POST"), HTTP scheme ("HTTP/1.1"), and path
[33m2021-02-17 17:39:33,757[m [pool-2-thread-26] [31mERROR[m com.egehurturk.httpd.HttpRequest - Request line (e.g. GET /index HTTP/1.1 is not found
[33m2021-02-17 17:39:33,757[m [pool-2-thread-26] [31mERROR[m com.egehurturk.httpd.HttpRequest - Request does not match HTTP standards. Check the request againand/or read RCF standards. Request should contain at least method ("GET, POST"), HTTP scheme ("HTTP/1.1"), and path
[33m2021-02-17 17:39:33,758[m [pool-2-thread-27] [31mERROR[m com.egehurturk.httpd.HttpRequest - Request line (e.g. GET /index HTTP/1.1 is not found
[33m2021-02-17 17:39:33,758[m [pool-2-thread-27] [31mERROR[m com.egehurturk.httpd.HttpRequest - Request does not match HTTP standards. Check the request againand/or read RCF standards. Request should contain at least method ("GET, POST"), HTTP scheme ("HTTP/1.1"), and path
[33m2021-02-17 17:39:33,760[m [pool-2-thread-28] [31mERROR[m com.egehurturk.httpd.HttpRequest - Request line (e.g. GET /index HTTP/1.1 is not found
[33m2021-02-17 17:39:33,760[m [pool-2-thread-28] [31mERROR[m com.egehurturk.httpd.HttpRequest - Request does not match HTTP standards. Check the request againand/or read RCF standards. Request should contain at least method ("GET, POST"), HTTP scheme ("HTTP/1.1"), and path
[33m2021-02-17 17:39:33,762[m [pool-2-thread-29] [31mERROR[m com.egehurturk.httpd.HttpRequest - Request line (e.g. GET /index HTTP/1.1 is not found
[33m2021-02-17 17:39:33,762[m [pool-2-thread-29] [31mERROR[m com.egehurturk.httpd.HttpRequest - Request does not match HTTP standards. Check the request againand/or read RCF standards. Request should contain at least method ("GET, POST"), HTTP scheme ("HTTP/1.1"), and path
[33m2021-02-17 17:39:33,763[m [pool-2-thread-30] [31mERROR[m com.egehurturk.httpd.HttpRequest - Request line (e.g. GET /index HTTP/1.1 is not found
[33m2021-02-17 17:39:33,764[m [pool-2-thread-30] [31mERROR[m com.egehurturk.httpd.HttpRequest - Request does not match HTTP standards. Check the request againand/or read RCF standards. Request should contain at least method ("GET, POST"), HTTP scheme ("HTTP/1.1"), and path
[33m2021-02-17 17:39:33,765[m [pool-2-thread-31] [31mERROR[m com.egehurturk.httpd.HttpRequest - Request line (e.g. GET /index HTTP/1.1 is not found
[33m2021-02-17 17:39:33,765[m [pool-2-thread-31] [31mERROR[m com.egehurturk.httpd.HttpRequest - Request does not match HTTP standards. Check the request againand/or read RCF standards. Request should contain at least method ("GET, POST"), HTTP scheme ("HTTP/1.1"), and path
[33m2021-02-17 17:39:33,766[m [pool-2-thread-32] [31mERROR[m com.egehurturk.httpd.HttpRequest - Request line (e.g. GET /index HTTP/1.1 is not found
[33m2021-02-17 17:39:33,767[m [pool-2-thread-32] [31mERROR[m com.egehurturk.httpd.HttpRequest - Request does not match HTTP standards. Check the request againand/or read RCF standards. Request should contain at least method ("GET, POST"), HTTP scheme ("HTTP/1.1"), and path
[33m2021-02-17 17:39:33,768[m [pool-2-thread-33] [31mERROR[m com.egehurturk.httpd.HttpRequest - Request line (e.g. GET /index HTTP/1.1 is not found
[33m2021-02-17 17:39:33,768[m [pool-2-thread-33] [31mERROR[m com.egehurturk.httpd.HttpRequest - Request does not match HTTP standards. Check the request againand/or read RCF standards. Request should contain at least method ("GET, POST"), HTTP scheme ("HTTP/1.1"), and path
[33m2021-02-17 17:39:33,769[m [pool-2-thread-34] [31mERROR[m com.egehurturk.httpd.HttpRequest - Request line (e.g. GET /index HTTP/1.1 is not found
[33m2021-02-17 17:39:33,770[m [pool-2-thread-34] [31mERROR[m com.egehurturk.httpd.HttpRequest - Request does not match HTTP standards. Check the request againand/or read RCF standards. Request should contain at least method ("GET, POST"), HTTP scheme ("HTTP/1.1"), and path
[33m2021-02-17 17:39:33,771[m [pool-2-thread-35] [31mERROR[m com.egehurturk.httpd.HttpRequest - Request line (e.g. GET /index HTTP/1.1 is not found
[33m2021-02-17 17:39:33,771[m [pool-2-thread-35] [31mERROR[m com.egehurturk.httpd.HttpRequest - Request does not match HTTP standards. Check the request againand/or read RCF standards. Request should contain at least method ("GET, POST"), HTTP scheme ("HTTP/1.1"), and path
[33m2021-02-17 17:39:33,773[m [pool-2-thread-36] [31mERROR[m com.egehurturk.httpd.HttpRequest - Request line (e.g. GET /index HTTP/1.1 is not found
[33m2021-02-17 17:39:33,773[m [pool-2-thread-36] [31mERROR[m com.egehurturk.httpd.HttpRequest - Request does not match HTTP standards. Check the request againand/or read RCF standards. Request should contain at least method ("GET, POST"), HTTP scheme ("HTTP/1.1"), and path
[33m2021-02-17 17:39:33,774[m [pool-2-thread-37] [31mERROR[m com.egehurturk.httpd.HttpRequest - Request line (e.g. GET /index HTTP/1.1 is not found
[33m2021-02-17 17:39:33,774[m [pool-2-thread-37] [31mERROR[m com.egehurturk.httpd.HttpRequest - Request does not match HTTP standards. Check the request againand/or read RCF standards. Request should contain at least method ("GET, POST"), HTTP scheme ("HTTP/1.1"), and path
[33m2021-02-17 17:39:33,775[m [pool-2-thread-38] [31mERROR[m com.egehurturk.httpd.HttpRequest - Request line (e.g. GET /index HTTP/1.1 is not found
[33m2021-02-17 17:39:33,776[m [pool-2-thread-38] [31mERROR[m com.egehurturk.httpd.HttpRequest - Request does not match HTTP standards. Check the request againand/or read RCF standards. Request should contain at least method ("GET, POST"), HTTP scheme ("HTTP/1.1"), and path
[33m2021-02-17 17:39:33,777[m [pool-2-thread-39] [31mERROR[m com.egehurturk.httpd.HttpRequest - Request line (e.g. GET /index HTTP/1.1 is not found
[33m2021-02-17 17:39:33,777[m [pool-2-thread-39] [31mERROR[m com.egehurturk.httpd.HttpRequest - Request does not match HTTP standards. Check the request againand/or read RCF standards. Request should contain at least method ("GET, POST"), HTTP scheme ("HTTP/1.1"), and path
[33m2021-02-17 17:39:33,778[m [pool-2-thread-40] [31mERROR[m com.egehurturk.httpd.HttpRequest - Request line (e.g. GET /index HTTP/1.1 is not found
[33m2021-02-17 17:39:33,779[m [pool-2-thread-40] [31mERROR[m com.egehurturk.httpd.HttpRequest - Request does not match HTTP standards. Check the request againand/or read RCF standards. Request should contain at least method ("GET, POST"), HTTP scheme ("HTTP/1.1"), and path
[33m2021-02-17 17:39:33,780[m [pool-2-thread-41] [31mERROR[m com.egehurturk.httpd.HttpRequest - Request line (e.g. GET /index HTTP/1.1 is not found
[33m2021-02-17 17:39:33,780[m [pool-2-thread-41] [31mERROR[m com.egehurturk.httpd.HttpRequest - Request does not match HTTP standards. Check the request againand/or read RCF standards. Request should contain at least method ("GET, POST"), HTTP scheme ("HTTP/1.1"), and path
[33m2021-02-17 17:39:33,782[m [pool-2-thread-42] [31mERROR[m com.egehurturk.httpd.HttpRequest - Request line (e.g. GET /index HTTP/1.1 is not found
[33m2021-02-17 17:39:33,782[m [pool-2-thread-42] [31mERROR[m com.egehurturk.httpd.HttpRequest - Request does not match HTTP standards. Check the request againand/or read RCF standards. Request should contain at least method ("GET, POST"), HTTP scheme ("HTTP/1.1"), and path
[33m2021-02-17 17:39:33,783[m [pool-2-thread-43] [31mERROR[m com.egehurturk.httpd.HttpRequest - Request line (e.g. GET /index HTTP/1.1 is not found
[33m2021-02-17 17:39:33,783[m [pool-2-thread-43] [31mERROR[m com.egehurturk.httpd.HttpRequest - Request does not match HTTP standards. Check the request againand/or read RCF standards. Request should contain at least method ("GET, POST"), HTTP scheme ("HTTP/1.1"), and path
[33m2021-02-17 17:39:33,785[m [pool-2-thread-44] [31mERROR[m com.egehurturk.httpd.HttpRequest - Request line (e.g. GET /index HTTP/1.1 is not found
[33m2021-02-17 17:39:33,785[m [pool-2-thread-44] [31mERROR[m com.egehurturk.httpd.HttpRequest - Request does not match HTTP standards. Check the request againand/or read RCF standards. Request should contain at least method ("GET, POST"), HTTP scheme ("HTTP/1.1"), and path
[33m2021-02-17 17:39:33,786[m [pool-2-thread-45] [31mERROR[m com.egehurturk.httpd.HttpRequest - Request line (e.g. GET /index HTTP/1.1 is not found
[33m2021-02-17 17:39:33,786[m [pool-2-thread-45] [31mERROR[m com.egehurturk.httpd.HttpRequest - Request does not match HTTP standards. Check the request againand/or read RCF standards. Request should contain at least method ("GET, POST"), HTTP scheme ("HTTP/1.1"), and path
[33m2021-02-17 17:39:33,788[m [pool-2-thread-46] [31mERROR[m com.egehurturk.httpd.HttpRequest - Request line (e.g. GET /index HTTP/1.1 is not found
[33m2021-02-17 17:39:33,788[m [pool-2-thread-46] [31mERROR[m com.egehurturk.httpd.HttpRequest - Request does not match HTTP standards. Check the request againand/or read RCF standards. Request should contain at least method ("GET, POST"), HTTP scheme ("HTTP/1.1"), and path
[33m2021-02-17 17:39:33,789[m [pool-2-thread-47] [31mERROR[m com.egehurturk.httpd.HttpRequest - Request line (e.g. GET /index HTTP/1.1 is not found
[33m2021-02-17 17:39:33,789[m [pool-2-thread-47] [31mERROR[m com.egehurturk.httpd.HttpRequest - Request does not match HTTP standards. Check the request againand/or read RCF standards. Request should contain at least method ("GET, POST"), HTTP scheme ("HTTP/1.1"), and path
[33m2021-02-17 17:39:33,791[m [pool-2-thread-48] [31mERROR[m com.egehurturk.httpd.HttpRequest - Request line (e.g. GET /index HTTP/1.1 is not found
[33m2021-02-17 17:39:33,791[m [pool-2-thread-48] [31mERROR[m com.egehurturk.httpd.HttpRequest - Request does not match HTTP standards. Check the request againand/or read RCF standards. Request should contain at least method ("GET, POST"), HTTP scheme ("HTTP/1.1"), and path
[33m2021-02-17 17:39:33,792[m [pool-2-thread-49] [31mERROR[m com.egehurturk.httpd.HttpRequest - Request line (e.g. GET /index HTTP/1.1 is not found
[33m2021-02-17 17:39:33,793[m [pool-2-thread-49] [31mERROR[m com.egehurturk.httpd.HttpRequest - Request does not match HTTP standards. Check the request againand/or read RCF standards. Request should contain at least method ("GET, POST"), HTTP scheme ("HTTP/1.1"), and path
[33m2021-02-17 17:39:33,794[m [pool-2-thread-50] [31mERROR[m com.egehurturk.httpd.HttpRequest - Request line (e.g. GET /index HTTP/1.1 is not found
[33m2021-02-17 17:39:33,794[m [pool-2-thread-50] [31mERROR[m com.egehurturk.httpd.HttpRequest - Request does not match HTTP standards. Check the request againand/or read RCF standards. Request should contain at least method ("GET, POST"), HTTP scheme ("HTTP/1.1"), and path
[33m2021-02-17 17:39:33,796[m [pool-2-thread-51] [31mERROR[m com.egehurturk.httpd.HttpRequest - Request line (e.g. GET /index HTTP/1.1 is not found
[33m2021-02-17 17:39:33,796[m [pool-2-thread-51] [31mERROR[m com.egehurturk.httpd.HttpRequest - Request does not match HTTP standards. Check the request againand/or read RCF standards. Request should contain at least method ("GET, POST"), HTTP scheme ("HTTP/1.1"), and path
[33m2021-02-17 17:39:33,797[m [pool-2-thread-52] [31mERROR[m com.egehurturk.httpd.HttpRequest - Request line (e.g. GET /index HTTP/1.1 is not found
[33m2021-02-17 17:39:33,806[m [pool-2-thread-52] [31mERROR[m com.egehurturk.httpd.HttpRequest - Request does not match HTTP standards. Check the request againand/or read RCF standards. Request should contain at least method ("GET, POST"), HTTP scheme ("HTTP/1.1"), and path
[33m2021-02-17 17:39:33,808[m [pool-2-thread-53] [31mERROR[m com.egehurturk.httpd.HttpRequest - Request line (e.g. GET /index HTTP/1.1 is not found
[33m2021-02-17 17:39:33,808[m [pool-2-thread-53] [31mERROR[m com.egehurturk.httpd.HttpRequest - Request does not match HTTP standards. Check the request againand/or read RCF standards. Request should contain at least method ("GET, POST"), HTTP scheme ("HTTP/1.1"), and path
[33m2021-02-17 17:39:33,809[m [pool-2-thread-54] [31mERROR[m com.egehurturk.httpd.HttpRequest - Request line (e.g. GET /index HTTP/1.1 is not found
[33m2021-02-17 17:39:33,809[m [pool-2-thread-54] [31mERROR[m com.egehurturk.httpd.HttpRequest - Request does not match HTTP standards. Check the request againand/or read RCF standards. Request should contain at least method ("GET, POST"), HTTP scheme ("HTTP/1.1"), and path
[33m2021-02-17 17:39:33,811[m [pool-2-thread-55] [31mERROR[m com.egehurturk.httpd.HttpRequest - Request line (e.g. GET /index HTTP/1.1 is not found
[33m2021-02-17 17:39:33,811[m [pool-2-thread-55] [31mERROR[m com.egehurturk.httpd.HttpRequest - Request does not match HTTP standards. Check the request againand/or read RCF standards. Request should contain at least method ("GET, POST"), HTTP scheme ("HTTP/1.1"), and path
[33m2021-02-17 17:39:33,812[m [pool-2-thread-56] [31mERROR[m com.egehurturk.httpd.HttpRequest - Request does not match HTTP standards. Check the request againand/or read RCF standards. Request should contain at least method ("GET, POST"), HTTP scheme ("HTTP/1.1"), and path
[33m2021-02-17 17:39:33,813[m [pool-2-thread-57] [31mERROR[m com.egehurturk.httpd.HttpRequest - Request line (e.g. GET /index HTTP/1.1 is not found
[33m2021-02-17 17:39:33,813[m [pool-2-thread-57] [31mERROR[m com.egehurturk.httpd.HttpRequest - Request does not match HTTP standards. Check the request againand/or read RCF standards. Request should contain at least method ("GET, POST"), HTTP scheme ("HTTP/1.1"), and path
[33m2021-02-17 17:39:33,815[m [pool-2-thread-58] [31mERROR[m com.egehurturk.httpd.HttpRequest - Request line (e.g. GET /index HTTP/1.1 is not found
[33m2021-02-17 17:39:33,815[m [pool-2-thread-58] [31mERROR[m com.egehurturk.httpd.HttpRequest - Request does not match HTTP standards. Check the request againand/or read RCF standards. Request should contain at least method ("GET, POST"), HTTP scheme ("HTTP/1.1"), and path
[33m2021-02-17 17:39:33,816[m [pool-2-thread-59] [31mERROR[m com.egehurturk.httpd.HttpRequest - Request does not match HTTP standards. Check the request againand/or read RCF standards. Request should contain at least method ("GET, POST"), HTTP scheme ("HTTP/1.1"), and path
[33m2021-02-17 17:39:33,818[m [pool-2-thread-60] [31mERROR[m com.egehurturk.httpd.HttpRequest - Request line (e.g. GET /index HTTP/1.1 is not found
[33m2021-02-17 17:39:33,818[m [pool-2-thread-60] [31mERROR[m com.egehurturk.httpd.HttpRequest - Request does not match HTTP standards. Check the request againand/or read RCF standards. Request should contain at least method ("GET, POST"), HTTP scheme ("HTTP/1.1"), and path
[33m2021-02-17 17:39:33,819[m [pool-2-thread-61] [31mERROR[m com.egehurturk.httpd.HttpRequest - Request line (e.g. GET /index HTTP/1.1 is not found
[33m2021-02-17 17:39:33,819[m [pool-2-thread-61] [31mERROR[m com.egehurturk.httpd.HttpRequest - Request does not match HTTP standards. Check the request againand/or read RCF standards. Request should contain at least method ("GET, POST"), HTTP scheme ("HTTP/1.1"), and path
[33m2021-02-17 17:39:33,821[m [pool-2-thread-62] [31mERROR[m com.egehurturk.httpd.HttpRequest - Request line (e.g. GET /index HTTP/1.1 is not found
[33m2021-02-17 17:39:33,821[m [pool-2-thread-62] [31mERROR[m com.egehurturk.httpd.HttpRequest - Request does not match HTTP standards. Check the request againand/or read RCF standards. Request should contain at least method ("GET, POST"), HTTP scheme ("HTTP/1.1"), and path
[33m2021-02-17 17:39:33,822[m [pool-2-thread-63] [31mERROR[m com.egehurturk.httpd.HttpRequest - Request line (e.g. GET /index HTTP/1.1 is not found
[33m2021-02-17 17:39:33,822[m [pool-2-thread-63] [31mERROR[m com.egehurturk.httpd.HttpRequest - Request does not match HTTP standards. Check the request againand/or read RCF standards. Request should contain at least method ("GET, POST"), HTTP scheme ("HTTP/1.1"), and path
[33m2021-02-17 17:39:33,824[m [pool-2-thread-64] [31mERROR[m com.egehurturk.httpd.HttpRequest - Request line (e.g. GET /index HTTP/1.1 is not found
[33m2021-02-17 17:39:33,824[m [pool-2-thread-64] [31mERROR[m com.egehurturk.httpd.HttpRequest - Request does not match HTTP standards. Check the request againand/or read RCF standards. Request should contain at least method ("GET, POST"), HTTP scheme ("HTTP/1.1"), and path
[33m2021-02-17 17:39:33,825[m [pool-2-thread-65] [31mERROR[m com.egehurturk.httpd.HttpRequest - Request line (e.g. GET /index HTTP/1.1 is not found
[33m2021-02-17 17:39:33,825[m [pool-2-thread-65] [31mERROR[m com.egehurturk.httpd.HttpRequest - Request does not match HTTP standards. Check the request againand/or read RCF standards. Request should contain at least method ("GET, POST"), HTTP scheme ("HTTP/1.1"), and path
[33m2021-02-17 17:39:33,826[m [pool-2-thread-66] [31mERROR[m com.egehurturk.httpd.HttpRequest - Request line (e.g. GET /index HTTP/1.1 is not found
[33m2021-02-17 17:39:33,826[m [pool-2-thread-66] [31mERROR[m com.egehurturk.httpd.HttpRequest - Request does not match HTTP standards. Check the request againand/or read RCF standards. Request should contain at least method ("GET, POST"), HTTP scheme ("HTTP/1.1"), and path
[33m2021-02-17 17:39:33,827[m [pool-2-thread-67] [31mERROR[m com.egehurturk.httpd.HttpRequest - Request line (e.g. GET /index HTTP/1.1 is not found
[33m2021-02-17 17:39:33,828[m [pool-2-thread-67] [31mERROR[m com.egehurturk.httpd.HttpRequest - Request does not match HTTP standards. Check the request againand/or read RCF standards. Request should contain at least method ("GET, POST"), HTTP scheme ("HTTP/1.1"), and path
[33m2021-02-17 17:39:33,829[m [pool-2-thread-68] [31mERROR[m com.egehurturk.httpd.HttpRequest - Request line (e.g. GET /index HTTP/1.1 is not found
[33m2021-02-17 17:39:33,829[m [pool-2-thread-68] [31mERROR[m com.egehurturk.httpd.HttpRequest - Request does not match HTTP standards. Check the request againand/or read RCF standards. Request should contain at least method ("GET, POST"), HTTP scheme ("HTTP/1.1"), and path
[33m2021-02-17 17:39:33,830[m [pool-2-thread-69] [31mERROR[m com.egehurturk.httpd.HttpRequest - Request line (e.g. GET /index HTTP/1.1 is not found
[33m2021-02-17 17:39:33,830[m [pool-2-thread-69] [31mERROR[m com.egehurturk.httpd.HttpRequest - Request does not match HTTP standards. Check the request againand/or read RCF standards. Request should contain at least method ("GET, POST"), HTTP scheme ("HTTP/1.1"), and path
[33m2021-02-17 17:39:33,831[m [pool-2-thread-70] [31mERROR[m com.egehurturk.httpd.HttpRequest - Request line (e.g. GET /index HTTP/1.1 is not found
[33m2021-02-17 17:39:33,831[m [pool-2-thread-70] [31mERROR[m com.egehurturk.httpd.HttpRequest - Request does not match HTTP standards. Check the request againand/or read RCF standards. Request should contain at least method ("GET, POST"), HTTP scheme ("HTTP/1.1"), and path
[33m2021-02-17 17:39:33,832[m [pool-2-thread-71] [31mERROR[m com.egehurturk.httpd.HttpRequest - Request line (e.g. GET /index HTTP/1.1 is not found
[33m2021-02-17 17:39:33,833[m [pool-2-thread-71] [31mERROR[m com.egehurturk.httpd.HttpRequest - Request does not match HTTP standards. Check the request againand/or read RCF standards. Request should contain at least method ("GET, POST"), HTTP scheme ("HTTP/1.1"), and path
[33m2021-02-17 17:39:33,833[m [pool-2-thread-72] [31mERROR[m com.egehurturk.httpd.HttpRequest - Request line (e.g. GET /index HTTP/1.1 is not found
[33m2021-02-17 17:39:33,834[m [pool-2-thread-72] [31mERROR[m com.egehurturk.httpd.HttpRequest - Request does not match HTTP standards. Check the request againand/or read RCF standards. Request should contain at least method ("GET, POST"), HTTP scheme ("HTTP/1.1"), and path
[33m2021-02-17 17:39:33,835[m [pool-2-thread-73] [31mERROR[m com.egehurturk.httpd.HttpRequest - Request line (e.g. GET /index HTTP/1.1 is not found
[33m2021-02-17 17:39:33,835[m [pool-2-thread-73] [31mERROR[m com.egehurturk.httpd.HttpRequest - Request does not match HTTP standards. Check the request againand/or read RCF standards. Request should contain at least method ("GET, POST"), HTTP scheme ("HTTP/1.1"), and path
[33m2021-02-17 17:39:33,836[m [pool-2-thread-74] [31mERROR[m com.egehurturk.httpd.HttpRequest - Request line (e.g. GET /index HTTP/1.1 is not found
[33m2021-02-17 17:39:33,837[m [pool-2-thread-74] [31mERROR[m com.egehurturk.httpd.HttpRequest - Request does not match HTTP standards. Check the request againand/or read RCF standards. Request should contain at least method ("GET, POST"), HTTP scheme ("HTTP/1.1"), and path
[33m2021-02-17 17:39:33,838[m [pool-2-thread-75] [31mERROR[m com.egehurturk.httpd.HttpRequest - Request line (e.g. GET /index HTTP/1.1 is not found
[33m2021-02-17 17:39:33,838[m [pool-2-thread-75] [31mERROR[m com.egehurturk.httpd.HttpRequest - Request does not match HTTP standards. Check the request againand/or read RCF standards. Request should contain at least method ("GET, POST"), HTTP scheme ("HTTP/1.1"), and path
[33m2021-02-17 17:39:33,840[m [pool-2-thread-76] [31mERROR[m com.egehurturk.httpd.HttpRequest - Request line (e.g. GET /index HTTP/1.1 is not found
[33m2021-02-17 17:39:33,840[m [pool-2-thread-76] [31mERROR[m com.egehurturk.httpd.HttpRequest - Request does not match HTTP standards. Check the request againand/or read RCF standards. Request should contain at least method ("GET, POST"), HTTP scheme ("HTTP/1.1"), and path
[33m2021-02-17 17:39:33,842[m [pool-2-thread-77] [31mERROR[m com.egehurturk.httpd.HttpRequest - Request line (e.g. GET /index HTTP/1.1 is not found
[33m2021-02-17 17:39:33,842[m [pool-2-thread-77] [31mERROR[m com.egehurturk.httpd.HttpRequest - Request does not match HTTP standards. Check the request againand/or read RCF standards. Request should contain at least method ("GET, POST"), HTTP scheme ("HTTP/1.1"), and path
[33m2021-02-17 17:39:33,844[m [pool-2-thread-78] [31mERROR[m com.egehurturk.httpd.HttpRequest - Request line (e.g. GET /index HTTP/1.1 is not found
[33m2021-02-17 17:39:33,844[m [pool-2-thread-78] [31mERROR[m com.egehurturk.httpd.HttpRequest - Request does not match HTTP standards. Check the request againand/or read RCF standards. Request should contain at least method ("GET, POST"), HTTP scheme ("HTTP/1.1"), and path
[33m2021-02-17 17:39:33,845[m [pool-2-thread-79] [31mERROR[m com.egehurturk.httpd.HttpRequest - Request line (e.g. GET /index HTTP/1.1 is not found
[33m2021-02-17 17:39:33,845[m [pool-2-thread-79] [31mERROR[m com.egehurturk.httpd.HttpRequest - Request does not match HTTP standards. Check the request againand/or read RCF standards. Request should contain at least method ("GET, POST"), HTTP scheme ("HTTP/1.1"), and path
[33m2021-02-17 17:39:33,847[m [pool-2-thread-80] [31mERROR[m com.egehurturk.httpd.HttpRequest - Request line (e.g. GET /index HTTP/1.1 is not found
[33m2021-02-17 17:39:33,847[m [pool-2-thread-80] [31mERROR[m com.egehurturk.httpd.HttpRequest - Request does not match HTTP standards. Check the request againand/or read RCF standards. Request should contain at least method ("GET, POST"), HTTP scheme ("HTTP/1.1"), and path
[33m2021-02-17 17:39:33,849[m [pool-2-thread-81] [31mERROR[m com.egehurturk.httpd.HttpRequest - Request line (e.g. GET /index HTTP/1.1 is not found
[33m2021-02-17 17:39:33,849[m [pool-2-thread-81] [31mERROR[m com.egehurturk.httpd.HttpRequest - Request does not match HTTP standards. Check the request againand/or read RCF standards. Request should contain at least method ("GET, POST"), HTTP scheme ("HTTP/1.1"), and path
[33m2021-02-17 17:39:33,851[m [pool-2-thread-82] [31mERROR[m com.egehurturk.httpd.HttpRequest - Request line (e.g. GET /index HTTP/1.1 is not found
[33m2021-02-17 17:39:33,851[m [pool-2-thread-82] [31mERROR[m com.egehurturk.httpd.HttpRequest - Request does not match HTTP standards. Check the request againand/or read RCF standards. Request should contain at least method ("GET, POST"), HTTP scheme ("HTTP/1.1"), and path
[33m2021-02-17 17:39:33,853[m [pool-2-thread-83] [31mERROR[m com.egehurturk.httpd.HttpRequest - Request line (e.g. GET /index HTTP/1.1 is not found
[33m2021-02-17 17:39:33,853[m [pool-2-thread-83] [31mERROR[m com.egehurturk.httpd.HttpRequest - Request does not match HTTP standards. Check the request againand/or read RCF standards. Request should contain at least method ("GET, POST"), HTTP scheme ("HTTP/1.1"), and path
[33m2021-02-17 17:39:33,854[m [pool-2-thread-84] [31mERROR[m com.egehurturk.httpd.HttpRequest - Request line (e.g. GET /index HTTP/1.1 is not found
[33m2021-02-17 17:39:33,855[m [pool-2-thread-84] [31mERROR[m com.egehurturk.httpd.HttpRequest - Request does not match HTTP standards. Check the request againand/or read RCF standards. Request should contain at least method ("GET, POST"), HTTP scheme ("HTTP/1.1"), and path
[33m2021-02-17 17:39:33,856[m [pool-2-thread-85] [31mERROR[m com.egehurturk.httpd.HttpRequest - Request line (e.g. GET /index HTTP/1.1 is not found
[33m2021-02-17 17:39:33,856[m [pool-2-thread-85] [31mERROR[m com.egehurturk.httpd.HttpRequest - Request does not match HTTP standards. Check the request againand/or read RCF standards. Request should contain at least method ("GET, POST"), HTTP scheme ("HTTP/1.1"), and path
[33m2021-02-17 17:39:33,858[m [pool-2-thread-86] [31mERROR[m com.egehurturk.httpd.HttpRequest - Request line (e.g. GET /index HTTP/1.1 is not found
[33m2021-02-17 17:39:33,858[m [pool-2-thread-86] [31mERROR[m com.egehurturk.httpd.HttpRequest - Request does not match HTTP standards. Check the request againand/or read RCF standards. Request should contain at least method ("GET, POST"), HTTP scheme ("HTTP/1.1"), and path
[33m2021-02-17 17:39:33,859[m [pool-2-thread-87] [31mERROR[m com.egehurturk.httpd.HttpRequest - Request line (e.g. GET /index HTTP/1.1 is not found
[33m2021-02-17 17:39:33,860[m [pool-2-thread-87] [31mERROR[m com.egehurturk.httpd.HttpRequest - Request does not match HTTP standards. Check the request againand/or read RCF standards. Request should contain at least method ("GET, POST"), HTTP scheme ("HTTP/1.1"), and path
[33m2021-02-17 17:39:33,860[m [pool-2-thread-88] [31mERROR[m com.egehurturk.httpd.HttpRequest - Request line (e.g. GET /index HTTP/1.1 is not found
[33m2021-02-17 17:39:33,861[m [pool-2-thread-88] [31mERROR[m com.egehurturk.httpd.HttpRequest - Request does not match HTTP standards. Check the request againand/or read RCF standards. Request should contain at least method ("GET, POST"), HTTP scheme ("HTTP/1.1"), and path
[33m2021-02-17 17:39:33,862[m [pool-2-thread-89] [31mERROR[m com.egehurturk.httpd.HttpRequest - Request line (e.g. GET /index HTTP/1.1 is not found
[33m2021-02-17 17:39:33,862[m [pool-2-thread-89] [31mERROR[m com.egehurturk.httpd.HttpRequest - Request does not match HTTP standards. Check the request againand/or read RCF standards. Request should contain at least method ("GET, POST"), HTTP scheme ("HTTP/1.1"), and path
[33m2021-02-17 17:39:33,863[m [pool-2-thread-90] [31mERROR[m com.egehurturk.httpd.HttpRequest - Request line (e.g. GET /index HTTP/1.1 is not found
[33m2021-02-17 17:39:33,863[m [pool-2-thread-90] [31mERROR[m com.egehurturk.httpd.HttpRequest - Request does not match HTTP standards. Check the request againand/or read RCF standards. Request should contain at least method ("GET, POST"), HTTP scheme ("HTTP/1.1"), and path
[33m2021-02-17 17:39:33,864[m [pool-2-thread-91] [31mERROR[m com.egehurturk.httpd.HttpRequest - Request line (e.g. GET /index HTTP/1.1 is not found
[33m2021-02-17 17:39:33,864[m [pool-2-thread-91] [31mERROR[m com.egehurturk.httpd.HttpRequest - Request does not match HTTP standards. Check the request againand/or read RCF standards. Request should contain at least method ("GET, POST"), HTTP scheme ("HTTP/1.1"), and path
[33m2021-02-17 17:39:33,865[m [pool-2-thread-92] [31mERROR[m com.egehurturk.httpd.HttpRequest - Request line (e.g. GET /index HTTP/1.1 is not found
[33m2021-02-17 17:39:33,865[m [pool-2-thread-92] [31mERROR[m com.egehurturk.httpd.HttpRequest - Request does not match HTTP standards. Check the request againand/or read RCF standards. Request should contain at least method ("GET, POST"), HTTP scheme ("HTTP/1.1"), and path
[33m2021-02-17 17:39:33,866[m [pool-2-thread-93] [31mERROR[m com.egehurturk.httpd.HttpRequest - Request line (e.g. GET /index HTTP/1.1 is not found
[33m2021-02-17 17:39:33,866[m [pool-2-thread-93] [31mERROR[m com.egehurturk.httpd.HttpRequest - Request does not match HTTP standards. Check the request againand/or read RCF standards. Request should contain at least method ("GET, POST"), HTTP scheme ("HTTP/1.1"), and path
[33m2021-02-17 17:39:33,868[m [pool-2-thread-94] [31mERROR[m com.egehurturk.httpd.HttpRequest - Request line (e.g. GET /index HTTP/1.1 is not found
[33m2021-02-17 17:39:33,868[m [pool-2-thread-94] [31mERROR[m com.egehurturk.httpd.HttpRequest - Request does not match HTTP standards. Check the request againand/or read RCF standards. Request should contain at least method ("GET, POST"), HTTP scheme ("HTTP/1.1"), and path
[33m2021-02-17 17:39:33,869[m [pool-2-thread-95] [31mERROR[m com.egehurturk.httpd.HttpRequest - Request line (e.g. GET /index HTTP/1.1 is not found
[33m2021-02-17 17:39:33,869[m [pool-2-thread-95] [31mERROR[m com.egehurturk.httpd.HttpRequest - Request does not match HTTP standards. Check the request againand/or read RCF standards. Request should contain at least method ("GET, POST"), HTTP scheme ("HTTP/1.1"), and path
[33m2021-02-17 17:39:33,870[m [pool-2-thread-96] [31mERROR[m com.egehurturk.httpd.HttpRequest - Request line (e.g. GET /index HTTP/1.1 is not found
[33m2021-02-17 17:39:33,870[m [pool-2-thread-96] [31mERROR[m com.egehurturk.httpd.HttpRequest - Request does not match HTTP standards. Check the request againand/or read RCF standards. Request should contain at least method ("GET, POST"), HTTP scheme ("HTTP/1.1"), and path
[33m2021-02-17 17:39:33,872[m [pool-2-thread-97] [31mERROR[m com.egehurturk.httpd.HttpRequest - Request line (e.g. GET /index HTTP/1.1 is not found
[33m2021-02-17 17:39:33,872[m [pool-2-thread-97] [31mERROR[m com.egehurturk.httpd.HttpRequest - Request does not match HTTP standards. Check the request againand/or read RCF standards. Request should contain at least method ("GET, POST"), HTTP scheme ("HTTP/1.1"), and path
[33m2021-02-17 17:39:33,873[m [pool-2-thread-98] [31mERROR[m com.egehurturk.httpd.HttpRequest - Request line (e.g. GET /index HTTP/1.1 is not found
[33m2021-02-17 17:39:33,873[m [pool-2-thread-98] [31mERROR[m com.egehurturk.httpd.HttpRequest - Request does not match HTTP standards. Check the request againand/or read RCF standards. Request should contain at least method ("GET, POST"), HTTP scheme ("HTTP/1.1"), and path
[33m2021-02-17 17:39:33,874[m [pool-2-thread-99] [31mERROR[m com.egehurturk.httpd.HttpRequest - Request line (e.g. GET /index HTTP/1.1 is not found
[33m2021-02-17 17:39:33,874[m [pool-2-thread-99] [31mERROR[m com.egehurturk.httpd.HttpRequest - Request does not match HTTP standards. Check the request againand/or read RCF standards. Request should contain at least method ("GET, POST"), HTTP scheme ("HTTP/1.1"), and path
[33m2021-02-17 17:39:33,876[m [pool-2-thread-100] [31mERROR[m com.egehurturk.httpd.HttpRequest - Request line (e.g. GET /index HTTP/1.1 is not found
[33m2021-02-17 17:39:33,876[m [pool-2-thread-100] [31mERROR[m com.egehurturk.httpd.HttpRequest - Request does not match HTTP standards. Check the request againand/or read RCF standards. Request should contain at least method ("GET, POST"), HTTP scheme ("HTTP/1.1"), and path
[33m2021-02-17 17:39:33,877[m [pool-2-thread-101] [31mERROR[m com.egehurturk.httpd.HttpRequest - Input stream of client is null, or empty, Check for client connection
[33m2021-02-17 17:41:15,831[m [pool-2-thread-103] [31mERROR[m com.egehurturk.httpd.HttpRequest - Input stream of client is null, or empty, Check for client connection
[33m2021-02-17 17:43:02,797[m [pool-2-thread-2] [31mERROR[m com.egehurturk.httpd.HttpRequest - Input stream of client is null, or empty, Check for client connection
[33m2021-02-17 17:44:34,153[m [pool-2-thread-107] [31mERROR[m com.egehurturk.httpd.HttpRequest - Input stream of client is null, or empty, Check for client connection
[33m2021-02-17 17:44:34,153[m [pool-2-thread-90] [31mERROR[m com.egehurturk.httpd.HttpRequest - Input stream of client is null, or empty, Check for client connection
[33m2021-02-17 17:44:45,425[m [pool-2-thread-105] [31mERROR[m com.egehurturk.httpd.HttpRequest - Input stream of client is null, or empty, Check for client connection
[33m2021-02-17 17:44:45,425[m [pool-2-thread-114] [31mERROR[m com.egehurturk.httpd.HttpRequest - Input stream of client is null, or empty, Check for client connection
[33m2021-02-17 17:44:45,425[m [pool-2-thread-106] [31mERROR[m com.egehurturk.httpd.HttpRequest - Input stream of client is null, or empty, Check for client connection
[33m2021-02-17 17:44:58,537[m [pool-2-thread-224] [31mERROR[m com.egehurturk.httpd.HttpRequest - Input stream of client is null, or empty, Check for client connection
[33m2021-02-17 17:44:58,537[m [pool-2-thread-233] [31mERROR[m com.egehurturk.httpd.HttpRequest - Input stream of client is null, or empty, Check for client connection
[33m2021-02-17 17:45:27,384[m [pool-2-thread-250] [31mERROR[m com.egehurturk.httpd.HttpRequest - Input stream of client is null, or empty, Check for client connection
[33m2021-02-17 17:45:27,384[m [pool-2-thread-231] [31mERROR[m com.egehurturk.httpd.HttpRequest - Input stream of client is null, or empty, Check for client connection
[33m2021-02-17 17:50:17,582[m [main] [31mERROR[m com.egehurturk.httpd.HttpRequest - Request line (e.g. GET /index HTTP/1.1 is not found
[33m2021-02-17 17:50:17,583[m [main] [31mERROR[m com.egehurturk.httpd.HttpRequest - Request does not match HTTP standards. Check the request againand/or read RCF standards. Request should contain at least method ("GET, POST"), HTTP scheme ("HTTP/1.1"), and path
[33m2021-02-17 17:50:17,619[m [main] [31mERROR[m com.egehurturk.httpd.HttpRequest - Request does not match HTTP standards. Check the request againand/or read RCF standards. Request should contain at least method ("GET, POST"), HTTP scheme ("HTTP/1.1"), and path
[33m2021-02-17 17:50:17,628[m [main] [31mERROR[m com.egehurturk.httpd.HttpRequest - Request does not match HTTP standards. Check the request againand/or read RCF standards. Request should contain at least method ("GET, POST"), HTTP scheme ("HTTP/1.1"), and path
[33m2021-02-17 17:50:17,641[m [main] [31mERROR[m com.egehurturk.httpd.HttpRequest - Request does not match HTTP standards. Check the request againand/or read RCF standards. Request should contain at least method ("GET, POST"), HTTP scheme ("HTTP/1.1"), and path
[33m2021-02-17 17:50:17,645[m [main] [31mERROR[m com.egehurturk.httpd.HttpRequest - Request does not match HTTP standards. Check the request againand/or read RCF standards. Request should contain at least method ("GET, POST"), HTTP scheme ("HTTP/1.1"), and path
[33m2021-02-17 17:50:17,648[m [main] [31mERROR[m com.egehurturk.httpd.HttpRequest - Request does not match HTTP standards. Check the request againand/or read RCF standards. Request should contain at least method ("GET, POST"), HTTP scheme ("HTTP/1.1"), and path
[33m2021-02-17 17:50:17,652[m [main] [31mERROR[m com.egehurturk.httpd.HttpRequest - Request does not match HTTP standards. Check the request againand/or read RCF standards. Request should contain at least method ("GET, POST"), HTTP scheme ("HTTP/1.1"), and path
[33m2021-02-17 17:50:17,654[m [main] [31mERROR[m com.egehurturk.httpd.HttpRequest - Input stream of client is null, or empty, Check for client connection
[33m2021-02-17 17:50:17,657[m [main] [31mERROR[m com.egehurturk.httpd.HttpRequest - Request does not match HTTP standards. Check the request againand/or read RCF standards. Request should contain at least method ("GET, POST"), HTTP scheme ("HTTP/1.1"), and path
[33m2021-02-17 17:50:17,693[m [main] [31mERROR[m com.egehurturk.handlers.FileResponse - Body of JSON request is empty. Server automatically created JSON body.
[33m2021-02-17 17:50:17,705[m [main] [31mERROR[m com.egehurturk.handlers.FileResponse - Body of JSON request is empty. Server automatically created JSON body.
[33m2021-02-17 17:50:17,714[m [main] [31mERROR[m com.egehurturk.handlers.FileResponse - Body of JSON request is empty. Server automatically created JSON body.
[33m2021-02-17 17:50:17,716[m [main] [31mERROR[m com.egehurturk.handlers.FileResponse - Body of JSON request is empty. Server automatically created JSON body.
[33m2021-02-17 17:50:17,718[m [main] [31mERROR[m com.egehurturk.handlers.FileResponse - Body of JSON request is empty. Server automatically created JSON body.
[33m2021-02-17 17:50:17,728[m [main] [31mERROR[m com.egehurturk.handlers.FileResponse - Body of JSON request is empty. Server automatically created JSON body.
[33m2021-02-17 17:50:17,730[m [main] [31mERROR[m com.egehurturk.handlers.FileResponse - Body of JSON request is empty. Server automatically created JSON body.
[33m2021-02-17 17:50:17,736[m [main] [31mERROR[m com.egehurturk.handlers.FileResponse - Body of JSON request is empty. Server automatically created JSON body.
[33m2021-02-17 17:50:17,740[m [main] [31mERROR[m com.egehurturk.handlers.FileResponse - Body of JSON request is empty. Server automatically created JSON body.
[33m2021-02-17 17:50:17,742[m [main] [31mERROR[m com.egehurturk.handlers.FileResponse - Body of JSON request is empty. Server automatically created JSON body.
[33m2021-02-17 17:50:17,746[m [main] [31mERROR[m com.egehurturk.handlers.FileResponse - Body of JSON request is empty. Server automatically created JSON body.
[33m2021-02-17 17:50:17,749[m [main] [31mERROR[m com.egehurturk.handlers.FileResponse - Body of JSON request is empty. Server automatically created JSON body.
[33m2021-02-17 17:50:17,751[m [main] [31mERROR[m com.egehurturk.handlers.FileResponse - Body of JSON request is empty. Server automatically created JSON body.
[33m2021-02-17 17:51:19,154[m [pool-2-thread-9] [31mERROR[m com.egehurturk.httpd.HttpRequest - Request does not match HTTP standards. Check the request againand/or read RCF standards. Request should contain at least method ("GET, POST"), HTTP scheme ("HTTP/1.1"), and path
[33m2021-02-17 22:32:09,226[m [pool-2-thread-3] [31mERROR[m com.egehurturk.httpd.HttpRequest - Request does not match HTTP standards. Check the request againand/or read RCF standards. Request should contain at least method ("GET, POST"), HTTP scheme ("HTTP/1.1"), and path
[33m2021-02-17 22:34:01,017[m [main] [31mERROR[m com.egehurturk.httpd.HttpRequest - Request line (e.g. GET /index HTTP/1.1 is not found
[33m2021-02-17 22:34:01,018[m [main] [31mERROR[m com.egehurturk.httpd.HttpRequest - Request does not match HTTP standards. Check the request againand/or read RCF standards. Request should contain at least method ("GET, POST"), HTTP scheme ("HTTP/1.1"), and path
[33m2021-02-17 22:34:01,060[m [main] [31mERROR[m com.egehurturk.httpd.HttpRequest - Request does not match HTTP standards. Check the request againand/or read RCF standards. Request should contain at least method ("GET, POST"), HTTP scheme ("HTTP/1.1"), and path
[33m2021-02-17 22:34:01,070[m [main] [31mERROR[m com.egehurturk.httpd.HttpRequest - Request does not match HTTP standards. Check the request againand/or read RCF standards. Request should contain at least method ("GET, POST"), HTTP scheme ("HTTP/1.1"), and path
[33m2021-02-17 22:34:01,080[m [main] [31mERROR[m com.egehurturk.httpd.HttpRequest - Request does not match HTTP standards. Check the request againand/or read RCF standards. Request should contain at least method ("GET, POST"), HTTP scheme ("HTTP/1.1"), and path
[33m2021-02-17 22:34:01,083[m [main] [31mERROR[m com.egehurturk.httpd.HttpRequest - Request does not match HTTP standards. Check the request againand/or read RCF standards. Request should contain at least method ("GET, POST"), HTTP scheme ("HTTP/1.1"), and path
[33m2021-02-17 22:34:01,086[m [main] [31mERROR[m com.egehurturk.httpd.HttpRequest - Request does not match HTTP standards. Check the request againand/or read RCF standards. Request should contain at least method ("GET, POST"), HTTP scheme ("HTTP/1.1"), and path
[33m2021-02-17 22:34:01,088[m [main] [31mERROR[m com.egehurturk.httpd.HttpRequest - Request does not match HTTP standards. Check the request againand/or read RCF standards. Request should contain at least method ("GET, POST"), HTTP scheme ("HTTP/1.1"), and path
[33m2021-02-17 22:34:01,089[m [main] [31mERROR[m com.egehurturk.httpd.HttpRequest - Input stream of client is null, or empty, Check for client connection
[33m2021-02-17 22:34:01,092[m [main] [31mERROR[m com.egehurturk.httpd.HttpRequest - Request does not match HTTP standards. Check the request againand/or read RCF standards. Request should contain at least method ("GET, POST"), HTTP scheme ("HTTP/1.1"), and path
[33m2021-02-17 22:34:01,122[m [main] [31mERROR[m com.egehurturk.handlers.FileResponse - Body of JSON request is empty. Server automatically created JSON body.
[33m2021-02-17 22:34:01,135[m [main] [31mERROR[m com.egehurturk.handlers.FileResponse - Body of JSON request is empty. Server automatically created JSON body.
[33m2021-02-17 22:34:01,144[m [main] [31mERROR[m com.egehurturk.handlers.FileResponse - Body of JSON request is empty. Server automatically created JSON body.
[33m2021-02-17 22:34:01,146[m [main] [31mERROR[m com.egehurturk.handlers.FileResponse - Body of JSON request is empty. Server automatically created JSON body.
[33m2021-02-17 22:34:01,148[m [main] [31mERROR[m com.egehurturk.handlers.FileResponse - Body of JSON request is empty. Server automatically created JSON body.
[33m2021-02-17 22:34:01,158[m [main] [31mERROR[m com.egehurturk.handlers.FileResponse - Body of JSON request is empty. Server automatically created JSON body.
[33m2021-02-17 22:34:01,160[m [main] [31mERROR[m com.egehurturk.handlers.FileResponse - Body of JSON request is empty. Server automatically created JSON body.
[33m2021-02-17 22:34:01,166[m [main] [31mERROR[m com.egehurturk.handlers.FileResponse - Body of JSON request is empty. Server automatically created JSON body.
[33m2021-02-17 22:34:01,170[m [main] [31mERROR[m com.egehurturk.handlers.FileResponse - Body of JSON request is empty. Server automatically created JSON body.
[33m2021-02-17 22:34:01,171[m [main] [31mERROR[m com.egehurturk.handlers.FileResponse - Body of JSON request is empty. Server automatically created JSON body.
[33m2021-02-17 22:34:01,175[m [main] [31mERROR[m com.egehurturk.handlers.FileResponse - Body of JSON request is empty. Server automatically created JSON body.
[33m2021-02-17 22:34:01,179[m [main] [31mERROR[m com.egehurturk.handlers.FileResponse - Body of JSON request is empty. Server automatically created JSON body.
[33m2021-02-17 22:34:01,181[m [main] [31mERROR[m com.egehurturk.handlers.FileResponse - Body of JSON request is empty. Server automatically created JSON body.
