[33m2021-01-26 14:00:15,784[m [main] [31mERROR[m com.egehurturk.httpd.HttpServer - Configuration exception
[33m2021-01-26 14:05:06,463[m [main] [31mERROR[m com.egehurturk.httpd.HttpServer - Configuration exception
[33m2021-01-26 14:08:07,766[m [main] [31mERROR[m com.egehurturk.httpd.EntryPoint - Configuration exception happened. Check configuraton property file path
[33m2021-01-26 14:09:04,394[m [main] [31mERROR[m com.egehurturk.httpd.EntryPoint - Configuration exception happened. Check configuraton property file path
[33m2021-01-26 14:26:02,769[m [main] [31mERROR[m com.egehurturk.httpd.HttpServer - Server could not be instantiated (probably due to port conflict) 

java.net.BindException jjj
[33m2021-01-26 14:28:36,022[m [main] [31mERROR[m com.egehurturk.httpd.HttpRequest - Request line (e.g. GET /index HTTP/1.1 is not found
[33m2021-01-26 14:28:36,023[m [main] [31mERROR[m com.egehurturk.httpd.HttpRequest - Request is not valid (check scheme)
[33m2021-01-26 14:28:36,062[m [main] [31mERROR[m com.egehurturk.httpd.HttpRequest - Request is not valid (check scheme)
[33m2021-01-26 14:28:36,067[m [main] [31mERROR[m com.egehurturk.httpd.HttpRequest - Request is not valid (check scheme)
[33m2021-01-26 14:28:36,070[m [main] [31mERROR[m com.egehurturk.httpd.HttpRequest - Request is not valid (check scheme)
[33m2021-01-26 14:28:36,073[m [main] [31mERROR[m com.egehurturk.httpd.HttpRequest - Request is not valid (check scheme)
[33m2021-01-26 14:28:36,075[m [main] [31mERROR[m com.egehurturk.httpd.HttpRequest - Request is not valid (check scheme)
[33m2021-01-26 14:28:36,077[m [main] [31mERROR[m com.egehurturk.httpd.HttpRequest - Request is not valid (check scheme)
[33m2021-01-26 14:28:36,081[m [main] [31mERROR[m com.egehurturk.httpd.HttpRequest - Request is not valid (check scheme)
[33m2021-01-26 14:28:36,090[m [main] [31mERROR[m com.egehurturk.httpd.HttpRequest - Request is not valid (check scheme)
[33m2021-01-26 14:28:36,102[m [main] [31mERROR[m com.egehurturk.httpd.HttpRequest - Request is not valid (check scheme)
[33m2021-01-26 14:28:36,105[m [main] [31mERROR[m com.egehurturk.httpd.HttpRequest - Request is not valid (check scheme)
[33m2021-01-26 14:28:36,108[m [main] [31mERROR[m com.egehurturk.httpd.HttpRequest - Request is not valid (check scheme)
[33m2021-01-26 14:28:36,110[m [main] [31mERROR[m com.egehurturk.httpd.HttpRequest - Request is not valid (check scheme)
[33m2021-01-26 14:28:36,112[m [main] [31mERROR[m com.egehurturk.httpd.HttpRequest - Request is not valid (check scheme)
[33m2021-01-26 14:28:36,113[m [main] [31mERROR[m com.egehurturk.httpd.HttpRequest - Input stream of client is null, or empty, Check for client connection
[33m2021-01-26 14:28:36,116[m [main] [31mERROR[m com.egehurturk.httpd.HttpRequest - Request is not valid (check scheme)
[33m2021-01-26 14:29:04,428[m [main] [31mERROR[m com.egehurturk.httpd.HttpRequest - Request line (e.g. GET /index HTTP/1.1 is not found
[33m2021-01-26 14:29:04,429[m [main] [31mERROR[m com.egehurturk.httpd.HttpRequest - Request is not valid (check scheme)
[33m2021-01-26 14:29:04,460[m [main] [31mERROR[m com.egehurturk.httpd.HttpRequest - Request is not valid (check scheme)
[33m2021-01-26 14:29:04,465[m [main] [31mERROR[m com.egehurturk.httpd.HttpRequest - Request is not valid (check scheme)
[33m2021-01-26 14:29:04,468[m [main] [31mERROR[m com.egehurturk.httpd.HttpRequest - Request is not valid (check scheme)
[33m2021-01-26 14:29:04,470[m [main] [31mERROR[m com.egehurturk.httpd.HttpRequest - Request is not valid (check scheme)
[33m2021-01-26 14:29:04,473[m [main] [31mERROR[m com.egehurturk.httpd.HttpRequest - Request is not valid (check scheme)
[33m2021-01-26 14:29:04,475[m [main] [31mERROR[m com.egehurturk.httpd.HttpRequest - Request is not valid (check scheme)
[33m2021-01-26 14:29:04,478[m [main] [31mERROR[m com.egehurturk.httpd.HttpRequest - Request is not valid (check scheme)
[33m2021-01-26 14:29:04,483[m [main] [31mERROR[m com.egehurturk.httpd.HttpRequest - Request is not valid (check scheme)
[33m2021-01-26 14:29:04,493[m [main] [31mERROR[m com.egehurturk.httpd.HttpRequest - Request is not valid (check scheme)
[33m2021-01-26 14:29:04,496[m [main] [31mERROR[m com.egehurturk.httpd.HttpRequest - Request is not valid (check scheme)
[33m2021-01-26 14:29:04,498[m [main] [31mERROR[m com.egehurturk.httpd.HttpRequest - Request is not valid (check scheme)
[33m2021-01-26 14:29:04,500[m [main] [31mERROR[m com.egehurturk.httpd.HttpRequest - Request is not valid (check scheme)
[33m2021-01-26 14:29:04,503[m [main] [31mERROR[m com.egehurturk.httpd.HttpRequest - Request is not valid (check scheme)
[33m2021-01-26 14:29:04,504[m [main] [31mERROR[m com.egehurturk.httpd.HttpRequest - Input stream of client is null, or empty, Check for client connection
[33m2021-01-26 14:29:04,507[m [main] [31mERROR[m com.egehurturk.httpd.HttpRequest - Request is not valid (check scheme)
[33m2021-01-26 14:31:27,694[m [main] [31mERROR[m com.egehurturk.httpd.HttpRequest - Request line (e.g. GET /index HTTP/1.1 is not found
[33m2021-01-26 14:31:27,695[m [main] [31mERROR[m com.egehurturk.httpd.HttpRequest - Request is not valid (check scheme)
[33m2021-01-26 14:31:27,732[m [main] [31mERROR[m com.egehurturk.httpd.HttpRequest - Request is not valid (check scheme)
[33m2021-01-26 14:31:27,736[m [main] [31mERROR[m com.egehurturk.httpd.HttpRequest - Request is not valid (check scheme)
[33m2021-01-26 14:31:27,738[m [main] [31mERROR[m com.egehurturk.httpd.HttpRequest - Request is not valid (check scheme)
[33m2021-01-26 14:31:27,741[m [main] [31mERROR[m com.egehurturk.httpd.HttpRequest - Request is not valid (check scheme)
[33m2021-01-26 14:31:27,743[m [main] [31mERROR[m com.egehurturk.httpd.HttpRequest - Request is not valid (check scheme)
[33m2021-01-26 14:31:27,746[m [main] [31mERROR[m com.egehurturk.httpd.HttpRequest - Request is not valid (check scheme)
[33m2021-01-26 14:31:27,751[m [main] [31mERROR[m com.egehurturk.httpd.HttpRequest - Request is not valid (check scheme)
[33m2021-01-26 14:31:27,757[m [main] [31mERROR[m com.egehurturk.httpd.HttpRequest - Request is not valid (check scheme)
[33m2021-01-26 14:31:27,768[m [main] [31mERROR[m com.egehurturk.httpd.HttpRequest - Request is not valid (check scheme)
[33m2021-01-26 14:31:27,772[m [main] [31mERROR[m com.egehurturk.httpd.HttpRequest - Request is not valid (check scheme)
[33m2021-01-26 14:31:27,774[m [main] [31mERROR[m com.egehurturk.httpd.HttpRequest - Request is not valid (check scheme)
[33m2021-01-26 14:31:27,777[m [main] [31mERROR[m com.egehurturk.httpd.HttpRequest - Request is not valid (check scheme)
[33m2021-01-26 14:31:27,780[m [main] [31mERROR[m com.egehurturk.httpd.HttpRequest - Request is not valid (check scheme)
[33m2021-01-26 14:31:27,781[m [main] [31mERROR[m com.egehurturk.httpd.HttpRequest - Input stream of client is null, or empty, Check for client connection
[33m2021-01-26 14:31:27,784[m [main] [31mERROR[m com.egehurturk.httpd.HttpRequest - Request is not valid (check scheme)
[33m2021-01-26 14:36:27,337[m [main] [31mERROR[m com.egehurturk.httpd.HttpServer - Server could not be instantiated (probably due to port conflict) 

java.net.BindException
[33m2021-01-26 14:37:49,634[m [main] [31mERROR[m com.egehurturk.httpd.HttpRequest - Request line (e.g. GET /index HTTP/1.1 is not found
[33m2021-01-26 14:37:49,635[m [main] [31mERROR[m com.egehurturk.httpd.HttpRequest - Request is not valid (check scheme)
[33m2021-01-26 14:37:49,666[m [main] [31mERROR[m com.egehurturk.httpd.HttpRequest - Request is not valid (check scheme)
[33m2021-01-26 14:37:49,670[m [main] [31mERROR[m com.egehurturk.httpd.HttpRequest - Request is not valid (check scheme)
[33m2021-01-26 14:37:49,673[m [main] [31mERROR[m com.egehurturk.httpd.HttpRequest - Request is not valid (check scheme)
[33m2021-01-26 14:37:49,675[m [main] [31mERROR[m com.egehurturk.httpd.HttpRequest - Request is not valid (check scheme)
[33m2021-01-26 14:37:49,677[m [main] [31mERROR[m com.egehurturk.httpd.HttpRequest - Request is not valid (check scheme)
[33m2021-01-26 14:37:49,679[m [main] [31mERROR[m com.egehurturk.httpd.HttpRequest - Request is not valid (check scheme)
[33m2021-01-26 14:37:49,682[m [main] [31mERROR[m com.egehurturk.httpd.HttpRequest - Request is not valid (check scheme)
[33m2021-01-26 14:37:49,687[m [main] [31mERROR[m com.egehurturk.httpd.HttpRequest - Request is not valid (check scheme)
[33m2021-01-26 14:37:49,698[m [main] [31mERROR[m com.egehurturk.httpd.HttpRequest - Request is not valid (check scheme)
[33m2021-01-26 14:37:49,701[m [main] [31mERROR[m com.egehurturk.httpd.HttpRequest - Request is not valid (check scheme)
[33m2021-01-26 14:37:49,703[m [main] [31mERROR[m com.egehurturk.httpd.HttpRequest - Request is not valid (check scheme)
[33m2021-01-26 14:37:49,706[m [main] [31mERROR[m com.egehurturk.httpd.HttpRequest - Request is not valid (check scheme)
[33m2021-01-26 14:37:49,710[m [main] [31mERROR[m com.egehurturk.httpd.HttpRequest - Request is not valid (check scheme)
[33m2021-01-26 14:37:49,711[m [main] [31mERROR[m com.egehurturk.httpd.HttpRequest - Input stream of client is null, or empty, Check for client connection
[33m2021-01-26 14:37:49,714[m [main] [31mERROR[m com.egehurturk.httpd.HttpRequest - Request is not valid (check scheme)
[33m2021-01-26 14:50:37,413[m [main] [31mERROR[m com.egehurturk.httpd.HttpServer - Server could not be instantiated (probably due to port conflict) 

java.net.BindException
[33m2021-01-26 14:50:52,914[m [main] [31mERROR[m com.egehurturk.httpd.HttpRequest - Request line (e.g. GET /index HTTP/1.1 is not found
[33m2021-01-26 14:50:52,915[m [main] [31mERROR[m com.egehurturk.httpd.HttpRequest - Request is not valid (check scheme)
[33m2021-01-26 14:50:52,948[m [main] [31mERROR[m com.egehurturk.httpd.HttpRequest - Request is not valid (check scheme)
[33m2021-01-26 14:50:52,953[m [main] [31mERROR[m com.egehurturk.httpd.HttpRequest - Request is not valid (check scheme)
[33m2021-01-26 14:50:52,955[m [main] [31mERROR[m com.egehurturk.httpd.HttpRequest - Request is not valid (check scheme)
[33m2021-01-26 14:50:52,957[m [main] [31mERROR[m com.egehurturk.httpd.HttpRequest - Request is not valid (check scheme)
[33m2021-01-26 14:50:52,960[m [main] [31mERROR[m com.egehurturk.httpd.HttpRequest - Request is not valid (check scheme)
[33m2021-01-26 14:50:52,962[m [main] [31mERROR[m com.egehurturk.httpd.HttpRequest - Request is not valid (check scheme)
[33m2021-01-26 14:50:52,966[m [main] [31mERROR[m com.egehurturk.httpd.HttpRequest - Request is not valid (check scheme)
[33m2021-01-26 14:50:52,971[m [main] [31mERROR[m com.egehurturk.httpd.HttpRequest - Request is not valid (check scheme)
[33m2021-01-26 14:50:52,982[m [main] [31mERROR[m com.egehurturk.httpd.HttpRequest - Request is not valid (check scheme)
[33m2021-01-26 14:50:52,985[m [main] [31mERROR[m com.egehurturk.httpd.HttpRequest - Request is not valid (check scheme)
[33m2021-01-26 14:50:52,988[m [main] [31mERROR[m com.egehurturk.httpd.HttpRequest - Request is not valid (check scheme)
[33m2021-01-26 14:50:52,990[m [main] [31mERROR[m com.egehurturk.httpd.HttpRequest - Request is not valid (check scheme)
[33m2021-01-26 14:50:52,993[m [main] [31mERROR[m com.egehurturk.httpd.HttpRequest - Request is not valid (check scheme)
[33m2021-01-26 14:50:52,994[m [main] [31mERROR[m com.egehurturk.httpd.HttpRequest - Input stream of client is null, or empty, Check for client connection
[33m2021-01-26 14:50:52,996[m [main] [31mERROR[m com.egehurturk.httpd.HttpRequest - Request is not valid (check scheme)
[33m2021-01-26 14:56:00,933[m [main] [31mERROR[m com.egehurturk.httpd.HttpRequest - Request line (e.g. GET /index HTTP/1.1 is not found
[33m2021-01-26 14:56:00,934[m [main] [31mERROR[m com.egehurturk.httpd.HttpRequest - Request is not valid (check scheme)
[33m2021-01-26 14:56:00,976[m [main] [31mERROR[m com.egehurturk.httpd.HttpRequest - Request is not valid (check scheme)
[33m2021-01-26 14:56:00,982[m [main] [31mERROR[m com.egehurturk.httpd.HttpRequest - Request is not valid (check scheme)
[33m2021-01-26 14:56:00,985[m [main] [31mERROR[m com.egehurturk.httpd.HttpRequest - Request is not valid (check scheme)
[33m2021-01-26 14:56:00,988[m [main] [31mERROR[m com.egehurturk.httpd.HttpRequest - Request is not valid (check scheme)
[33m2021-01-26 14:56:00,991[m [main] [31mERROR[m com.egehurturk.httpd.HttpRequest - Request is not valid (check scheme)
[33m2021-01-26 14:56:00,995[m [main] [31mERROR[m com.egehurturk.httpd.HttpRequest - Request is not valid (check scheme)
[33m2021-01-26 14:56:00,998[m [main] [31mERROR[m com.egehurturk.httpd.HttpRequest - Request is not valid (check scheme)
[33m2021-01-26 14:56:01,006[m [main] [31mERROR[m com.egehurturk.httpd.HttpRequest - Request is not valid (check scheme)
[33m2021-01-26 14:56:01,023[m [main] [31mERROR[m com.egehurturk.httpd.HttpRequest - Request is not valid (check scheme)
[33m2021-01-26 14:56:01,029[m [main] [31mERROR[m com.egehurturk.httpd.HttpRequest - Request is not valid (check scheme)
[33m2021-01-26 14:56:01,033[m [main] [31mERROR[m com.egehurturk.httpd.HttpRequest - Request is not valid (check scheme)
[33m2021-01-26 14:56:01,037[m [main] [31mERROR[m com.egehurturk.httpd.HttpRequest - Request is not valid (check scheme)
[33m2021-01-26 14:56:01,041[m [main] [31mERROR[m com.egehurturk.httpd.HttpRequest - Request is not valid (check scheme)
[33m2021-01-26 14:56:01,043[m [main] [31mERROR[m com.egehurturk.httpd.HttpRequest - Input stream of client is null, or empty, Check for client connection
[33m2021-01-26 14:56:01,045[m [main] [31mERROR[m com.egehurturk.httpd.HttpRequest - Request is not valid (check scheme)
[33m2021-01-26 14:56:28,349[m [main] [31mERROR[m com.egehurturk.httpd.HttpRequest - Request line (e.g. GET /index HTTP/1.1 is not found
[33m2021-01-26 14:56:28,350[m [main] [31mERROR[m com.egehurturk.httpd.HttpRequest - Request is not valid (check scheme)
[33m2021-01-26 14:56:28,390[m [main] [31mERROR[m com.egehurturk.httpd.HttpRequest - Request is not valid (check scheme)
[33m2021-01-26 14:56:28,395[m [main] [31mERROR[m com.egehurturk.httpd.HttpRequest - Request is not valid (check scheme)
[33m2021-01-26 14:56:28,397[m [main] [31mERROR[m com.egehurturk.httpd.HttpRequest - Request is not valid (check scheme)
[33m2021-01-26 14:56:28,399[m [main] [31mERROR[m com.egehurturk.httpd.HttpRequest - Request is not valid (check scheme)
[33m2021-01-26 14:56:28,402[m [main] [31mERROR[m com.egehurturk.httpd.HttpRequest - Request is not valid (check scheme)
[33m2021-01-26 14:56:28,408[m [main] [31mERROR[m com.egehurturk.httpd.HttpRequest - Request is not valid (check scheme)
[33m2021-01-26 14:56:28,412[m [main] [31mERROR[m com.egehurturk.httpd.HttpRequest - Request is not valid (check scheme)
[33m2021-01-26 14:56:28,420[m [main] [31mERROR[m com.egehurturk.httpd.HttpRequest - Request is not valid (check scheme)
[33m2021-01-26 14:56:28,431[m [main] [31mERROR[m com.egehurturk.httpd.HttpRequest - Request is not valid (check scheme)
[33m2021-01-26 14:56:28,435[m [main] [31mERROR[m com.egehurturk.httpd.HttpRequest - Request is not valid (check scheme)
[33m2021-01-26 14:56:28,438[m [main] [31mERROR[m com.egehurturk.httpd.HttpRequest - Request is not valid (check scheme)
[33m2021-01-26 14:56:28,441[m [main] [31mERROR[m com.egehurturk.httpd.HttpRequest - Request is not valid (check scheme)
[33m2021-01-26 14:56:28,447[m [main] [31mERROR[m com.egehurturk.httpd.HttpRequest - Request is not valid (check scheme)
[33m2021-01-26 14:56:28,448[m [main] [31mERROR[m com.egehurturk.httpd.HttpRequest - Input stream of client is null, or empty, Check for client connection
[33m2021-01-26 14:56:28,452[m [main] [31mERROR[m com.egehurturk.httpd.HttpRequest - Request is not valid (check scheme)
[33m2021-01-26 15:00:06,887[m [main] [31mERROR[m com.egehurturk.httpd.HttpRequest - Request line (e.g. GET /index HTTP/1.1 is not found
[33m2021-01-26 15:00:06,888[m [main] [31mERROR[m com.egehurturk.httpd.HttpRequest - Request is not valid (check scheme)
[33m2021-01-26 15:00:06,923[m [main] [31mERROR[m com.egehurturk.httpd.HttpRequest - Request is not valid (check scheme)
[33m2021-01-26 15:00:06,927[m [main] [31mERROR[m com.egehurturk.httpd.HttpRequest - Request is not valid (check scheme)
[33m2021-01-26 15:00:06,930[m [main] [31mERROR[m com.egehurturk.httpd.HttpRequest - Request is not valid (check scheme)
[33m2021-01-26 15:00:06,932[m [main] [31mERROR[m com.egehurturk.httpd.HttpRequest - Request is not valid (check scheme)
[33m2021-01-26 15:00:06,935[m [main] [31mERROR[m com.egehurturk.httpd.HttpRequest - Request is not valid (check scheme)
[33m2021-01-26 15:00:06,937[m [main] [31mERROR[m com.egehurturk.httpd.HttpRequest - Request is not valid (check scheme)
[33m2021-01-26 15:00:06,940[m [main] [31mERROR[m com.egehurturk.httpd.HttpRequest - Request is not valid (check scheme)
[33m2021-01-26 15:00:06,946[m [main] [31mERROR[m com.egehurturk.httpd.HttpRequest - Request is not valid (check scheme)
[33m2021-01-26 15:00:06,955[m [main] [31mERROR[m com.egehurturk.httpd.HttpRequest - Request is not valid (check scheme)
[33m2021-01-26 15:00:06,958[m [main] [31mERROR[m com.egehurturk.httpd.HttpRequest - Request is not valid (check scheme)
[33m2021-01-26 15:00:06,961[m [main] [31mERROR[m com.egehurturk.httpd.HttpRequest - Request is not valid (check scheme)
[33m2021-01-26 15:00:06,964[m [main] [31mERROR[m com.egehurturk.httpd.HttpRequest - Request is not valid (check scheme)
[33m2021-01-26 15:00:06,967[m [main] [31mERROR[m com.egehurturk.httpd.HttpRequest - Request is not valid (check scheme)
[33m2021-01-26 15:00:06,968[m [main] [31mERROR[m com.egehurturk.httpd.HttpRequest - Input stream of client is null, or empty, Check for client connection
[33m2021-01-26 15:00:06,970[m [main] [31mERROR[m com.egehurturk.httpd.HttpRequest - Request is not valid (check scheme)
[33m2021-01-26 15:01:02,019[m [main] [31mERROR[m com.egehurturk.httpd.HttpRequest - Request line (e.g. GET /index HTTP/1.1 is not found
[33m2021-01-26 15:01:02,020[m [main] [31mERROR[m com.egehurturk.httpd.HttpRequest - Request is not valid (check scheme)
[33m2021-01-26 15:01:02,054[m [main] [31mERROR[m com.egehurturk.httpd.HttpRequest - Request is not valid (check scheme)
[33m2021-01-26 15:01:02,059[m [main] [31mERROR[m com.egehurturk.httpd.HttpRequest - Request is not valid (check scheme)
[33m2021-01-26 15:01:02,062[m [main] [31mERROR[m com.egehurturk.httpd.HttpRequest - Request is not valid (check scheme)
[33m2021-01-26 15:01:02,064[m [main] [31mERROR[m com.egehurturk.httpd.HttpRequest - Request is not valid (check scheme)
[33m2021-01-26 15:01:02,067[m [main] [31mERROR[m com.egehurturk.httpd.HttpRequest - Request is not valid (check scheme)
[33m2021-01-26 15:01:02,070[m [main] [31mERROR[m com.egehurturk.httpd.HttpRequest - Request is not valid (check scheme)
[33m2021-01-26 15:01:02,072[m [main] [31mERROR[m com.egehurturk.httpd.HttpRequest - Request is not valid (check scheme)
[33m2021-01-26 15:01:02,078[m [main] [31mERROR[m com.egehurturk.httpd.HttpRequest - Request is not valid (check scheme)
[33m2021-01-26 15:01:02,087[m [main] [31mERROR[m com.egehurturk.httpd.HttpRequest - Request is not valid (check scheme)
[33m2021-01-26 15:01:02,091[m [main] [31mERROR[m com.egehurturk.httpd.HttpRequest - Request is not valid (check scheme)
[33m2021-01-26 15:01:02,094[m [main] [31mERROR[m com.egehurturk.httpd.HttpRequest - Request is not valid (check scheme)
[33m2021-01-26 15:01:02,097[m [main] [31mERROR[m com.egehurturk.httpd.HttpRequest - Request is not valid (check scheme)
[33m2021-01-26 15:01:02,100[m [main] [31mERROR[m com.egehurturk.httpd.HttpRequest - Request is not valid (check scheme)
[33m2021-01-26 15:01:02,102[m [main] [31mERROR[m com.egehurturk.httpd.HttpRequest - Input stream of client is null, or empty, Check for client connection
[33m2021-01-26 15:01:02,104[m [main] [31mERROR[m com.egehurturk.httpd.HttpRequest - Request is not valid (check scheme)
[33m2021-01-26 15:06:44,015[m [main] [31mERROR[m com.egehurturk.httpd.HttpRequest - Request line (e.g. GET /index HTTP/1.1 is not found
[33m2021-01-26 15:06:44,016[m [main] [31mERROR[m com.egehurturk.httpd.HttpRequest - Request is not valid (check scheme)
[33m2021-01-26 15:06:44,049[m [main] [31mERROR[m com.egehurturk.httpd.HttpRequest - Request is not valid (check scheme)
[33m2021-01-26 15:06:44,055[m [main] [31mERROR[m com.egehurturk.httpd.HttpRequest - Request is not valid (check scheme)
[33m2021-01-26 15:06:44,057[m [main] [31mERROR[m com.egehurturk.httpd.HttpRequest - Request is not valid (check scheme)
[33m2021-01-26 15:06:44,060[m [main] [31mERROR[m com.egehurturk.httpd.HttpRequest - Request is not valid (check scheme)
[33m2021-01-26 15:06:44,063[m [main] [31mERROR[m com.egehurturk.httpd.HttpRequest - Request is not valid (check scheme)
[33m2021-01-26 15:06:44,066[m [main] [31mERROR[m com.egehurturk.httpd.HttpRequest - Request is not valid (check scheme)
[33m2021-01-26 15:06:44,068[m [main] [31mERROR[m com.egehurturk.httpd.HttpRequest - Request is not valid (check scheme)
[33m2021-01-26 15:06:44,074[m [main] [31mERROR[m com.egehurturk.httpd.HttpRequest - Request is not valid (check scheme)
[33m2021-01-26 15:06:44,082[m [main] [31mERROR[m com.egehurturk.httpd.HttpRequest - Request is not valid (check scheme)
[33m2021-01-26 15:06:44,085[m [main] [31mERROR[m com.egehurturk.httpd.HttpRequest - Request is not valid (check scheme)
[33m2021-01-26 15:06:44,088[m [main] [31mERROR[m com.egehurturk.httpd.HttpRequest - Request is not valid (check scheme)
[33m2021-01-26 15:06:44,090[m [main] [31mERROR[m com.egehurturk.httpd.HttpRequest - Request is not valid (check scheme)
[33m2021-01-26 15:06:44,092[m [main] [31mERROR[m com.egehurturk.httpd.HttpRequest - Request is not valid (check scheme)
[33m2021-01-26 15:06:44,093[m [main] [31mERROR[m com.egehurturk.httpd.HttpRequest - Input stream of client is null, or empty, Check for client connection
[33m2021-01-26 15:06:44,095[m [main] [31mERROR[m com.egehurturk.httpd.HttpRequest - Request is not valid (check scheme)
[33m2021-01-26 17:04:11,846[m [main] [31mERROR[m com.egehurturk.httpd.HttpRequest - Request line (e.g. GET /index HTTP/1.1 is not found
[33m2021-01-26 17:04:11,847[m [main] [31mERROR[m com.egehurturk.httpd.HttpRequest - Request is not valid (check scheme)
[33m2021-01-26 17:04:11,887[m [main] [31mERROR[m com.egehurturk.httpd.HttpRequest - Request is not valid (check scheme)
[33m2021-01-26 17:04:11,893[m [main] [31mERROR[m com.egehurturk.httpd.HttpRequest - Request is not valid (check scheme)
[33m2021-01-26 17:04:11,895[m [main] [31mERROR[m com.egehurturk.httpd.HttpRequest - Request is not valid (check scheme)
[33m2021-01-26 17:04:11,899[m [main] [31mERROR[m com.egehurturk.httpd.HttpRequest - Request is not valid (check scheme)
[33m2021-01-26 17:04:11,901[m [main] [31mERROR[m com.egehurturk.httpd.HttpRequest - Request is not valid (check scheme)
[33m2021-01-26 17:04:11,906[m [main] [31mERROR[m com.egehurturk.httpd.HttpRequest - Request is not valid (check scheme)
[33m2021-01-26 17:04:11,910[m [main] [31mERROR[m com.egehurturk.httpd.HttpRequest - Request is not valid (check scheme)
[33m2021-01-26 17:04:11,917[m [main] [31mERROR[m com.egehurturk.httpd.HttpRequest - Request is not valid (check scheme)
[33m2021-01-26 17:04:11,927[m [main] [31mERROR[m com.egehurturk.httpd.HttpRequest - Request is not valid (check scheme)
[33m2021-01-26 17:04:11,934[m [main] [31mERROR[m com.egehurturk.httpd.HttpRequest - Request is not valid (check scheme)
[33m2021-01-26 17:04:11,937[m [main] [31mERROR[m com.egehurturk.httpd.HttpRequest - Request is not valid (check scheme)
[33m2021-01-26 17:04:11,940[m [main] [31mERROR[m com.egehurturk.httpd.HttpRequest - Request is not valid (check scheme)
[33m2021-01-26 17:04:11,942[m [main] [31mERROR[m com.egehurturk.httpd.HttpRequest - Request is not valid (check scheme)
[33m2021-01-26 17:04:11,943[m [main] [31mERROR[m com.egehurturk.httpd.HttpRequest - Input stream of client is null, or empty, Check for client connection
[33m2021-01-26 17:04:11,946[m [main] [31mERROR[m com.egehurturk.httpd.HttpRequest - Request is not valid (check scheme)
