[33m2021-03-28 18:20:01,170[m [main] [31mERROR[m com.egehurturk.httpd.HttpServer - Server is not properly initialized
[33m2021-03-28 18:20:01,171[m [main] [31mERROR[m com.egehurturk.httpd.HttpServer - Configuration error
[33m2021-03-28 18:20:01,171[m [main] [31mERROR[m com.egehurturk.httpd.HttpServer - Stopping execution
[33m2021-03-28 18:21:26,888[m [main] [31mERROR[m com.egehurturk.httpd.HttpServer - Server is not properly initialized
[33m2021-03-28 18:21:26,889[m [main] [31mERROR[m com.egehurturk.httpd.HttpServer - Configuration error
[33m2021-03-28 18:21:26,889[m [main] [31mERROR[m com.egehurturk.httpd.HttpServer - Stopping execution
[33m2021-03-28 18:24:27,663[m [pool-3-thread-2] [31mERROR[m com.egehurturk.httpd.HttpRequest - Input stream of client is null, or empty, Check for client connection
[33m2021-03-28 18:30:28,832[m [main] [41mFATAL[m com.egehurturk.httpd.HttpServer - This is a test
[33m2021-03-28 18:35:16,437[m [main] [41mFATAL[m com.egehurturk.httpd.HttpServer - Fatal Check
[33m2021-03-28 18:35:16,438[m [main] [31mERROR[m com.egehurturk.httpd.HttpServer - Error check
[33m2021-03-28 20:16:10,201[m [main] [31mERROR[m com.egehurturk.httpd.HttpRequest - Request line (e.g. GET /index HTTP/1.1 is not found
[33m2021-03-28 20:16:10,203[m [main] [31mERROR[m com.egehurturk.httpd.HttpRequest - Request does not match HTTP standards. Check the request againand/or read RCF standards. Request should contain at least method ("GET, POST"), HTTP scheme ("HTTP/1.1"), and path
[33m2021-03-28 20:16:10,253[m [main] [31mERROR[m com.egehurturk.httpd.HttpRequest - Request does not match HTTP standards. Check the request againand/or read RCF standards. Request should contain at least method ("GET, POST"), HTTP scheme ("HTTP/1.1"), and path
[33m2021-03-28 20:16:10,265[m [main] [31mERROR[m com.egehurturk.httpd.HttpRequest - Request does not match HTTP standards. Check the request againand/or read RCF standards. Request should contain at least method ("GET, POST"), HTTP scheme ("HTTP/1.1"), and path
[33m2021-03-28 20:16:10,276[m [main] [31mERROR[m com.egehurturk.httpd.HttpRequest - Request does not match HTTP standards. Check the request againand/or read RCF standards. Request should contain at least method ("GET, POST"), HTTP scheme ("HTTP/1.1"), and path
[33m2021-03-28 20:16:10,280[m [main] [31mERROR[m com.egehurturk.httpd.HttpRequest - Request does not match HTTP standards. Check the request againand/or read RCF standards. Request should contain at least method ("GET, POST"), HTTP scheme ("HTTP/1.1"), and path
[33m2021-03-28 20:16:10,282[m [main] [31mERROR[m com.egehurturk.httpd.HttpRequest - Request does not match HTTP standards. Check the request againand/or read RCF standards. Request should contain at least method ("GET, POST"), HTTP scheme ("HTTP/1.1"), and path
[33m2021-03-28 20:16:10,285[m [main] [31mERROR[m com.egehurturk.httpd.HttpRequest - Request does not match HTTP standards. Check the request againand/or read RCF standards. Request should contain at least method ("GET, POST"), HTTP scheme ("HTTP/1.1"), and path
[33m2021-03-28 20:16:10,290[m [main] [31mERROR[m com.egehurturk.httpd.HttpRequest - Input stream of client is null, or empty, Check for client connection
[33m2021-03-28 20:16:10,293[m [main] [31mERROR[m com.egehurturk.httpd.HttpRequest - Request does not match HTTP standards. Check the request againand/or read RCF standards. Request should contain at least method ("GET, POST"), HTTP scheme ("HTTP/1.1"), and path
[33m2021-03-28 20:16:10,329[m [main] [31mERROR[m com.egehurturk.handlers.FileResponse - Body of JSON request is empty. Server automatically created JSON body.
[33m2021-03-28 20:16:10,340[m [main] [31mERROR[m com.egehurturk.handlers.FileResponse - Body of JSON request is empty. Server automatically created JSON body.
[33m2021-03-28 20:16:10,350[m [main] [31mERROR[m com.egehurturk.handlers.FileResponse - Body of JSON request is empty. Server automatically created JSON body.
[33m2021-03-28 20:16:10,357[m [main] [31mERROR[m com.egehurturk.handlers.FileResponse - Body of JSON request is empty. Server automatically created JSON body.
[33m2021-03-28 20:16:10,360[m [main] [31mERROR[m com.egehurturk.handlers.FileResponse - Body of JSON request is empty. Server automatically created JSON body.
[33m2021-03-28 20:16:10,371[m [main] [31mERROR[m com.egehurturk.handlers.FileResponse - Body of JSON request is empty. Server automatically created JSON body.
[33m2021-03-28 20:16:10,373[m [main] [31mERROR[m com.egehurturk.handlers.FileResponse - Body of JSON request is empty. Server automatically created JSON body.
[33m2021-03-28 20:16:10,381[m [main] [31mERROR[m com.egehurturk.handlers.FileResponse - Body of JSON request is empty. Server automatically created JSON body.
[33m2021-03-28 20:16:10,386[m [main] [31mERROR[m com.egehurturk.handlers.FileResponse - Body of JSON request is empty. Server automatically created JSON body.
[33m2021-03-28 20:16:10,389[m [main] [31mERROR[m com.egehurturk.handlers.FileResponse - Body of JSON request is empty. Server automatically created JSON body.
[33m2021-03-28 20:16:10,393[m [main] [31mERROR[m com.egehurturk.handlers.FileResponse - Body of JSON request is empty. Server automatically created JSON body.
[33m2021-03-28 20:16:10,397[m [main] [31mERROR[m com.egehurturk.handlers.FileResponse - Body of JSON request is empty. Server automatically created JSON body.
[33m2021-03-28 20:16:10,399[m [main] [31mERROR[m com.egehurturk.handlers.FileResponse - Body of JSON request is empty. Server automatically created JSON body.
[33m2021-03-28 21:28:22,483[m [main] [31mERROR[m com.egehurturk.httpd.HttpServer - Server is not properly initialized
[33m2021-03-28 21:28:22,484[m [main] [31mERROR[m com.egehurturk.httpd.HttpServer - Configuration error
[33m2021-03-28 21:28:22,484[m [main] [31mERROR[m com.egehurturk.httpd.HttpServer - Stopping execution
[33m2021-03-28 21:35:31,928[m [pool-3-thread-3] [31mERROR[m com.egehurturk.httpd.HttpRequest - Request does not match HTTP standards. Check the request againand/or read RCF standards. Request should contain at least method ("GET, POST"), HTTP scheme ("HTTP/1.1"), and path
[33m2021-03-28 21:39:19,475[m [main] [31mERROR[m com.egehurturk.httpd.HttpRequest - Request line (e.g. GET /index HTTP/1.1 is not found
[33m2021-03-28 21:39:19,476[m [main] [31mERROR[m com.egehurturk.httpd.HttpRequest - Request does not match HTTP standards. Check the request againand/or read RCF standards. Request should contain at least method ("GET, POST"), HTTP scheme ("HTTP/1.1"), and path
[33m2021-03-28 21:39:19,515[m [main] [31mERROR[m com.egehurturk.httpd.HttpRequest - Request does not match HTTP standards. Check the request againand/or read RCF standards. Request should contain at least method ("GET, POST"), HTTP scheme ("HTTP/1.1"), and path
[33m2021-03-28 21:39:19,528[m [main] [31mERROR[m com.egehurturk.httpd.HttpRequest - Request does not match HTTP standards. Check the request againand/or read RCF standards. Request should contain at least method ("GET, POST"), HTTP scheme ("HTTP/1.1"), and path
[33m2021-03-28 21:39:19,541[m [main] [31mERROR[m com.egehurturk.httpd.HttpRequest - Request does not match HTTP standards. Check the request againand/or read RCF standards. Request should contain at least method ("GET, POST"), HTTP scheme ("HTTP/1.1"), and path
[33m2021-03-28 21:39:19,544[m [main] [31mERROR[m com.egehurturk.httpd.HttpRequest - Request does not match HTTP standards. Check the request againand/or read RCF standards. Request should contain at least method ("GET, POST"), HTTP scheme ("HTTP/1.1"), and path
[33m2021-03-28 21:39:19,547[m [main] [31mERROR[m com.egehurturk.httpd.HttpRequest - Request does not match HTTP standards. Check the request againand/or read RCF standards. Request should contain at least method ("GET, POST"), HTTP scheme ("HTTP/1.1"), and path
[33m2021-03-28 21:39:19,550[m [main] [31mERROR[m com.egehurturk.httpd.HttpRequest - Request does not match HTTP standards. Check the request againand/or read RCF standards. Request should contain at least method ("GET, POST"), HTTP scheme ("HTTP/1.1"), and path
[33m2021-03-28 21:39:19,551[m [main] [31mERROR[m com.egehurturk.httpd.HttpRequest - Input stream of client is null, or empty, Check for client connection
[33m2021-03-28 21:39:19,554[m [main] [31mERROR[m com.egehurturk.httpd.HttpRequest - Request does not match HTTP standards. Check the request againand/or read RCF standards. Request should contain at least method ("GET, POST"), HTTP scheme ("HTTP/1.1"), and path
[33m2021-03-28 21:39:19,590[m [main] [31mERROR[m com.egehurturk.handlers.FileResponse - Body of JSON request is empty. Server automatically created JSON body.
[33m2021-03-28 21:39:19,603[m [main] [31mERROR[m com.egehurturk.handlers.FileResponse - Body of JSON request is empty. Server automatically created JSON body.
[33m2021-03-28 21:39:19,612[m [main] [31mERROR[m com.egehurturk.handlers.FileResponse - Body of JSON request is empty. Server automatically created JSON body.
[33m2021-03-28 21:39:19,614[m [main] [31mERROR[m com.egehurturk.handlers.FileResponse - Body of JSON request is empty. Server automatically created JSON body.
[33m2021-03-28 21:39:19,616[m [main] [31mERROR[m com.egehurturk.handlers.FileResponse - Body of JSON request is empty. Server automatically created JSON body.
[33m2021-03-28 21:39:19,627[m [main] [31mERROR[m com.egehurturk.handlers.FileResponse - Body of JSON request is empty. Server automatically created JSON body.
[33m2021-03-28 21:39:19,628[m [main] [31mERROR[m com.egehurturk.handlers.FileResponse - Body of JSON request is empty. Server automatically created JSON body.
[33m2021-03-28 21:39:19,634[m [main] [31mERROR[m com.egehurturk.handlers.FileResponse - Body of JSON request is empty. Server automatically created JSON body.
[33m2021-03-28 21:39:19,637[m [main] [31mERROR[m com.egehurturk.handlers.FileResponse - Body of JSON request is empty. Server automatically created JSON body.
[33m2021-03-28 21:39:19,640[m [main] [31mERROR[m com.egehurturk.handlers.FileResponse - Body of JSON request is empty. Server automatically created JSON body.
[33m2021-03-28 21:39:19,645[m [main] [31mERROR[m com.egehurturk.handlers.FileResponse - Body of JSON request is empty. Server automatically created JSON body.
[33m2021-03-28 21:39:19,649[m [main] [31mERROR[m com.egehurturk.handlers.FileResponse - Body of JSON request is empty. Server automatically created JSON body.
[33m2021-03-28 21:39:19,650[m [main] [31mERROR[m com.egehurturk.handlers.FileResponse - Body of JSON request is empty. Server automatically created JSON body.
