[33m2021-02-09 17:31:05,881[m [main] [31mERROR[m com.egehurturk.httpd.HttpRequest - Request line (e.g. GET /index HTTP/1.1 is not found
[33m2021-02-09 17:31:05,882[m [main] [31mERROR[m com.egehurturk.httpd.HttpRequest - Request does not match HTTP standards. Check the request againand/or read RCF standards. Request should contain at least method ("GET, POST"), HTTP scheme ("HTTP/1.1"), and path
[33m2021-02-09 17:31:05,932[m [main] [31mERROR[m com.egehurturk.httpd.HttpRequest - Request does not match HTTP standards. Check the request againand/or read RCF standards. Request should contain at least method ("GET, POST"), HTTP scheme ("HTTP/1.1"), and path
[33m2021-02-09 17:31:05,946[m [main] [31mERROR[m com.egehurturk.httpd.HttpRequest - Request does not match HTTP standards. Check the request againand/or read RCF standards. Request should contain at least method ("GET, POST"), HTTP scheme ("HTTP/1.1"), and path
[33m2021-02-09 17:31:05,964[m [main] [31mERROR[m com.egehurturk.httpd.HttpRequest - Request does not match HTTP standards. Check the request againand/or read RCF standards. Request should contain at least method ("GET, POST"), HTTP scheme ("HTTP/1.1"), and path
[33m2021-02-09 17:31:05,969[m [main] [31mERROR[m com.egehurturk.httpd.HttpRequest - Request does not match HTTP standards. Check the request againand/or read RCF standards. Request should contain at least method ("GET, POST"), HTTP scheme ("HTTP/1.1"), and path
[33m2021-02-09 17:31:05,973[m [main] [31mERROR[m com.egehurturk.httpd.HttpRequest - Request does not match HTTP standards. Check the request againand/or read RCF standards. Request should contain at least method ("GET, POST"), HTTP scheme ("HTTP/1.1"), and path
[33m2021-02-09 17:31:05,977[m [main] [31mERROR[m com.egehurturk.httpd.HttpRequest - Request does not match HTTP standards. Check the request againand/or read RCF standards. Request should contain at least method ("GET, POST"), HTTP scheme ("HTTP/1.1"), and path
[33m2021-02-09 17:31:05,978[m [main] [31mERROR[m com.egehurturk.httpd.HttpRequest - Input stream of client is null, or empty, Check for client connection
[33m2021-02-09 17:31:05,983[m [main] [31mERROR[m com.egehurturk.httpd.HttpRequest - Request does not match HTTP standards. Check the request againand/or read RCF standards. Request should contain at least method ("GET, POST"), HTTP scheme ("HTTP/1.1"), and path
[33m2021-02-09 17:31:06,631[m [main] [31mERROR[m com.egehurturk.httpd.HttpRequest - Query parameter is null
[33m2021-02-09 17:31:06,669[m [main] [31mERROR[m com.egehurturk.httpd.HttpRequest - Query parameter is null
[33m2021-02-09 17:31:06,672[m [main] [31mERROR[m com.egehurturk.httpd.HttpRequest - Query parameter is null
[33m2021-02-09 17:31:06,676[m [main] [31mERROR[m com.egehurturk.httpd.HttpRequest - Query parameter is null
[33m2021-02-09 17:31:06,679[m [main] [31mERROR[m com.egehurturk.httpd.HttpRequest - Query parameter is null
[33m2021-02-09 17:31:31,306[m [pool-2-thread-1] [31mERROR[m com.egehurturk.httpd.HttpRequest - Query parameter is null
[33m2021-02-09 17:31:33,969[m [pool-2-thread-2] [31mERROR[m com.egehurturk.httpd.HttpRequest - Query parameter is null
[33m2021-02-09 17:31:34,980[m [pool-2-thread-3] [31mERROR[m com.egehurturk.httpd.HttpRequest - Query parameter is null
[33m2021-02-09 17:31:41,480[m [pool-2-thread-4] [31mERROR[m com.egehurturk.httpd.HttpRequest - Query parameter is null
[33m2021-02-09 17:31:41,482[m [pool-2-thread-4] [31mERROR[m com.egehurturk.httpd.HttpRequest - Query parameter is null
[33m2021-02-09 17:31:41,482[m [pool-2-thread-4] [31mERROR[m com.egehurturk.httpd.HttpRequest - Query parameter is null
[33m2021-02-09 17:31:41,482[m [pool-2-thread-4] [31mERROR[m com.egehurturk.httpd.HttpRequest - Query parameter is null
[33m2021-02-09 17:31:41,482[m [pool-2-thread-4] [31mERROR[m com.egehurturk.httpd.HttpRequest - Query parameter is null
[33m2021-02-09 17:32:50,468[m [pool-2-thread-7] [31mERROR[m com.egehurturk.httpd.HttpRequest - Query parameter is null
[33m2021-02-09 17:32:52,099[m [pool-2-thread-8] [31mERROR[m com.egehurturk.httpd.HttpRequest - Query parameter is null
[33m2021-02-09 18:00:35,229[m [main] [31mERROR[m com.egehurturk.httpd.HttpRequest - Request line (e.g. GET /index HTTP/1.1 is not found
[33m2021-02-09 18:00:35,230[m [main] [31mERROR[m com.egehurturk.httpd.HttpRequest - Request does not match HTTP standards. Check the request againand/or read RCF standards. Request should contain at least method ("GET, POST"), HTTP scheme ("HTTP/1.1"), and path
[33m2021-02-09 18:00:35,264[m [main] [31mERROR[m com.egehurturk.httpd.HttpRequest - Request does not match HTTP standards. Check the request againand/or read RCF standards. Request should contain at least method ("GET, POST"), HTTP scheme ("HTTP/1.1"), and path
[33m2021-02-09 18:00:35,274[m [main] [31mERROR[m com.egehurturk.httpd.HttpRequest - Request does not match HTTP standards. Check the request againand/or read RCF standards. Request should contain at least method ("GET, POST"), HTTP scheme ("HTTP/1.1"), and path
[33m2021-02-09 18:00:35,283[m [main] [31mERROR[m com.egehurturk.httpd.HttpRequest - Request does not match HTTP standards. Check the request againand/or read RCF standards. Request should contain at least method ("GET, POST"), HTTP scheme ("HTTP/1.1"), and path
[33m2021-02-09 18:00:35,286[m [main] [31mERROR[m com.egehurturk.httpd.HttpRequest - Request does not match HTTP standards. Check the request againand/or read RCF standards. Request should contain at least method ("GET, POST"), HTTP scheme ("HTTP/1.1"), and path
[33m2021-02-09 18:00:35,289[m [main] [31mERROR[m com.egehurturk.httpd.HttpRequest - Request does not match HTTP standards. Check the request againand/or read RCF standards. Request should contain at least method ("GET, POST"), HTTP scheme ("HTTP/1.1"), and path
[33m2021-02-09 18:00:35,291[m [main] [31mERROR[m com.egehurturk.httpd.HttpRequest - Request does not match HTTP standards. Check the request againand/or read RCF standards. Request should contain at least method ("GET, POST"), HTTP scheme ("HTTP/1.1"), and path
[33m2021-02-09 18:00:35,292[m [main] [31mERROR[m com.egehurturk.httpd.HttpRequest - Input stream of client is null, or empty, Check for client connection
[33m2021-02-09 18:00:35,295[m [main] [31mERROR[m com.egehurturk.httpd.HttpRequest - Request does not match HTTP standards. Check the request againand/or read RCF standards. Request should contain at least method ("GET, POST"), HTTP scheme ("HTTP/1.1"), and path
[33m2021-02-09 18:00:57,251[m [pool-2-thread-2] [31mERROR[m com.egehurturk.httpd.HttpResponseBuilder - Error building Http Response
[33m2021-02-09 18:00:57,253[m [pool-2-thread-3] [31mERROR[m com.egehurturk.httpd.HttpResponseBuilder - Error building Http Response
[33m2021-02-09 18:00:57,256[m [pool-2-thread-6] [31mERROR[m com.egehurturk.httpd.HttpResponseBuilder - Error building Http Response
[33m2021-02-09 18:00:58,304[m [pool-2-thread-8] [31mERROR[m com.egehurturk.httpd.HttpResponseBuilder - Error building Http Response
[33m2021-02-09 18:00:58,306[m [pool-2-thread-9] [31mERROR[m com.egehurturk.httpd.HttpResponseBuilder - Error building Http Response
[33m2021-02-09 18:00:58,309[m [pool-2-thread-12] [31mERROR[m com.egehurturk.httpd.HttpResponseBuilder - Error building Http Response
[33m2021-02-09 18:01:03,330[m [pool-2-thread-14] [31mERROR[m com.egehurturk.httpd.HttpResponseBuilder - Error building Http Response
[33m2021-02-09 18:01:03,332[m [pool-2-thread-15] [31mERROR[m com.egehurturk.httpd.HttpResponseBuilder - Error building Http Response
[33m2021-02-09 18:01:03,339[m [pool-2-thread-18] [31mERROR[m com.egehurturk.httpd.HttpResponseBuilder - Error building Http Response
[33m2021-02-09 18:01:33,362[m [pool-2-thread-20] [31mERROR[m com.egehurturk.httpd.HttpResponseBuilder - Error building Http Response
[33m2021-02-09 18:01:33,364[m [pool-2-thread-21] [31mERROR[m com.egehurturk.httpd.HttpResponseBuilder - Error building Http Response
[33m2021-02-09 18:01:33,367[m [pool-2-thread-24] [31mERROR[m com.egehurturk.httpd.HttpResponseBuilder - Error building Http Response
[33m2021-02-09 18:04:19,441[m [main] [31mERROR[m com.egehurturk.httpd.HttpRequest - Request line (e.g. GET /index HTTP/1.1 is not found
[33m2021-02-09 18:04:19,442[m [main] [31mERROR[m com.egehurturk.httpd.HttpRequest - Request does not match HTTP standards. Check the request againand/or read RCF standards. Request should contain at least method ("GET, POST"), HTTP scheme ("HTTP/1.1"), and path
[33m2021-02-09 18:04:19,475[m [main] [31mERROR[m com.egehurturk.httpd.HttpRequest - Request does not match HTTP standards. Check the request againand/or read RCF standards. Request should contain at least method ("GET, POST"), HTTP scheme ("HTTP/1.1"), and path
[33m2021-02-09 18:04:19,486[m [main] [31mERROR[m com.egehurturk.httpd.HttpRequest - Request does not match HTTP standards. Check the request againand/or read RCF standards. Request should contain at least method ("GET, POST"), HTTP scheme ("HTTP/1.1"), and path
[33m2021-02-09 18:04:19,497[m [main] [31mERROR[m com.egehurturk.httpd.HttpRequest - Request does not match HTTP standards. Check the request againand/or read RCF standards. Request should contain at least method ("GET, POST"), HTTP scheme ("HTTP/1.1"), and path
[33m2021-02-09 18:04:19,500[m [main] [31mERROR[m com.egehurturk.httpd.HttpRequest - Request does not match HTTP standards. Check the request againand/or read RCF standards. Request should contain at least method ("GET, POST"), HTTP scheme ("HTTP/1.1"), and path
[33m2021-02-09 18:04:19,503[m [main] [31mERROR[m com.egehurturk.httpd.HttpRequest - Request does not match HTTP standards. Check the request againand/or read RCF standards. Request should contain at least method ("GET, POST"), HTTP scheme ("HTTP/1.1"), and path
[33m2021-02-09 18:04:19,506[m [main] [31mERROR[m com.egehurturk.httpd.HttpRequest - Request does not match HTTP standards. Check the request againand/or read RCF standards. Request should contain at least method ("GET, POST"), HTTP scheme ("HTTP/1.1"), and path
[33m2021-02-09 18:04:19,507[m [main] [31mERROR[m com.egehurturk.httpd.HttpRequest - Input stream of client is null, or empty, Check for client connection
[33m2021-02-09 18:04:19,509[m [main] [31mERROR[m com.egehurturk.httpd.HttpRequest - Request does not match HTTP standards. Check the request againand/or read RCF standards. Request should contain at least method ("GET, POST"), HTTP scheme ("HTTP/1.1"), and path
[33m2021-02-09 18:10:39,669[m [main] [31mERROR[m com.egehurturk.httpd.HttpRequest - Request line (e.g. GET /index HTTP/1.1 is not found
[33m2021-02-09 18:10:39,670[m [main] [31mERROR[m com.egehurturk.httpd.HttpRequest - Request does not match HTTP standards. Check the request againand/or read RCF standards. Request should contain at least method ("GET, POST"), HTTP scheme ("HTTP/1.1"), and path
[33m2021-02-09 18:10:39,703[m [main] [31mERROR[m com.egehurturk.httpd.HttpRequest - Request does not match HTTP standards. Check the request againand/or read RCF standards. Request should contain at least method ("GET, POST"), HTTP scheme ("HTTP/1.1"), and path
[33m2021-02-09 18:10:39,714[m [main] [31mERROR[m com.egehurturk.httpd.HttpRequest - Request does not match HTTP standards. Check the request againand/or read RCF standards. Request should contain at least method ("GET, POST"), HTTP scheme ("HTTP/1.1"), and path
[33m2021-02-09 18:10:39,725[m [main] [31mERROR[m com.egehurturk.httpd.HttpRequest - Request does not match HTTP standards. Check the request againand/or read RCF standards. Request should contain at least method ("GET, POST"), HTTP scheme ("HTTP/1.1"), and path
[33m2021-02-09 18:10:39,729[m [main] [31mERROR[m com.egehurturk.httpd.HttpRequest - Request does not match HTTP standards. Check the request againand/or read RCF standards. Request should contain at least method ("GET, POST"), HTTP scheme ("HTTP/1.1"), and path
[33m2021-02-09 18:10:39,731[m [main] [31mERROR[m com.egehurturk.httpd.HttpRequest - Request does not match HTTP standards. Check the request againand/or read RCF standards. Request should contain at least method ("GET, POST"), HTTP scheme ("HTTP/1.1"), and path
[33m2021-02-09 18:10:39,733[m [main] [31mERROR[m com.egehurturk.httpd.HttpRequest - Request does not match HTTP standards. Check the request againand/or read RCF standards. Request should contain at least method ("GET, POST"), HTTP scheme ("HTTP/1.1"), and path
[33m2021-02-09 18:10:39,734[m [main] [31mERROR[m com.egehurturk.httpd.HttpRequest - Input stream of client is null, or empty, Check for client connection
[33m2021-02-09 18:10:39,737[m [main] [31mERROR[m com.egehurturk.httpd.HttpRequest - Request does not match HTTP standards. Check the request againand/or read RCF standards. Request should contain at least method ("GET, POST"), HTTP scheme ("HTTP/1.1"), and path
[33m2021-02-09 18:07:09,391[m [pool-2-thread-2] [31mERROR[m com.egehurturk.httpd.HttpRequest - Input stream of client is null, or empty, Check for client connection
[33m2021-02-09 18:14:08,451[m [main] [31mERROR[m com.egehurturk.httpd.HttpRequest - Request line (e.g. GET /index HTTP/1.1 is not found
[33m2021-02-09 18:14:08,452[m [main] [31mERROR[m com.egehurturk.httpd.HttpRequest - Request does not match HTTP standards. Check the request againand/or read RCF standards. Request should contain at least method ("GET, POST"), HTTP scheme ("HTTP/1.1"), and path
[33m2021-02-09 18:14:08,485[m [main] [31mERROR[m com.egehurturk.httpd.HttpRequest - Request does not match HTTP standards. Check the request againand/or read RCF standards. Request should contain at least method ("GET, POST"), HTTP scheme ("HTTP/1.1"), and path
[33m2021-02-09 18:14:08,496[m [main] [31mERROR[m com.egehurturk.httpd.HttpRequest - Request does not match HTTP standards. Check the request againand/or read RCF standards. Request should contain at least method ("GET, POST"), HTTP scheme ("HTTP/1.1"), and path
[33m2021-02-09 18:14:08,506[m [main] [31mERROR[m com.egehurturk.httpd.HttpRequest - Request does not match HTTP standards. Check the request againand/or read RCF standards. Request should contain at least method ("GET, POST"), HTTP scheme ("HTTP/1.1"), and path
[33m2021-02-09 18:14:08,509[m [main] [31mERROR[m com.egehurturk.httpd.HttpRequest - Request does not match HTTP standards. Check the request againand/or read RCF standards. Request should contain at least method ("GET, POST"), HTTP scheme ("HTTP/1.1"), and path
[33m2021-02-09 18:14:08,512[m [main] [31mERROR[m com.egehurturk.httpd.HttpRequest - Request does not match HTTP standards. Check the request againand/or read RCF standards. Request should contain at least method ("GET, POST"), HTTP scheme ("HTTP/1.1"), and path
[33m2021-02-09 18:14:08,514[m [main] [31mERROR[m com.egehurturk.httpd.HttpRequest - Request does not match HTTP standards. Check the request againand/or read RCF standards. Request should contain at least method ("GET, POST"), HTTP scheme ("HTTP/1.1"), and path
[33m2021-02-09 18:14:08,515[m [main] [31mERROR[m com.egehurturk.httpd.HttpRequest - Input stream of client is null, or empty, Check for client connection
[33m2021-02-09 18:14:08,518[m [main] [31mERROR[m com.egehurturk.httpd.HttpRequest - Request does not match HTTP standards. Check the request againand/or read RCF standards. Request should contain at least method ("GET, POST"), HTTP scheme ("HTTP/1.1"), and path
[33m2021-02-09 18:16:52,691[m [pool-2-thread-3] [31mERROR[m com.egehurturk.httpd.HttpRequest - Input stream of client is null, or empty, Check for client connection
[33m2021-02-09 18:17:17,718[m [main] [31mERROR[m com.egehurturk.httpd.HttpRequest - Request line (e.g. GET /index HTTP/1.1 is not found
[33m2021-02-09 18:17:17,719[m [main] [31mERROR[m com.egehurturk.httpd.HttpRequest - Request does not match HTTP standards. Check the request againand/or read RCF standards. Request should contain at least method ("GET, POST"), HTTP scheme ("HTTP/1.1"), and path
[33m2021-02-09 18:17:17,754[m [main] [31mERROR[m com.egehurturk.httpd.HttpRequest - Request does not match HTTP standards. Check the request againand/or read RCF standards. Request should contain at least method ("GET, POST"), HTTP scheme ("HTTP/1.1"), and path
[33m2021-02-09 18:17:17,764[m [main] [31mERROR[m com.egehurturk.httpd.HttpRequest - Request does not match HTTP standards. Check the request againand/or read RCF standards. Request should contain at least method ("GET, POST"), HTTP scheme ("HTTP/1.1"), and path
[33m2021-02-09 18:17:17,775[m [main] [31mERROR[m com.egehurturk.httpd.HttpRequest - Request does not match HTTP standards. Check the request againand/or read RCF standards. Request should contain at least method ("GET, POST"), HTTP scheme ("HTTP/1.1"), and path
[33m2021-02-09 18:17:17,778[m [main] [31mERROR[m com.egehurturk.httpd.HttpRequest - Request does not match HTTP standards. Check the request againand/or read RCF standards. Request should contain at least method ("GET, POST"), HTTP scheme ("HTTP/1.1"), and path
[33m2021-02-09 18:17:17,780[m [main] [31mERROR[m com.egehurturk.httpd.HttpRequest - Request does not match HTTP standards. Check the request againand/or read RCF standards. Request should contain at least method ("GET, POST"), HTTP scheme ("HTTP/1.1"), and path
[33m2021-02-09 18:17:17,783[m [main] [31mERROR[m com.egehurturk.httpd.HttpRequest - Request does not match HTTP standards. Check the request againand/or read RCF standards. Request should contain at least method ("GET, POST"), HTTP scheme ("HTTP/1.1"), and path
[33m2021-02-09 18:17:17,785[m [main] [31mERROR[m com.egehurturk.httpd.HttpRequest - Input stream of client is null, or empty, Check for client connection
[33m2021-02-09 18:17:17,788[m [main] [31mERROR[m com.egehurturk.httpd.HttpRequest - Request does not match HTTP standards. Check the request againand/or read RCF standards. Request should contain at least method ("GET, POST"), HTTP scheme ("HTTP/1.1"), and path
[33m2021-02-09 18:20:14,485[m [main] [31mERROR[m com.egehurturk.httpd.HttpRequest - Request line (e.g. GET /index HTTP/1.1 is not found
[33m2021-02-09 18:20:14,486[m [main] [31mERROR[m com.egehurturk.httpd.HttpRequest - Request does not match HTTP standards. Check the request againand/or read RCF standards. Request should contain at least method ("GET, POST"), HTTP scheme ("HTTP/1.1"), and path
[33m2021-02-09 18:20:14,540[m [main] [31mERROR[m com.egehurturk.httpd.HttpRequest - Request does not match HTTP standards. Check the request againand/or read RCF standards. Request should contain at least method ("GET, POST"), HTTP scheme ("HTTP/1.1"), and path
[33m2021-02-09 18:20:14,550[m [main] [31mERROR[m com.egehurturk.httpd.HttpRequest - Request does not match HTTP standards. Check the request againand/or read RCF standards. Request should contain at least method ("GET, POST"), HTTP scheme ("HTTP/1.1"), and path
[33m2021-02-09 18:20:14,560[m [main] [31mERROR[m com.egehurturk.httpd.HttpRequest - Request does not match HTTP standards. Check the request againand/or read RCF standards. Request should contain at least method ("GET, POST"), HTTP scheme ("HTTP/1.1"), and path
[33m2021-02-09 18:20:14,563[m [main] [31mERROR[m com.egehurturk.httpd.HttpRequest - Request does not match HTTP standards. Check the request againand/or read RCF standards. Request should contain at least method ("GET, POST"), HTTP scheme ("HTTP/1.1"), and path
[33m2021-02-09 18:20:14,565[m [main] [31mERROR[m com.egehurturk.httpd.HttpRequest - Request does not match HTTP standards. Check the request againand/or read RCF standards. Request should contain at least method ("GET, POST"), HTTP scheme ("HTTP/1.1"), and path
[33m2021-02-09 18:20:14,567[m [main] [31mERROR[m com.egehurturk.httpd.HttpRequest - Request does not match HTTP standards. Check the request againand/or read RCF standards. Request should contain at least method ("GET, POST"), HTTP scheme ("HTTP/1.1"), and path
[33m2021-02-09 18:20:14,568[m [main] [31mERROR[m com.egehurturk.httpd.HttpRequest - Input stream of client is null, or empty, Check for client connection
[33m2021-02-09 18:20:14,571[m [main] [31mERROR[m com.egehurturk.httpd.HttpRequest - Request does not match HTTP standards. Check the request againand/or read RCF standards. Request should contain at least method ("GET, POST"), HTTP scheme ("HTTP/1.1"), and path
[33m2021-02-09 18:22:08,212[m [main] [31mERROR[m com.egehurturk.httpd.HttpRequest - Request line (e.g. GET /index HTTP/1.1 is not found
[33m2021-02-09 18:22:08,213[m [main] [31mERROR[m com.egehurturk.httpd.HttpRequest - Request does not match HTTP standards. Check the request againand/or read RCF standards. Request should contain at least method ("GET, POST"), HTTP scheme ("HTTP/1.1"), and path
[33m2021-02-09 18:22:08,247[m [main] [31mERROR[m com.egehurturk.httpd.HttpRequest - Request does not match HTTP standards. Check the request againand/or read RCF standards. Request should contain at least method ("GET, POST"), HTTP scheme ("HTTP/1.1"), and path
[33m2021-02-09 18:22:08,257[m [main] [31mERROR[m com.egehurturk.httpd.HttpRequest - Request does not match HTTP standards. Check the request againand/or read RCF standards. Request should contain at least method ("GET, POST"), HTTP scheme ("HTTP/1.1"), and path
[33m2021-02-09 18:22:08,266[m [main] [31mERROR[m com.egehurturk.httpd.HttpRequest - Request does not match HTTP standards. Check the request againand/or read RCF standards. Request should contain at least method ("GET, POST"), HTTP scheme ("HTTP/1.1"), and path
[33m2021-02-09 18:22:08,270[m [main] [31mERROR[m com.egehurturk.httpd.HttpRequest - Request does not match HTTP standards. Check the request againand/or read RCF standards. Request should contain at least method ("GET, POST"), HTTP scheme ("HTTP/1.1"), and path
[33m2021-02-09 18:22:08,276[m [main] [31mERROR[m com.egehurturk.httpd.HttpRequest - Request does not match HTTP standards. Check the request againand/or read RCF standards. Request should contain at least method ("GET, POST"), HTTP scheme ("HTTP/1.1"), and path
[33m2021-02-09 18:22:08,280[m [main] [31mERROR[m com.egehurturk.httpd.HttpRequest - Request does not match HTTP standards. Check the request againand/or read RCF standards. Request should contain at least method ("GET, POST"), HTTP scheme ("HTTP/1.1"), and path
[33m2021-02-09 18:22:08,281[m [main] [31mERROR[m com.egehurturk.httpd.HttpRequest - Input stream of client is null, or empty, Check for client connection
[33m2021-02-09 18:22:08,284[m [main] [31mERROR[m com.egehurturk.httpd.HttpRequest - Request does not match HTTP standards. Check the request againand/or read RCF standards. Request should contain at least method ("GET, POST"), HTTP scheme ("HTTP/1.1"), and path
[33m2021-02-09 18:23:17,702[m [main] [31mERROR[m com.egehurturk.httpd.HttpRequest - Request line (e.g. GET /index HTTP/1.1 is not found
[33m2021-02-09 18:23:17,703[m [main] [31mERROR[m com.egehurturk.httpd.HttpRequest - Request does not match HTTP standards. Check the request againand/or read RCF standards. Request should contain at least method ("GET, POST"), HTTP scheme ("HTTP/1.1"), and path
[33m2021-02-09 18:23:17,739[m [main] [31mERROR[m com.egehurturk.httpd.HttpRequest - Request does not match HTTP standards. Check the request againand/or read RCF standards. Request should contain at least method ("GET, POST"), HTTP scheme ("HTTP/1.1"), and path
[33m2021-02-09 18:23:17,749[m [main] [31mERROR[m com.egehurturk.httpd.HttpRequest - Request does not match HTTP standards. Check the request againand/or read RCF standards. Request should contain at least method ("GET, POST"), HTTP scheme ("HTTP/1.1"), and path
[33m2021-02-09 18:23:17,760[m [main] [31mERROR[m com.egehurturk.httpd.HttpRequest - Request does not match HTTP standards. Check the request againand/or read RCF standards. Request should contain at least method ("GET, POST"), HTTP scheme ("HTTP/1.1"), and path
[33m2021-02-09 18:23:17,764[m [main] [31mERROR[m com.egehurturk.httpd.HttpRequest - Request does not match HTTP standards. Check the request againand/or read RCF standards. Request should contain at least method ("GET, POST"), HTTP scheme ("HTTP/1.1"), and path
[33m2021-02-09 18:23:17,767[m [main] [31mERROR[m com.egehurturk.httpd.HttpRequest - Request does not match HTTP standards. Check the request againand/or read RCF standards. Request should contain at least method ("GET, POST"), HTTP scheme ("HTTP/1.1"), and path
[33m2021-02-09 18:23:17,769[m [main] [31mERROR[m com.egehurturk.httpd.HttpRequest - Request does not match HTTP standards. Check the request againand/or read RCF standards. Request should contain at least method ("GET, POST"), HTTP scheme ("HTTP/1.1"), and path
[33m2021-02-09 18:23:17,771[m [main] [31mERROR[m com.egehurturk.httpd.HttpRequest - Input stream of client is null, or empty, Check for client connection
[33m2021-02-09 18:23:17,773[m [main] [31mERROR[m com.egehurturk.httpd.HttpRequest - Request does not match HTTP standards. Check the request againand/or read RCF standards. Request should contain at least method ("GET, POST"), HTTP scheme ("HTTP/1.1"), and path
[33m2021-02-09 18:24:33,657[m [main] [31mERROR[m com.egehurturk.httpd.HttpRequest - Request line (e.g. GET /index HTTP/1.1 is not found
[33m2021-02-09 18:24:33,658[m [main] [31mERROR[m com.egehurturk.httpd.HttpRequest - Request does not match HTTP standards. Check the request againand/or read RCF standards. Request should contain at least method ("GET, POST"), HTTP scheme ("HTTP/1.1"), and path
[33m2021-02-09 18:24:33,691[m [main] [31mERROR[m com.egehurturk.httpd.HttpRequest - Request does not match HTTP standards. Check the request againand/or read RCF standards. Request should contain at least method ("GET, POST"), HTTP scheme ("HTTP/1.1"), and path
[33m2021-02-09 18:24:33,701[m [main] [31mERROR[m com.egehurturk.httpd.HttpRequest - Request does not match HTTP standards. Check the request againand/or read RCF standards. Request should contain at least method ("GET, POST"), HTTP scheme ("HTTP/1.1"), and path
[33m2021-02-09 18:24:33,713[m [main] [31mERROR[m com.egehurturk.httpd.HttpRequest - Request does not match HTTP standards. Check the request againand/or read RCF standards. Request should contain at least method ("GET, POST"), HTTP scheme ("HTTP/1.1"), and path
[33m2021-02-09 18:24:33,716[m [main] [31mERROR[m com.egehurturk.httpd.HttpRequest - Request does not match HTTP standards. Check the request againand/or read RCF standards. Request should contain at least method ("GET, POST"), HTTP scheme ("HTTP/1.1"), and path
[33m2021-02-09 18:24:33,719[m [main] [31mERROR[m com.egehurturk.httpd.HttpRequest - Request does not match HTTP standards. Check the request againand/or read RCF standards. Request should contain at least method ("GET, POST"), HTTP scheme ("HTTP/1.1"), and path
[33m2021-02-09 18:24:33,721[m [main] [31mERROR[m com.egehurturk.httpd.HttpRequest - Request does not match HTTP standards. Check the request againand/or read RCF standards. Request should contain at least method ("GET, POST"), HTTP scheme ("HTTP/1.1"), and path
[33m2021-02-09 18:24:33,723[m [main] [31mERROR[m com.egehurturk.httpd.HttpRequest - Input stream of client is null, or empty, Check for client connection
[33m2021-02-09 18:24:33,726[m [main] [31mERROR[m com.egehurturk.httpd.HttpRequest - Request does not match HTTP standards. Check the request againand/or read RCF standards. Request should contain at least method ("GET, POST"), HTTP scheme ("HTTP/1.1"), and path
[33m2021-02-09 18:25:47,448[m [main] [31mERROR[m com.egehurturk.httpd.HttpRequest - Request line (e.g. GET /index HTTP/1.1 is not found
[33m2021-02-09 18:25:47,449[m [main] [31mERROR[m com.egehurturk.httpd.HttpRequest - Request does not match HTTP standards. Check the request againand/or read RCF standards. Request should contain at least method ("GET, POST"), HTTP scheme ("HTTP/1.1"), and path
[33m2021-02-09 18:25:47,487[m [main] [31mERROR[m com.egehurturk.httpd.HttpRequest - Request does not match HTTP standards. Check the request againand/or read RCF standards. Request should contain at least method ("GET, POST"), HTTP scheme ("HTTP/1.1"), and path
[33m2021-02-09 18:25:47,498[m [main] [31mERROR[m com.egehurturk.httpd.HttpRequest - Request does not match HTTP standards. Check the request againand/or read RCF standards. Request should contain at least method ("GET, POST"), HTTP scheme ("HTTP/1.1"), and path
[33m2021-02-09 18:25:47,511[m [main] [31mERROR[m com.egehurturk.httpd.HttpRequest - Request does not match HTTP standards. Check the request againand/or read RCF standards. Request should contain at least method ("GET, POST"), HTTP scheme ("HTTP/1.1"), and path
[33m2021-02-09 18:25:47,515[m [main] [31mERROR[m com.egehurturk.httpd.HttpRequest - Request does not match HTTP standards. Check the request againand/or read RCF standards. Request should contain at least method ("GET, POST"), HTTP scheme ("HTTP/1.1"), and path
[33m2021-02-09 18:25:47,518[m [main] [31mERROR[m com.egehurturk.httpd.HttpRequest - Request does not match HTTP standards. Check the request againand/or read RCF standards. Request should contain at least method ("GET, POST"), HTTP scheme ("HTTP/1.1"), and path
[33m2021-02-09 18:25:47,520[m [main] [31mERROR[m com.egehurturk.httpd.HttpRequest - Request does not match HTTP standards. Check the request againand/or read RCF standards. Request should contain at least method ("GET, POST"), HTTP scheme ("HTTP/1.1"), and path
[33m2021-02-09 18:25:47,522[m [main] [31mERROR[m com.egehurturk.httpd.HttpRequest - Input stream of client is null, or empty, Check for client connection
[33m2021-02-09 18:25:47,525[m [main] [31mERROR[m com.egehurturk.httpd.HttpRequest - Request does not match HTTP standards. Check the request againand/or read RCF standards. Request should contain at least method ("GET, POST"), HTTP scheme ("HTTP/1.1"), and path
[33m2021-02-09 18:34:10,546[m [main] [31mERROR[m com.egehurturk.httpd.HttpRequest - Request line (e.g. GET /index HTTP/1.1 is not found
[33m2021-02-09 18:34:10,547[m [main] [31mERROR[m com.egehurturk.httpd.HttpRequest - Request does not match HTTP standards. Check the request againand/or read RCF standards. Request should contain at least method ("GET, POST"), HTTP scheme ("HTTP/1.1"), and path
[33m2021-02-09 18:34:10,579[m [main] [31mERROR[m com.egehurturk.httpd.HttpRequest - Request does not match HTTP standards. Check the request againand/or read RCF standards. Request should contain at least method ("GET, POST"), HTTP scheme ("HTTP/1.1"), and path
[33m2021-02-09 18:34:10,589[m [main] [31mERROR[m com.egehurturk.httpd.HttpRequest - Request does not match HTTP standards. Check the request againand/or read RCF standards. Request should contain at least method ("GET, POST"), HTTP scheme ("HTTP/1.1"), and path
[33m2021-02-09 18:34:10,599[m [main] [31mERROR[m com.egehurturk.httpd.HttpRequest - Request does not match HTTP standards. Check the request againand/or read RCF standards. Request should contain at least method ("GET, POST"), HTTP scheme ("HTTP/1.1"), and path
[33m2021-02-09 18:34:10,602[m [main] [31mERROR[m com.egehurturk.httpd.HttpRequest - Request does not match HTTP standards. Check the request againand/or read RCF standards. Request should contain at least method ("GET, POST"), HTTP scheme ("HTTP/1.1"), and path
[33m2021-02-09 18:34:10,604[m [main] [31mERROR[m com.egehurturk.httpd.HttpRequest - Request does not match HTTP standards. Check the request againand/or read RCF standards. Request should contain at least method ("GET, POST"), HTTP scheme ("HTTP/1.1"), and path
[33m2021-02-09 18:34:10,606[m [main] [31mERROR[m com.egehurturk.httpd.HttpRequest - Request does not match HTTP standards. Check the request againand/or read RCF standards. Request should contain at least method ("GET, POST"), HTTP scheme ("HTTP/1.1"), and path
[33m2021-02-09 18:34:10,607[m [main] [31mERROR[m com.egehurturk.httpd.HttpRequest - Input stream of client is null, or empty, Check for client connection
[33m2021-02-09 18:34:10,610[m [main] [31mERROR[m com.egehurturk.httpd.HttpRequest - Request does not match HTTP standards. Check the request againand/or read RCF standards. Request should contain at least method ("GET, POST"), HTTP scheme ("HTTP/1.1"), and path
[33m2021-02-09 18:34:25,284[m [pool-2-thread-1] [31mERROR[m com.egehurturk.httpd.HttpRequest - Request header does not exist in HTTP Request
[33m2021-02-09 18:34:46,795[m [main] [31mERROR[m com.egehurturk.httpd.HttpRequest - Request line (e.g. GET /index HTTP/1.1 is not found
[33m2021-02-09 18:34:46,795[m [main] [31mERROR[m com.egehurturk.httpd.HttpRequest - Request does not match HTTP standards. Check the request againand/or read RCF standards. Request should contain at least method ("GET, POST"), HTTP scheme ("HTTP/1.1"), and path
[33m2021-02-09 18:34:46,829[m [main] [31mERROR[m com.egehurturk.httpd.HttpRequest - Request does not match HTTP standards. Check the request againand/or read RCF standards. Request should contain at least method ("GET, POST"), HTTP scheme ("HTTP/1.1"), and path
[33m2021-02-09 18:34:46,839[m [main] [31mERROR[m com.egehurturk.httpd.HttpRequest - Request does not match HTTP standards. Check the request againand/or read RCF standards. Request should contain at least method ("GET, POST"), HTTP scheme ("HTTP/1.1"), and path
[33m2021-02-09 18:34:46,849[m [main] [31mERROR[m com.egehurturk.httpd.HttpRequest - Request does not match HTTP standards. Check the request againand/or read RCF standards. Request should contain at least method ("GET, POST"), HTTP scheme ("HTTP/1.1"), and path
[33m2021-02-09 18:34:46,853[m [main] [31mERROR[m com.egehurturk.httpd.HttpRequest - Request does not match HTTP standards. Check the request againand/or read RCF standards. Request should contain at least method ("GET, POST"), HTTP scheme ("HTTP/1.1"), and path
[33m2021-02-09 18:34:46,855[m [main] [31mERROR[m com.egehurturk.httpd.HttpRequest - Request does not match HTTP standards. Check the request againand/or read RCF standards. Request should contain at least method ("GET, POST"), HTTP scheme ("HTTP/1.1"), and path
[33m2021-02-09 18:34:46,858[m [main] [31mERROR[m com.egehurturk.httpd.HttpRequest - Request does not match HTTP standards. Check the request againand/or read RCF standards. Request should contain at least method ("GET, POST"), HTTP scheme ("HTTP/1.1"), and path
[33m2021-02-09 18:34:46,859[m [main] [31mERROR[m com.egehurturk.httpd.HttpRequest - Input stream of client is null, or empty, Check for client connection
[33m2021-02-09 18:34:46,862[m [main] [31mERROR[m com.egehurturk.httpd.HttpRequest - Request does not match HTTP standards. Check the request againand/or read RCF standards. Request should contain at least method ("GET, POST"), HTTP scheme ("HTTP/1.1"), and path
[33m2021-02-09 18:34:56,694[m [main] [31mERROR[m com.egehurturk.httpd.HttpServer - Server could not be instantiated (probably due to port conflict) 

java.net.BindException
[33m2021-02-09 18:35:23,303[m [pool-2-thread-1] [31mERROR[m com.egehurturk.httpd.HttpRequest - Request header does not exist in HTTP Request
[33m2021-02-09 18:36:14,710[m [main] [31mERROR[m com.egehurturk.httpd.HttpRequest - Request line (e.g. GET /index HTTP/1.1 is not found
[33m2021-02-09 18:36:14,712[m [main] [31mERROR[m com.egehurturk.httpd.HttpRequest - Request does not match HTTP standards. Check the request againand/or read RCF standards. Request should contain at least method ("GET, POST"), HTTP scheme ("HTTP/1.1"), and path
[33m2021-02-09 18:36:14,750[m [main] [31mERROR[m com.egehurturk.httpd.HttpRequest - Request does not match HTTP standards. Check the request againand/or read RCF standards. Request should contain at least method ("GET, POST"), HTTP scheme ("HTTP/1.1"), and path
[33m2021-02-09 18:36:14,759[m [main] [31mERROR[m com.egehurturk.httpd.HttpRequest - Request does not match HTTP standards. Check the request againand/or read RCF standards. Request should contain at least method ("GET, POST"), HTTP scheme ("HTTP/1.1"), and path
[33m2021-02-09 18:36:14,771[m [main] [31mERROR[m com.egehurturk.httpd.HttpRequest - Request does not match HTTP standards. Check the request againand/or read RCF standards. Request should contain at least method ("GET, POST"), HTTP scheme ("HTTP/1.1"), and path
[33m2021-02-09 18:36:14,776[m [main] [31mERROR[m com.egehurturk.httpd.HttpRequest - Request does not match HTTP standards. Check the request againand/or read RCF standards. Request should contain at least method ("GET, POST"), HTTP scheme ("HTTP/1.1"), and path
[33m2021-02-09 18:36:14,779[m [main] [31mERROR[m com.egehurturk.httpd.HttpRequest - Request does not match HTTP standards. Check the request againand/or read RCF standards. Request should contain at least method ("GET, POST"), HTTP scheme ("HTTP/1.1"), and path
[33m2021-02-09 18:36:14,782[m [main] [31mERROR[m com.egehurturk.httpd.HttpRequest - Request does not match HTTP standards. Check the request againand/or read RCF standards. Request should contain at least method ("GET, POST"), HTTP scheme ("HTTP/1.1"), and path
[33m2021-02-09 18:36:14,783[m [main] [31mERROR[m com.egehurturk.httpd.HttpRequest - Input stream of client is null, or empty, Check for client connection
[33m2021-02-09 18:36:14,785[m [main] [31mERROR[m com.egehurturk.httpd.HttpRequest - Request does not match HTTP standards. Check the request againand/or read RCF standards. Request should contain at least method ("GET, POST"), HTTP scheme ("HTTP/1.1"), and path
[33m2021-02-09 18:37:01,443[m [main] [31mERROR[m com.egehurturk.httpd.HttpRequest - Request line (e.g. GET /index HTTP/1.1 is not found
[33m2021-02-09 18:37:01,443[m [main] [31mERROR[m com.egehurturk.httpd.HttpRequest - Request does not match HTTP standards. Check the request againand/or read RCF standards. Request should contain at least method ("GET, POST"), HTTP scheme ("HTTP/1.1"), and path
[33m2021-02-09 18:37:01,479[m [main] [31mERROR[m com.egehurturk.httpd.HttpRequest - Request does not match HTTP standards. Check the request againand/or read RCF standards. Request should contain at least method ("GET, POST"), HTTP scheme ("HTTP/1.1"), and path
[33m2021-02-09 18:37:01,489[m [main] [31mERROR[m com.egehurturk.httpd.HttpRequest - Request does not match HTTP standards. Check the request againand/or read RCF standards. Request should contain at least method ("GET, POST"), HTTP scheme ("HTTP/1.1"), and path
[33m2021-02-09 18:37:01,500[m [main] [31mERROR[m com.egehurturk.httpd.HttpRequest - Request does not match HTTP standards. Check the request againand/or read RCF standards. Request should contain at least method ("GET, POST"), HTTP scheme ("HTTP/1.1"), and path
[33m2021-02-09 18:37:01,504[m [main] [31mERROR[m com.egehurturk.httpd.HttpRequest - Request does not match HTTP standards. Check the request againand/or read RCF standards. Request should contain at least method ("GET, POST"), HTTP scheme ("HTTP/1.1"), and path
[33m2021-02-09 18:37:01,506[m [main] [31mERROR[m com.egehurturk.httpd.HttpRequest - Request does not match HTTP standards. Check the request againand/or read RCF standards. Request should contain at least method ("GET, POST"), HTTP scheme ("HTTP/1.1"), and path
[33m2021-02-09 18:37:01,508[m [main] [31mERROR[m com.egehurturk.httpd.HttpRequest - Request does not match HTTP standards. Check the request againand/or read RCF standards. Request should contain at least method ("GET, POST"), HTTP scheme ("HTTP/1.1"), and path
[33m2021-02-09 18:37:01,510[m [main] [31mERROR[m com.egehurturk.httpd.HttpRequest - Input stream of client is null, or empty, Check for client connection
[33m2021-02-09 18:37:01,513[m [main] [31mERROR[m com.egehurturk.httpd.HttpRequest - Request does not match HTTP standards. Check the request againand/or read RCF standards. Request should contain at least method ("GET, POST"), HTTP scheme ("HTTP/1.1"), and path
[33m2021-02-09 18:36:29,884[m [pool-2-thread-1] [31mERROR[m com.egehurturk.httpd.HttpRequest - Request header does not exist in HTTP Request
[33m2021-02-09 18:37:48,499[m [main] [31mERROR[m com.egehurturk.httpd.HttpRequest - Request line (e.g. GET /index HTTP/1.1 is not found
[33m2021-02-09 18:37:48,500[m [main] [31mERROR[m com.egehurturk.httpd.HttpRequest - Request does not match HTTP standards. Check the request againand/or read RCF standards. Request should contain at least method ("GET, POST"), HTTP scheme ("HTTP/1.1"), and path
[33m2021-02-09 18:37:48,534[m [main] [31mERROR[m com.egehurturk.httpd.HttpRequest - Request does not match HTTP standards. Check the request againand/or read RCF standards. Request should contain at least method ("GET, POST"), HTTP scheme ("HTTP/1.1"), and path
[33m2021-02-09 18:37:48,544[m [main] [31mERROR[m com.egehurturk.httpd.HttpRequest - Request does not match HTTP standards. Check the request againand/or read RCF standards. Request should contain at least method ("GET, POST"), HTTP scheme ("HTTP/1.1"), and path
[33m2021-02-09 18:37:48,554[m [main] [31mERROR[m com.egehurturk.httpd.HttpRequest - Request does not match HTTP standards. Check the request againand/or read RCF standards. Request should contain at least method ("GET, POST"), HTTP scheme ("HTTP/1.1"), and path
[33m2021-02-09 18:37:48,557[m [main] [31mERROR[m com.egehurturk.httpd.HttpRequest - Request does not match HTTP standards. Check the request againand/or read RCF standards. Request should contain at least method ("GET, POST"), HTTP scheme ("HTTP/1.1"), and path
[33m2021-02-09 18:37:48,560[m [main] [31mERROR[m com.egehurturk.httpd.HttpRequest - Request does not match HTTP standards. Check the request againand/or read RCF standards. Request should contain at least method ("GET, POST"), HTTP scheme ("HTTP/1.1"), and path
[33m2021-02-09 18:37:48,563[m [main] [31mERROR[m com.egehurturk.httpd.HttpRequest - Request does not match HTTP standards. Check the request againand/or read RCF standards. Request should contain at least method ("GET, POST"), HTTP scheme ("HTTP/1.1"), and path
[33m2021-02-09 18:37:48,564[m [main] [31mERROR[m com.egehurturk.httpd.HttpRequest - Input stream of client is null, or empty, Check for client connection
[33m2021-02-09 18:37:48,567[m [main] [31mERROR[m com.egehurturk.httpd.HttpRequest - Request does not match HTTP standards. Check the request againand/or read RCF standards. Request should contain at least method ("GET, POST"), HTTP scheme ("HTTP/1.1"), and path
[33m2021-02-09 18:38:05,913[m [pool-2-thread-1] [31mERROR[m com.egehurturk.httpd.HttpRequest - Request header does not exist in HTTP Request
[33m2021-02-09 18:47:20,350[m [main] [31mERROR[m com.egehurturk.httpd.HttpRequest - Request line (e.g. GET /index HTTP/1.1 is not found
[33m2021-02-09 18:47:20,351[m [main] [31mERROR[m com.egehurturk.httpd.HttpRequest - Request does not match HTTP standards. Check the request againand/or read RCF standards. Request should contain at least method ("GET, POST"), HTTP scheme ("HTTP/1.1"), and path
[33m2021-02-09 18:47:20,384[m [main] [31mERROR[m com.egehurturk.httpd.HttpRequest - Request does not match HTTP standards. Check the request againand/or read RCF standards. Request should contain at least method ("GET, POST"), HTTP scheme ("HTTP/1.1"), and path
[33m2021-02-09 18:47:20,394[m [main] [31mERROR[m com.egehurturk.httpd.HttpRequest - Request does not match HTTP standards. Check the request againand/or read RCF standards. Request should contain at least method ("GET, POST"), HTTP scheme ("HTTP/1.1"), and path
[33m2021-02-09 18:47:20,404[m [main] [31mERROR[m com.egehurturk.httpd.HttpRequest - Request does not match HTTP standards. Check the request againand/or read RCF standards. Request should contain at least method ("GET, POST"), HTTP scheme ("HTTP/1.1"), and path
[33m2021-02-09 18:47:20,407[m [main] [31mERROR[m com.egehurturk.httpd.HttpRequest - Request does not match HTTP standards. Check the request againand/or read RCF standards. Request should contain at least method ("GET, POST"), HTTP scheme ("HTTP/1.1"), and path
[33m2021-02-09 18:47:20,409[m [main] [31mERROR[m com.egehurturk.httpd.HttpRequest - Request does not match HTTP standards. Check the request againand/or read RCF standards. Request should contain at least method ("GET, POST"), HTTP scheme ("HTTP/1.1"), and path
[33m2021-02-09 18:47:20,412[m [main] [31mERROR[m com.egehurturk.httpd.HttpRequest - Request does not match HTTP standards. Check the request againand/or read RCF standards. Request should contain at least method ("GET, POST"), HTTP scheme ("HTTP/1.1"), and path
[33m2021-02-09 18:47:20,413[m [main] [31mERROR[m com.egehurturk.httpd.HttpRequest - Input stream of client is null, or empty, Check for client connection
[33m2021-02-09 18:47:20,415[m [main] [31mERROR[m com.egehurturk.httpd.HttpRequest - Request does not match HTTP standards. Check the request againand/or read RCF standards. Request should contain at least method ("GET, POST"), HTTP scheme ("HTTP/1.1"), and path
