[33m2021-02-27 00:02:28,774[m [main] [31mERROR[m com.egehurturk.httpd.HttpRequest - Request line (e.g. GET /index HTTP/1.1 is not found
[33m2021-02-27 00:02:28,774[m [main] [31mERROR[m com.egehurturk.httpd.HttpRequest - Request does not match HTTP standards. Check the request againand/or read RCF standards. Request should contain at least method ("GET, POST"), HTTP scheme ("HTTP/1.1"), and path
[33m2021-02-27 00:02:28,814[m [main] [31mERROR[m com.egehurturk.httpd.HttpRequest - Request does not match HTTP standards. Check the request againand/or read RCF standards. Request should contain at least method ("GET, POST"), HTTP scheme ("HTTP/1.1"), and path
[33m2021-02-27 00:02:28,823[m [main] [31mERROR[m com.egehurturk.httpd.HttpRequest - Request does not match HTTP standards. Check the request againand/or read RCF standards. Request should contain at least method ("GET, POST"), HTTP scheme ("HTTP/1.1"), and path
[33m2021-02-27 00:02:28,833[m [main] [31mERROR[m com.egehurturk.httpd.HttpRequest - Request does not match HTTP standards. Check the request againand/or read RCF standards. Request should contain at least method ("GET, POST"), HTTP scheme ("HTTP/1.1"), and path
[33m2021-02-27 00:02:28,836[m [main] [31mERROR[m com.egehurturk.httpd.HttpRequest - Request does not match HTTP standards. Check the request againand/or read RCF standards. Request should contain at least method ("GET, POST"), HTTP scheme ("HTTP/1.1"), and path
[33m2021-02-27 00:02:28,839[m [main] [31mERROR[m com.egehurturk.httpd.HttpRequest - Request does not match HTTP standards. Check the request againand/or read RCF standards. Request should contain at least method ("GET, POST"), HTTP scheme ("HTTP/1.1"), and path
[33m2021-02-27 00:02:28,841[m [main] [31mERROR[m com.egehurturk.httpd.HttpRequest - Request does not match HTTP standards. Check the request againand/or read RCF standards. Request should contain at least method ("GET, POST"), HTTP scheme ("HTTP/1.1"), and path
[33m2021-02-27 00:02:28,842[m [main] [31mERROR[m com.egehurturk.httpd.HttpRequest - Input stream of client is null, or empty, Check for client connection
[33m2021-02-27 00:02:28,845[m [main] [31mERROR[m com.egehurturk.httpd.HttpRequest - Request does not match HTTP standards. Check the request againand/or read RCF standards. Request should contain at least method ("GET, POST"), HTTP scheme ("HTTP/1.1"), and path
[33m2021-02-27 00:02:28,881[m [main] [31mERROR[m com.egehurturk.handlers.FileResponse - Body of JSON request is empty. Server automatically created JSON body.
[33m2021-02-27 00:02:28,890[m [main] [31mERROR[m com.egehurturk.handlers.FileResponse - Body of JSON request is empty. Server automatically created JSON body.
[33m2021-02-27 00:02:28,897[m [main] [31mERROR[m com.egehurturk.handlers.FileResponse - Body of JSON request is empty. Server automatically created JSON body.
[33m2021-02-27 00:02:28,899[m [main] [31mERROR[m com.egehurturk.handlers.FileResponse - Body of JSON request is empty. Server automatically created JSON body.
[33m2021-02-27 00:02:28,901[m [main] [31mERROR[m com.egehurturk.handlers.FileResponse - Body of JSON request is empty. Server automatically created JSON body.
[33m2021-02-27 00:02:28,912[m [main] [31mERROR[m com.egehurturk.handlers.FileResponse - Body of JSON request is empty. Server automatically created JSON body.
[33m2021-02-27 00:02:28,914[m [main] [31mERROR[m com.egehurturk.handlers.FileResponse - Body of JSON request is empty. Server automatically created JSON body.
[33m2021-02-27 00:02:28,920[m [main] [31mERROR[m com.egehurturk.handlers.FileResponse - Body of JSON request is empty. Server automatically created JSON body.
[33m2021-02-27 00:02:28,923[m [main] [31mERROR[m com.egehurturk.handlers.FileResponse - Body of JSON request is empty. Server automatically created JSON body.
[33m2021-02-27 00:02:28,924[m [main] [31mERROR[m com.egehurturk.handlers.FileResponse - Body of JSON request is empty. Server automatically created JSON body.
[33m2021-02-27 00:02:28,928[m [main] [31mERROR[m com.egehurturk.handlers.FileResponse - Body of JSON request is empty. Server automatically created JSON body.
[33m2021-02-27 00:02:28,931[m [main] [31mERROR[m com.egehurturk.handlers.FileResponse - Body of JSON request is empty. Server automatically created JSON body.
[33m2021-02-27 00:02:28,933[m [main] [31mERROR[m com.egehurturk.handlers.FileResponse - Body of JSON request is empty. Server automatically created JSON body.
[33m2021-02-27 00:02:55,127[m [main] [31mERROR[m com.egehurturk.httpd.HttpServer - Property config file passed as Properties object is null possibly due to configuration file path is not found
[33m2021-02-27 00:02:55,131[m [main] [31mERROR[m com.egehurturk.httpd.HttpServer - Server could not be instantiated (probably due to port conflict) 

java.net.BindException
[33m2021-02-27 00:03:22,047[m [main] [31mERROR[m com.egehurturk.httpd.HttpServer - Property config file passed as Properties object is null possibly due to configuration file path is not found
[33m2021-02-27 00:03:22,053[m [main] [31mERROR[m com.egehurturk.httpd.HttpServer - Server could not be instantiated (probably due to port conflict) 

java.net.BindException
