[33m2021-01-24 13:37:19,744[m [main] [31mERROR[m com.egehurturk.httpd.HttpRequest - Request line (e.g. GET /index HTTP/1.1 is not found
[33m2021-01-24 13:37:19,745[m [main] [31mERROR[m com.egehurturk.httpd.HttpRequest - Request is not valid (check scheme)
[33m2021-01-24 13:37:19,780[m [main] [31mERROR[m com.egehurturk.httpd.HttpRequest - Request is not valid (check scheme)
[33m2021-01-24 13:37:19,784[m [main] [31mERROR[m com.egehurturk.httpd.HttpRequest - Request is not valid (check scheme)
[33m2021-01-24 13:37:19,787[m [main] [31mERROR[m com.egehurturk.httpd.HttpRequest - Request is not valid (check scheme)
[33m2021-01-24 13:37:19,789[m [main] [31mERROR[m com.egehurturk.httpd.HttpRequest - Request is not valid (check scheme)
[33m2021-01-24 13:37:19,792[m [main] [31mERROR[m com.egehurturk.httpd.HttpRequest - Request is not valid (check scheme)
[33m2021-01-24 13:37:19,794[m [main] [31mERROR[m com.egehurturk.httpd.HttpRequest - Request is not valid (check scheme)
[33m2021-01-24 13:37:19,796[m [main] [31mERROR[m com.egehurturk.httpd.HttpRequest - Request is not valid (check scheme)
[33m2021-01-24 13:37:19,802[m [main] [31mERROR[m com.egehurturk.httpd.HttpRequest - Request is not valid (check scheme)
[33m2021-01-24 13:37:19,811[m [main] [31mERROR[m com.egehurturk.httpd.HttpRequest - Request is not valid (check scheme)
[33m2021-01-24 13:37:19,814[m [main] [31mERROR[m com.egehurturk.httpd.HttpRequest - Request is not valid (check scheme)
[33m2021-01-24 13:37:19,817[m [main] [31mERROR[m com.egehurturk.httpd.HttpRequest - Request is not valid (check scheme)
[33m2021-01-24 13:37:19,820[m [main] [31mERROR[m com.egehurturk.httpd.HttpRequest - Request is not valid (check scheme)
[33m2021-01-24 13:37:19,822[m [main] [31mERROR[m com.egehurturk.httpd.HttpRequest - Request is not valid (check scheme)
[33m2021-01-24 13:37:19,823[m [main] [31mERROR[m com.egehurturk.httpd.HttpRequest - Input stream of client is null, or empty, Check for client connection
[33m2021-01-24 13:37:19,825[m [main] [31mERROR[m com.egehurturk.httpd.HttpRequest - Request is not valid (check scheme)
[33m2021-01-24 14:23:36,440[m [main] [31mERROR[m com.egehurturk.httpd.HttpRequest - Request line (e.g. GET /index HTTP/1.1 is not found
[33m2021-01-24 14:23:36,440[m [main] [31mERROR[m com.egehurturk.httpd.HttpRequest - Request is not valid (check scheme)
[33m2021-01-24 14:23:36,472[m [main] [31mERROR[m com.egehurturk.httpd.HttpRequest - Request is not valid (check scheme)
[33m2021-01-24 14:23:36,476[m [main] [31mERROR[m com.egehurturk.httpd.HttpRequest - Request is not valid (check scheme)
[33m2021-01-24 14:23:36,479[m [main] [31mERROR[m com.egehurturk.httpd.HttpRequest - Request is not valid (check scheme)
[33m2021-01-24 14:23:36,482[m [main] [31mERROR[m com.egehurturk.httpd.HttpRequest - Request is not valid (check scheme)
[33m2021-01-24 14:23:36,485[m [main] [31mERROR[m com.egehurturk.httpd.HttpRequest - Request is not valid (check scheme)
[33m2021-01-24 14:23:36,489[m [main] [31mERROR[m com.egehurturk.httpd.HttpRequest - Request is not valid (check scheme)
[33m2021-01-24 14:23:36,493[m [main] [31mERROR[m com.egehurturk.httpd.HttpRequest - Request is not valid (check scheme)
[33m2021-01-24 14:23:36,500[m [main] [31mERROR[m com.egehurturk.httpd.HttpRequest - Request is not valid (check scheme)
[33m2021-01-24 14:23:36,511[m [main] [31mERROR[m com.egehurturk.httpd.HttpRequest - Request is not valid (check scheme)
[33m2021-01-24 14:23:36,515[m [main] [31mERROR[m com.egehurturk.httpd.HttpRequest - Request is not valid (check scheme)
[33m2021-01-24 14:23:36,518[m [main] [31mERROR[m com.egehurturk.httpd.HttpRequest - Request is not valid (check scheme)
[33m2021-01-24 14:23:36,520[m [main] [31mERROR[m com.egehurturk.httpd.HttpRequest - Request is not valid (check scheme)
[33m2021-01-24 14:23:36,523[m [main] [31mERROR[m com.egehurturk.httpd.HttpRequest - Request is not valid (check scheme)
[33m2021-01-24 14:23:36,524[m [main] [31mERROR[m com.egehurturk.httpd.HttpRequest - Input stream of client is null, or empty, Check for client connection
[33m2021-01-24 14:23:36,526[m [main] [31mERROR[m com.egehurturk.httpd.HttpRequest - Request is not valid (check scheme)
[33m2021-01-24 14:24:11,334[m [main] [31mERROR[m com.egehurturk.httpd.HttpRequest - Request line (e.g. GET /index HTTP/1.1 is not found
[33m2021-01-24 14:24:11,336[m [main] [31mERROR[m com.egehurturk.httpd.HttpRequest - Request is not valid (check scheme)
[33m2021-01-24 14:24:11,365[m [main] [31mERROR[m com.egehurturk.httpd.HttpRequest - Request is not valid (check scheme)
[33m2021-01-24 14:24:11,371[m [main] [31mERROR[m com.egehurturk.httpd.HttpRequest - Request is not valid (check scheme)
[33m2021-01-24 14:24:11,374[m [main] [31mERROR[m com.egehurturk.httpd.HttpRequest - Request is not valid (check scheme)
[33m2021-01-24 14:24:11,376[m [main] [31mERROR[m com.egehurturk.httpd.HttpRequest - Request is not valid (check scheme)
[33m2021-01-24 14:24:11,379[m [main] [31mERROR[m com.egehurturk.httpd.HttpRequest - Request is not valid (check scheme)
[33m2021-01-24 14:24:11,381[m [main] [31mERROR[m com.egehurturk.httpd.HttpRequest - Request is not valid (check scheme)
[33m2021-01-24 14:24:11,383[m [main] [31mERROR[m com.egehurturk.httpd.HttpRequest - Request is not valid (check scheme)
[33m2021-01-24 14:24:11,389[m [main] [31mERROR[m com.egehurturk.httpd.HttpRequest - Request is not valid (check scheme)
[33m2021-01-24 14:24:11,399[m [main] [31mERROR[m com.egehurturk.httpd.HttpRequest - Request is not valid (check scheme)
[33m2021-01-24 14:24:11,403[m [main] [31mERROR[m com.egehurturk.httpd.HttpRequest - Request is not valid (check scheme)
[33m2021-01-24 14:24:11,406[m [main] [31mERROR[m com.egehurturk.httpd.HttpRequest - Request is not valid (check scheme)
[33m2021-01-24 14:24:11,409[m [main] [31mERROR[m com.egehurturk.httpd.HttpRequest - Request is not valid (check scheme)
[33m2021-01-24 14:24:11,412[m [main] [31mERROR[m com.egehurturk.httpd.HttpRequest - Request is not valid (check scheme)
[33m2021-01-24 14:24:11,413[m [main] [31mERROR[m com.egehurturk.httpd.HttpRequest - Input stream of client is null, or empty, Check for client connection
[33m2021-01-24 14:24:11,415[m [main] [31mERROR[m com.egehurturk.httpd.HttpRequest - Request is not valid (check scheme)
[33m2021-01-24 19:15:37,881[m [pool-2-thread-13] [31mERROR[m com.egehurturk.httpd.HttpRequest - Input stream of client is null, or empty, Check for client connection
[33m2021-01-24 19:15:37,883[m [pool-2-thread-13] [31mERROR[m com.egehurturk.handlers.HttpController - An exception occured in HttpController with error HttpRequestException, with probably due to {HttpRequest}
